#
# There is insufficient memory for the Java Runtime Environment to continue.
# Native memory allocation (mmap) failed to map 130023424 bytes for committing reserved memory.
# Possible reasons:
#   The system is out of physical RAM or swap space
#   The process is running with CompressedOops enabled, and the Java Heap may be blocking the growth of the native heap
# Possible solutions:
#   Reduce memory load on the system
#   Increase physical memory or swap space
#   Check if swap backing store is full
#   Decrease Java heap size (-Xmx/-Xms)
#   Decrease number of Java threads
#   Decrease Java thread stack sizes (-Xss)
#   Set larger code cache with -XX:ReservedCodeCacheSize=
# This output file may be truncated or incomplete.
#
#  Out of Memory Error (os_linux.cpp:2893), pid=5493, tid=5494
#
# JRE version:  (11.0.4+11) (build )
# Java VM: OpenJDK 64-Bit Server VM (11.0.4+11-post-Ubuntu-1ubuntu218.04.3, mixed mode, aot, sharing, tiered, compressed oops, g1 gc, linux-amd64)
# Core dump will be written. Default location: Core dumps may be processed with "/usr/share/apport/apport %p %s %c %d %P" (or dumping to /home/fatemeh/EDC/aagaTME3/core.5493)
#

---------------  S U M M A R Y ------------

Command Line: supportGUI.DiskGraphsViewer -nbPoints 1000 -edgeThreshold 55

Host: Intel(R) Core(TM) i7-6500U CPU @ 2.50GHz, 4 cores, 7G, Ubuntu 18.04.3 LTS
Time: Wed Oct 23 01:10:20 2019 CEST elapsed time: 0 seconds (0d 0h 0m 0s)

---------------  T H R E A D  ---------------

Current thread (0x00007f7594012000):  JavaThread "Unknown thread" [_thread_in_vm, id=5494, stack(0x00007f759d4e2000,0x00007f759d5e3000)]

Stack: [0x00007f759d4e2000,0x00007f759d5e3000],  sp=0x00007f759d5e12c0,  free space=1020k
Native frames: (J=compiled Java code, A=aot compiled Java code, j=interpreted, Vv=VM code, C=native code)
V  [libjvm.so+0xde4547]
V  [libjvm.so+0xde519b]
V  [libjvm.so+0x6511a5]
V  [libjvm.so+0xbbed38]
V  [libjvm.so+0xbb5ebd]
V  [libjvm.so+0x76f53f]
V  [libjvm.so+0x76f7ae]
V  [libjvm.so+0x77b820]
V  [libjvm.so+0x7f6969]
V  [libjvm.so+0x7f75c2]
V  [libjvm.so+0x7f7a29]
V  [libjvm.so+0x72de6f]
V  [libjvm.so+0x72e55d]
V  [libjvm.so+0xd9ea32]
V  [libjvm.so+0xd9ecc6]
V  [libjvm.so+0x80f907]
V  [libjvm.so+0xd7d627]
V  [libjvm.so+0x8c8611]  JNI_CreateJavaVM+0x51
C  [libjli.so+0x4a66]
C  [libjli.so+0x92cd]


---------------  P R O C E S S  ---------------

Threads class SMR info:
_java_thread_list=0x0000565112ebe030, length=0, elements={
}

Java Threads: ( => current thread )

Other Threads:
  0x00007f7594028800 GCTaskThread "GC Thread#0" [stack: 0x00007f75994db000,0x00007f75995db000] [id=5495]
  0x00007f7594059800 ConcurrentGCThread "G1 Main Marker" [stack: 0x00007f759844d000,0x00007f759854d000] [id=5496]
  0x00007f759405b000 ConcurrentGCThread "G1 Conc#0" [stack: 0x00007f759834b000,0x00007f759844b000] [id=5497]

[error occurred during error reporting (printing all threads), id 0xb, SIGSEGV (0xb) at pc=0x00007f759bac9040]

VM state:not at safepoint (not fully initialized)

VM Mutex/Monitor currently owned by a thread:  ([mutex/lock_event])
[0x00007f759400ec40] Heap_lock - owner thread: 0x00007f7594012000

Heap address: 0x0000000085000000, size: 1968 MB, Compressed Oops mode: Non-zero based: 0x0000000085000000
Narrow klass base: 0x0000000000000000, Narrow klass shift: 0

GC Heap History (0 events):
No events

Deoptimization events (0 events):
No events

Classes redefined (0 events):
No events

Internal exceptions (0 events):
No events

Events (0 events):
No events


Dynamic libraries:
8cc00000-100000000 ---p 00000000 00:00 0 
565112117000-565112118000 r-xp 00000000 08:05 660721                     /usr/lib/jvm/java-11-openjdk-amd64/bin/java
565112318000-565112319000 r--p 00001000 08:05 660721                     /usr/lib/jvm/java-11-openjdk-amd64/bin/java
565112319000-56511231a000 rw-p 00002000 08:05 660721                     /usr/lib/jvm/java-11-openjdk-amd64/bin/java
565112ea6000-565112ec7000 rw-p 00000000 00:00 0                          [heap]
7f7568000000-7f7568021000 rw-p 00000000 00:00 0 
7f7568021000-7f756c000000 ---p 00000000 00:00 0 
7f756e000000-7f7570000000 rw-p 00000000 00:00 0 
7f7570000000-7f7570021000 rw-p 00000000 00:00 0 
7f7570021000-7f7574000000 ---p 00000000 00:00 0 
7f7574280000-7f7578000000 ---p 00000000 00:00 0 
7f7578000000-7f7578021000 rw-p 00000000 00:00 0 
7f7578021000-7f757c000000 ---p 00000000 00:00 0 
7f757c855000-7f757c956000 rw-p 00000000 00:00 0 
7f757c956000-7f757cbc6000 rwxp 00000000 00:00 0 
7f757cbc6000-7f757cee6000 ---p 00000000 00:00 0 
7f757cee6000-7f757d156000 rwxp 00000000 00:00 0 
7f757d156000-7f758441e000 ---p 00000000 00:00 0 
7f758441e000-7f758468e000 rwxp 00000000 00:00 0 
7f758468e000-7f758b956000 ---p 00000000 00:00 0 
7f758b956000-7f7594000000 r--s 00000000 08:05 660889                     /usr/lib/jvm/java-11-openjdk-amd64/lib/modules
7f7594000000-7f7594076000 rw-p 00000000 00:00 0 
7f7594076000-7f7598000000 ---p 00000000 00:00 0 
7f7598046000-7f7598349000 rw-p 00000000 00:00 0 
7f7598349000-7f759834a000 ---p 00000000 00:00 0 
7f759834a000-7f759844b000 rw-p 00000000 00:00 0 
7f759844b000-7f759844c000 ---p 00000000 00:00 0 
7f759844c000-7f759854d000 rw-p 00000000 00:00 0 
7f759854d000-7f75990d5000 ---p 00000000 00:00 0 
7f75990d5000-7f75994d9000 rw-p 00000000 00:00 0 
7f75994d9000-7f75994da000 ---p 00000000 00:00 0 
7f75994da000-7f75995e0000 rw-p 00000000 00:00 0 
7f75995e0000-7f75996c6000 ---p 00000000 00:00 0 
7f75996c6000-7f75996cb000 rw-p 00000000 00:00 0 
7f75996cb000-7f75997b1000 ---p 00000000 00:00 0 
7f75997b1000-7f75997b6000 r-xp 00000000 08:05 660870                     /usr/lib/jvm/java-11-openjdk-amd64/lib/libjimage.so
7f75997b6000-7f75999b5000 ---p 00005000 08:05 660870                     /usr/lib/jvm/java-11-openjdk-amd64/lib/libjimage.so
7f75999b5000-7f75999b6000 r--p 00004000 08:05 660870                     /usr/lib/jvm/java-11-openjdk-amd64/lib/libjimage.so
7f75999b6000-7f75999b7000 rw-p 00005000 08:05 660870                     /usr/lib/jvm/java-11-openjdk-amd64/lib/libjimage.so
7f75999b7000-7f75999be000 r-xp 00000000 08:05 660888                     /usr/lib/jvm/java-11-openjdk-amd64/lib/libzip.so
7f75999be000-7f7599bbd000 ---p 00007000 08:05 660888                     /usr/lib/jvm/java-11-openjdk-amd64/lib/libzip.so
7f7599bbd000-7f7599bbe000 r--p 00006000 08:05 660888                     /usr/lib/jvm/java-11-openjdk-amd64/lib/libzip.so
7f7599bbe000-7f7599bbf000 rw-p 00007000 08:05 660888                     /usr/lib/jvm/java-11-openjdk-amd64/lib/libzip.so
7f7599bbf000-7f7599bca000 r-xp 00000000 08:05 6296680                    /lib/x86_64-linux-gnu/libnss_files-2.27.so
7f7599bca000-7f7599dc9000 ---p 0000b000 08:05 6296680                    /lib/x86_64-linux-gnu/libnss_files-2.27.so
7f7599dc9000-7f7599dca000 r--p 0000a000 08:05 6296680                    /lib/x86_64-linux-gnu/libnss_files-2.27.so
7f7599dca000-7f7599dcb000 rw-p 0000b000 08:05 6296680                    /lib/x86_64-linux-gnu/libnss_files-2.27.so
7f7599dcb000-7f7599dd1000 rw-p 00000000 00:00 0 
7f7599dd1000-7f7599de8000 r-xp 00000000 08:05 6296674                    /lib/x86_64-linux-gnu/libnsl-2.27.so
7f7599de8000-7f7599fe7000 ---p 00017000 08:05 6296674                    /lib/x86_64-linux-gnu/libnsl-2.27.so
7f7599fe7000-7f7599fe8000 r--p 00016000 08:05 6296674                    /lib/x86_64-linux-gnu/libnsl-2.27.so
7f7599fe8000-7f7599fe9000 rw-p 00017000 08:05 6296674                    /lib/x86_64-linux-gnu/libnsl-2.27.so
7f7599fe9000-7f7599feb000 rw-p 00000000 00:00 0 
7f7599feb000-7f7599ff6000 r-xp 00000000 08:05 6296691                    /lib/x86_64-linux-gnu/libnss_nis-2.27.so
7f7599ff6000-7f759a1f5000 ---p 0000b000 08:05 6296691                    /lib/x86_64-linux-gnu/libnss_nis-2.27.so
7f759a1f5000-7f759a1f6000 r--p 0000a000 08:05 6296691                    /lib/x86_64-linux-gnu/libnss_nis-2.27.so
7f759a1f6000-7f759a1f7000 rw-p 0000b000 08:05 6296691                    /lib/x86_64-linux-gnu/libnss_nis-2.27.so
7f759a1f7000-7f759a1ff000 r-xp 00000000 08:05 6296676                    /lib/x86_64-linux-gnu/libnss_compat-2.27.so
7f759a1ff000-7f759a3ff000 ---p 00008000 08:05 6296676                    /lib/x86_64-linux-gnu/libnss_compat-2.27.so
7f759a3ff000-7f759a400000 r--p 00008000 08:05 6296676                    /lib/x86_64-linux-gnu/libnss_compat-2.27.so
7f759a400000-7f759a401000 rw-p 00009000 08:05 6296676                    /lib/x86_64-linux-gnu/libnss_compat-2.27.so
7f759a401000-7f759a42a000 r-xp 00000000 08:05 660866                     /usr/lib/jvm/java-11-openjdk-amd64/lib/libjava.so
7f759a42a000-7f759a629000 ---p 00029000 08:05 660866                     /usr/lib/jvm/java-11-openjdk-amd64/lib/libjava.so
7f759a629000-7f759a62a000 r--p 00028000 08:05 660866                     /usr/lib/jvm/java-11-openjdk-amd64/lib/libjava.so
7f759a62a000-7f759a62c000 rw-p 00029000 08:05 660866                     /usr/lib/jvm/java-11-openjdk-amd64/lib/libjava.so
7f759a62c000-7f759a639000 r-xp 00000000 08:05 660887                     /usr/lib/jvm/java-11-openjdk-amd64/lib/libverify.so
7f759a639000-7f759a838000 ---p 0000d000 08:05 660887                     /usr/lib/jvm/java-11-openjdk-amd64/lib/libverify.so
7f759a838000-7f759a83a000 r--p 0000c000 08:05 660887                     /usr/lib/jvm/java-11-openjdk-amd64/lib/libverify.so
7f759a83a000-7f759a83b000 rw-p 0000e000 08:05 660887                     /usr/lib/jvm/java-11-openjdk-amd64/lib/libverify.so
7f759a83b000-7f759a842000 r-xp 00000000 08:05 6296731                    /lib/x86_64-linux-gnu/librt-2.27.so
7f759a842000-7f759aa41000 ---p 00007000 08:05 6296731                    /lib/x86_64-linux-gnu/librt-2.27.so
7f759aa41000-7f759aa42000 r--p 00006000 08:05 6296731                    /lib/x86_64-linux-gnu/librt-2.27.so
7f759aa42000-7f759aa43000 rw-p 00007000 08:05 6296731                    /lib/x86_64-linux-gnu/librt-2.27.so
7f759aa43000-7f759aa5a000 r-xp 00000000 08:05 6296627                    /lib/x86_64-linux-gnu/libgcc_s.so.1
7f759aa5a000-7f759ac59000 ---p 00017000 08:05 6296627                    /lib/x86_64-linux-gnu/libgcc_s.so.1
7f759ac59000-7f759ac5a000 r--p 00016000 08:05 6296627                    /lib/x86_64-linux-gnu/libgcc_s.so.1
7f759ac5a000-7f759ac5b000 rw-p 00017000 08:05 6296627                    /lib/x86_64-linux-gnu/libgcc_s.so.1
7f759ac5b000-7f759adf8000 r-xp 00000000 08:05 6296653                    /lib/x86_64-linux-gnu/libm-2.27.so
7f759adf8000-7f759aff7000 ---p 0019d000 08:05 6296653                    /lib/x86_64-linux-gnu/libm-2.27.so
7f759aff7000-7f759aff8000 r--p 0019c000 08:05 6296653                    /lib/x86_64-linux-gnu/libm-2.27.so
7f759aff8000-7f759aff9000 rw-p 0019d000 08:05 6296653                    /lib/x86_64-linux-gnu/libm-2.27.so
7f759aff9000-7f759b172000 r-xp 00000000 08:05 665498                     /usr/lib/x86_64-linux-gnu/libstdc++.so.6.0.25
7f759b172000-7f759b372000 ---p 00179000 08:05 665498                     /usr/lib/x86_64-linux-gnu/libstdc++.so.6.0.25
7f759b372000-7f759b37c000 r--p 00179000 08:05 665498                     /usr/lib/x86_64-linux-gnu/libstdc++.so.6.0.25
7f759b37c000-7f759b37e000 rw-p 00183000 08:05 665498                     /usr/lib/x86_64-linux-gnu/libstdc++.so.6.0.25
7f759b37e000-7f759b382000 rw-p 00000000 00:00 0 
7f759b382000-7f759c44e000 r-xp 00000000 08:05 660894                     /usr/lib/jvm/java-11-openjdk-amd64/lib/server/libjvm.so
7f759c44e000-7f759c64d000 ---p 010cc000 08:05 660894                     /usr/lib/jvm/java-11-openjdk-amd64/lib/server/libjvm.so
7f759c64d000-7f759c70a000 r--p 010cb000 08:05 660894                     /usr/lib/jvm/java-11-openjdk-amd64/lib/server/libjvm.so
7f759c70a000-7f759c743000 rw-p 01188000 08:05 660894                     /usr/lib/jvm/java-11-openjdk-amd64/lib/server/libjvm.so
7f759c743000-7f759c799000 rw-p 00000000 00:00 0 
7f759c799000-7f759c7b3000 r-xp 00000000 08:05 6296723                    /lib/x86_64-linux-gnu/libpthread-2.27.so
7f759c7b3000-7f759c9b2000 ---p 0001a000 08:05 6296723                    /lib/x86_64-linux-gnu/libpthread-2.27.so
7f759c9b2000-7f759c9b3000 r--p 00019000 08:05 6296723                    /lib/x86_64-linux-gnu/libpthread-2.27.so
7f759c9b3000-7f759c9b4000 rw-p 0001a000 08:05 6296723                    /lib/x86_64-linux-gnu/libpthread-2.27.so
7f759c9b4000-7f759c9b8000 rw-p 00000000 00:00 0 
7f759c9b8000-7f759c9bb000 r-xp 00000000 08:05 6296613                    /lib/x86_64-linux-gnu/libdl-2.27.so
7f759c9bb000-7f759cbba000 ---p 00003000 08:05 6296613                    /lib/x86_64-linux-gnu/libdl-2.27.so
7f759cbba000-7f759cbbb000 r--p 00002000 08:05 6296613                    /lib/x86_64-linux-gnu/libdl-2.27.so
7f759cbbb000-7f759cbbc000 rw-p 00003000 08:05 6296613                    /lib/x86_64-linux-gnu/libdl-2.27.so
7f759cbbc000-7f759cbd8000 r-xp 00000000 08:05 6296762                    /lib/x86_64-linux-gnu/libz.so.1.2.11
7f759cbd8000-7f759cdd7000 ---p 0001c000 08:05 6296762                    /lib/x86_64-linux-gnu/libz.so.1.2.11
7f759cdd7000-7f759cdd8000 r--p 0001b000 08:05 6296762                    /lib/x86_64-linux-gnu/libz.so.1.2.11
7f759cdd8000-7f759cdd9000 rw-p 0001c000 08:05 6296762                    /lib/x86_64-linux-gnu/libz.so.1.2.11
7f759cdd9000-7f759cfc0000 r-xp 00000000 08:05 6296590                    /lib/x86_64-linux-gnu/libc-2.27.so
7f759cfc0000-7f759d1c0000 ---p 001e7000 08:05 6296590                    /lib/x86_64-linux-gnu/libc-2.27.so
7f759d1c0000-7f759d1c4000 r--p 001e7000 08:05 6296590                    /lib/x86_64-linux-gnu/libc-2.27.so
7f759d1c4000-7f759d1c6000 rw-p 001eb000 08:05 6296590                    /lib/x86_64-linux-gnu/libc-2.27.so
7f759d1c6000-7f759d1ca000 rw-p 00000000 00:00 0 
7f759d1ca000-7f759d1da000 r-xp 00000000 08:05 660850                     /usr/lib/jvm/java-11-openjdk-amd64/lib/jli/libjli.so
7f759d1da000-7f759d3d9000 ---p 00010000 08:05 660850                     /usr/lib/jvm/java-11-openjdk-amd64/lib/jli/libjli.so
7f759d3d9000-7f759d3da000 r--p 0000f000 08:05 660850                     /usr/lib/jvm/java-11-openjdk-amd64/lib/jli/libjli.so
7f759d3da000-7f759d3db000 rw-p 00010000 08:05 660850                     /usr/lib/jvm/java-11-openjdk-amd64/lib/jli/libjli.so
7f759d3db000-7f759d402000 r-xp 00000000 08:05 6296562                    /lib/x86_64-linux-gnu/ld-2.27.so
7f759d4a0000-7f759d4e2000 rw-p 00000000 00:00 0 
7f759d4e2000-7f759d4e6000 ---p 00000000 00:00 0 
7f759d4e6000-7f759d5e5000 rw-p 00000000 00:00 0 
7f759d5e8000-7f759d5ed000 rw-p 00000000 00:00 0 
7f759d5ed000-7f759d5f4000 ---p 00000000 00:00 0 
7f759d5f4000-7f759d5f6000 r--s 00007000 08:05 1055455                    /usr/share/java/java-atk-wrapper.jar
7f759d5f6000-7f759d5fe000 rw-s 00000000 08:05 2625128                    /tmp/hsperfdata_fatemeh/5493
7f759d5fe000-7f759d5ff000 ---p 00000000 00:00 0 
7f759d5ff000-7f759d600000 r--p 00000000 00:00 0 
7f759d600000-7f759d602000 rw-p 00000000 00:00 0 
7f759d602000-7f759d603000 r--p 00027000 08:05 6296562                    /lib/x86_64-linux-gnu/ld-2.27.so
7f759d603000-7f759d604000 rw-p 00028000 08:05 6296562                    /lib/x86_64-linux-gnu/ld-2.27.so
7f759d604000-7f759d605000 rw-p 00000000 00:00 0 
7fff1c664000-7fff1c685000 rw-p 00000000 00:00 0                          [stack]
7fff1c694000-7fff1c697000 r--p 00000000 00:00 0                          [vvar]
7fff1c697000-7fff1c698000 r-xp 00000000 00:00 0                          [vdso]
ffffffffff600000-ffffffffff601000 r-xp 00000000 00:00 0                  [vsyscall]


VM Arguments:
java_command: supportGUI.DiskGraphsViewer -nbPoints 1000 -edgeThreshold 55
java_class_path (initial): /home/fatemeh/EDC/aagaTME3/javabeans:/home/fatemeh/EDC/aagaTME3/jars/supportGUI.jar
Launcher Type: SUN_STANDARD

[Global flags]
     intx CICompilerCount                          = 3                                         {product} {ergonomic}
     uint ConcGCThreads                            = 1                                         {product} {ergonomic}
     uint G1ConcRefinementThreads                  = 4                                         {product} {ergonomic}
   size_t G1HeapRegionSize                         = 1048576                                   {product} {ergonomic}
    uintx GCDrainStackTargetSize                   = 64                                        {product} {ergonomic}
   size_t InitialHeapSize                          = 130023424                                 {product} {ergonomic}
   size_t MarkStackSize                            = 4194304                                   {product} {ergonomic}
   size_t MaxHeapSize                              = 2063597568                                {product} {ergonomic}
   size_t MinHeapDeltaBytes                        = 1048576                                   {product} {ergonomic}
    uintx NonNMethodCodeHeapSize                   = 5830092                                {pd product} {ergonomic}
    uintx NonProfiledCodeHeapSize                  = 122914074                              {pd product} {ergonomic}
    uintx ProfiledCodeHeapSize                     = 122914074                              {pd product} {ergonomic}
    uintx ReservedCodeCacheSize                    = 251658240                              {pd product} {ergonomic}
     bool SegmentedCodeCache                       = true                                      {product} {ergonomic}
     bool UseCompressedClassPointers               = true                                 {lp64_product} {ergonomic}
     bool UseCompressedOops                        = true                                 {lp64_product} {ergonomic}
     bool UseG1GC                                  = true                                      {product} {ergonomic}

Logging:
Log output configuration:
 #0: stdout all=warning uptime,level,tags
 #1: stderr all=off uptime,level,tags

Environment Variables:
PATH=/usr/local/sbin:/usr/local/bin:/usr/sbin:/usr/bin:/sbin:/bin:/usr/games:/usr/local/games:/snap/bin
SHELL=/bin/bash
DISPLAY=:0

Signal Handlers:
SIGSEGV: [libjvm.so+0xde5f50], sa_mask[0]=11111111011111111101111111111110, sa_flags=SA_RESTART|SA_SIGINFO
SIGBUS: [libjvm.so+0xde5f50], sa_mask[0]=11111111011111111101111111111110, sa_flags=SA_RESTART|SA_SIGINFO
SIGFPE: [libjvm.so+0xde5f50], sa_mask[0]=11111111011111111101111111111110, sa_flags=SA_RESTART|SA_SIGINFO
SIGPIPE: [libjvm.so+0xbba5b0], sa_mask[0]=11111111011111111101111111111110, sa_flags=SA_RESTART|SA_SIGINFO
SIGXFSZ: [libjvm.so+0xbba5b0], sa_mask[0]=11111111011111111101111111111110, sa_flags=SA_RESTART|SA_SIGINFO
SIGILL: [libjvm.so+0xde5f50], sa_mask[0]=11111111011111111101111111111110, sa_flags=SA_RESTART|SA_SIGINFO
SIGUSR2: [libjvm.so+0xbba450], sa_mask[0]=00100000000000000000000000000000, sa_flags=SA_RESTART|SA_SIGINFO
SIGHUP: SIG_DFL, sa_mask[0]=00000000000000000000000000000000, sa_flags=none
SIGINT: SIG_DFL, sa_mask[0]=00000000000000000000000000000000, sa_flags=none
SIGTERM: SIG_DFL, sa_mask[0]=00000000000000000000000000000000, sa_flags=none
SIGQUIT: SIG_DFL, sa_mask[0]=00000000000000000000000000000000, sa_flags=none


---------------  S Y S T E M  ---------------

OS:DISTRIB_ID=Ubuntu
DISTRIB_RELEASE=18.04
DISTRIB_CODENAME=bionic
DISTRIB_DESCRIPTION="Ubuntu 18.04.3 LTS"
uname:Linux 5.0.0-29-generic #31~18.04.1-Ubuntu SMP Thu Sep 12 18:29:21 UTC 2019 x86_64
libc:glibc 2.27 NPTL 2.27 
rlimit: STACK 8192k, CORE 0k, NPROC 31284, NOFILE 1048576, AS infinity, DATA infinity, FSIZE infinity
load average:1.42 1.11 1.03

/proc/meminfo:
MemTotal:        8056592 kB
MemFree:          106912 kB
MemAvailable:      13568 kB
Buffers:            1524 kB
Cached:          1265124 kB
SwapCached:        34680 kB
Active:          6568440 kB
Inactive:         935308 kB
Active(anon):    6553192 kB
Inactive(anon):   919472 kB
Active(file):      15248 kB
Inactive(file):    15836 kB
Unevictable:       35452 kB
Mlocked:             112 kB
SwapTotal:       2097148 kB
SwapFree:              0 kB
Dirty:                96 kB
Writeback:             4 kB
AnonPages:       6238192 kB
Mapped:           419108 kB
Shmem:           1235396 kB
KReclaimable:      62656 kB
Slab:             162896 kB
SReclaimable:      62656 kB
SUnreclaim:       100240 kB
KernelStack:       26320 kB
PageTables:       122772 kB
NFS_Unstable:          0 kB
Bounce:                0 kB
WritebackTmp:          0 kB
CommitLimit:     6125444 kB
Committed_AS:   22466072 kB
VmallocTotal:   34359738367 kB
VmallocUsed:           0 kB
VmallocChunk:          0 kB
Percpu:             1168 kB
HardwareCorrupted:     0 kB
AnonHugePages:         0 kB
ShmemHugePages:        0 kB
ShmemPmdMapped:        0 kB
CmaTotal:              0 kB
CmaFree:               0 kB
HugePages_Total:       0
HugePages_Free:        0
HugePages_Rsvd:        0
HugePages_Surp:        0
Hugepagesize:       2048 kB
Hugetlb:               0 kB
DirectMap4k:      601684 kB
DirectMap2M:     7677952 kB
DirectMap1G:           0 kB


/proc/sys/kernel/threads-max (system-wide limit on the number of threads):
62568


/proc/sys/vm/max_map_count (maximum number of memory map areas a process may have):
65530


/proc/sys/kernel/pid_max (system-wide limit on number of process identifiers):
32768



container (cgroup) information:
container_type: cgroupv1
cpu_cpuset_cpus: 0-3
cpu_memory_nodes: 0
active_processor_count: 4
cpu_quota: -1
cpu_period: 100000
cpu_shares: -1
memory_limit_in_bytes: -1
memory_and_swap_limit_in_bytes: -2
memory_soft_limit_in_bytes: -1
memory_usage_in_bytes: 7720529920
memory_max_usage_in_bytes: 10814263296

Steal ticks since vm start: 0
Steal ticks percentage since vm start:  0.000

CPU:total 4 (initial active 4) (2 cores per cpu, 2 threads per core) family 6 model 78 stepping 3, cmov, cx8, fxsr, mmx, sse, sse2, sse3, ssse3, sse4.1, sse4.2, popcnt, avx, avx2, aes, clmul, erms, 3dnowpref, lzcnt, ht, tsc, tscinvbit, bmi1, bmi2, adx, fma
CPU Model and flags from /proc/cpuinfo:
model name	: Intel(R) Core(TM) i7-6500U CPU @ 2.50GHz
flags		: fpu vme de pse tsc msr pae mce cx8 apic sep mtrr pge mca cmov pat pse36 clflush dts acpi mmx fxsr sse sse2 ss ht tm pbe syscall nx pdpe1gb rdtscp lm constant_tsc art arch_perfmon pebs bts rep_good nopl xtopology nonstop_tsc cpuid aperfmperf tsc_known_freq pni pclmulqdq dtes64 monitor ds_cpl vmx est tm2 ssse3 sdbg fma cx16 xtpr pdcm pcid sse4_1 sse4_2 x2apic movbe popcnt tsc_deadline_timer aes xsave avx f16c rdrand lahf_lm abm 3dnowprefetch cpuid_fault epb invpcid_single pti ssbd ibrs ibpb stibp tpr_shadow vnmi flexpriority ept vpid ept_ad fsgsbase tsc_adjust bmi1 avx2 smep bmi2 erms invpcid mpx rdseed adx smap clflushopt intel_pt xsaveopt xsavec xgetbv1 xsaves dtherm ida arat pln pts hwp hwp_notify hwp_act_window hwp_epp md_clear flush_l1d

Memory: 4k page, physical 8056592k(107092k free), swap 2097148k(0k free)

vm_info: OpenJDK 64-Bit Server VM (11.0.4+11-post-Ubuntu-1ubuntu218.04.3) for linux-amd64 JRE (11.0.4+11-post-Ubuntu-1ubuntu218.04.3), built on Jul 18 2019 18:21:46 by "buildd" with gcc 7.4.0

END.
