#
# There is insufficient memory for the Java Runtime Environment to continue.
# Native memory allocation (mmap) failed to map 130023424 bytes for committing reserved memory.
# Possible reasons:
#   The system is out of physical RAM or swap space
#   The process is running with CompressedOops enabled, and the Java Heap may be blocking the growth of the native heap
# Possible solutions:
#   Reduce memory load on the system
#   Increase physical memory or swap space
#   Check if swap backing store is full
#   Decrease Java heap size (-Xmx/-Xms)
#   Decrease number of Java threads
#   Decrease Java thread stack sizes (-Xss)
#   Set larger code cache with -XX:ReservedCodeCacheSize=
# This output file may be truncated or incomplete.
#
#  Out of Memory Error (os_linux.cpp:2893), pid=10116, tid=10121
#
# JRE version:  (11.0.4+11) (build )
# Java VM: OpenJDK 64-Bit Server VM (11.0.4+11-post-Ubuntu-1ubuntu218.04.3, mixed mode, aot, sharing, tiered, compressed oops, g1 gc, linux-amd64)
# Core dump will be written. Default location: Core dumps may be processed with "/usr/share/apport/apport %p %s %c %d %P" (or dumping to /home/fatemeh/EDC/aagaTME3/core.10116)
#

---------------  S U M M A R Y ------------

Command Line: supportGUI.DiskGraphsViewer -nbPoints 1000 -edgeThreshold 55

Host: Intel(R) Core(TM) i7-6500U CPU @ 2.50GHz, 4 cores, 7G, Ubuntu 18.04.3 LTS
Time: Sun Oct 20 22:07:05 2019 CEST elapsed time: 0 seconds (0d 0h 0m 0s)

---------------  T H R E A D  ---------------

Current thread (0x00007fda1c012000):  JavaThread "Unknown thread" [_thread_in_vm, id=10121, stack(0x00007fda266f8000,0x00007fda267f9000)]

Stack: [0x00007fda266f8000,0x00007fda267f9000],  sp=0x00007fda267f72c0,  free space=1020k
Native frames: (J=compiled Java code, A=aot compiled Java code, j=interpreted, Vv=VM code, C=native code)
V  [libjvm.so+0xde4547]
V  [libjvm.so+0xde519b]
V  [libjvm.so+0x6511a5]
V  [libjvm.so+0xbbed38]
V  [libjvm.so+0xbb5ebd]
V  [libjvm.so+0x76f53f]
V  [libjvm.so+0x76f7ae]
V  [libjvm.so+0x77b820]
V  [libjvm.so+0x7f6969]
V  [libjvm.so+0x7f75c2]
V  [libjvm.so+0x7f7a29]
V  [libjvm.so+0x72de6f]
V  [libjvm.so+0x72e55d]
V  [libjvm.so+0xd9ea32]
V  [libjvm.so+0xd9ecc6]
V  [libjvm.so+0x80f907]
V  [libjvm.so+0xd7d627]
V  [libjvm.so+0x8c8611]  JNI_CreateJavaVM+0x51
C  [libjli.so+0x4a66]
C  [libjli.so+0x92cd]


---------------  P R O C E S S  ---------------

Threads class SMR info:
_java_thread_list=0x000055ecea25e030, length=0, elements={
}

Java Threads: ( => current thread )

Other Threads:
  0x00007fda1c028800 GCTaskThread "GC Thread#0" [stack: 0x00007fda226f1000,0x00007fda227f1000] [id=10122]
  0x00007fda1c059800 ConcurrentGCThread "G1 Main Marker" [stack: 0x00007fda21663000,0x00007fda21763000] [id=10123]
  0x00007fda1c05b000 ConcurrentGCThread "G1 Conc#0" [stack: 0x00007fda21561000,0x00007fda21661000] [id=10124]

[error occurred during error reporting (printing all threads), id 0xb, SIGSEGV (0xb) at pc=0x00007fda24cdf040]

VM state:not at safepoint (not fully initialized)

VM Mutex/Monitor currently owned by a thread:  ([mutex/lock_event])
[0x00007fda1c00ec40] Heap_lock - owner thread: 0x00007fda1c012000

Heap address: 0x0000000085000000, size: 1968 MB, Compressed Oops mode: Non-zero based: 0x0000000085000000
Narrow klass base: 0x0000000000000000, Narrow klass shift: 0

GC Heap History (0 events):
No events

Deoptimization events (0 events):
No events

Classes redefined (0 events):
No events

Internal exceptions (0 events):
No events

Events (0 events):
No events


Dynamic libraries:
8cc00000-100000000 ---p 00000000 00:00 0 
55ece8eff000-55ece8f00000 r-xp 00000000 08:05 660721                     /usr/lib/jvm/java-11-openjdk-amd64/bin/java
55ece9100000-55ece9101000 r--p 00001000 08:05 660721                     /usr/lib/jvm/java-11-openjdk-amd64/bin/java
55ece9101000-55ece9102000 rw-p 00002000 08:05 660721                     /usr/lib/jvm/java-11-openjdk-amd64/bin/java
55ecea246000-55ecea267000 rw-p 00000000 00:00 0                          [heap]
7fd9f0000000-7fd9f0021000 rw-p 00000000 00:00 0 
7fd9f0021000-7fd9f4000000 ---p 00000000 00:00 0 
7fd9f6000000-7fd9f8000000 rw-p 00000000 00:00 0 
7fd9f8000000-7fd9f8021000 rw-p 00000000 00:00 0 
7fd9f8021000-7fd9fc000000 ---p 00000000 00:00 0 
7fd9fc280000-7fda00000000 ---p 00000000 00:00 0 
7fda00000000-7fda00021000 rw-p 00000000 00:00 0 
7fda00021000-7fda04000000 ---p 00000000 00:00 0 
7fda04956000-7fda04bc6000 rwxp 00000000 00:00 0 
7fda04bc6000-7fda04ee6000 ---p 00000000 00:00 0 
7fda04ee6000-7fda05156000 rwxp 00000000 00:00 0 
7fda05156000-7fda0c41e000 ---p 00000000 00:00 0 
7fda0c41e000-7fda0c68e000 rwxp 00000000 00:00 0 
7fda0c68e000-7fda13956000 ---p 00000000 00:00 0 
7fda13956000-7fda1c000000 r--s 00000000 08:05 660889                     /usr/lib/jvm/java-11-openjdk-amd64/lib/modules
7fda1c000000-7fda1c076000 rw-p 00000000 00:00 0 
7fda1c076000-7fda20000000 ---p 00000000 00:00 0 
7fda2115b000-7fda2155f000 rw-p 00000000 00:00 0 
7fda2155f000-7fda21560000 ---p 00000000 00:00 0 
7fda21560000-7fda21661000 rw-p 00000000 00:00 0 
7fda21661000-7fda21662000 ---p 00000000 00:00 0 
7fda21662000-7fda21763000 rw-p 00000000 00:00 0 
7fda21763000-7fda222eb000 ---p 00000000 00:00 0 
7fda222eb000-7fda226ef000 rw-p 00000000 00:00 0 
7fda226ef000-7fda226f0000 ---p 00000000 00:00 0 
7fda226f0000-7fda227f6000 rw-p 00000000 00:00 0 
7fda227f6000-7fda228dc000 ---p 00000000 00:00 0 
7fda228dc000-7fda228e1000 rw-p 00000000 00:00 0 
7fda228e1000-7fda229c7000 ---p 00000000 00:00 0 
7fda229c7000-7fda229cc000 r-xp 00000000 08:05 660870                     /usr/lib/jvm/java-11-openjdk-amd64/lib/libjimage.so
7fda229cc000-7fda22bcb000 ---p 00005000 08:05 660870                     /usr/lib/jvm/java-11-openjdk-amd64/lib/libjimage.so
7fda22bcb000-7fda22bcc000 r--p 00004000 08:05 660870                     /usr/lib/jvm/java-11-openjdk-amd64/lib/libjimage.so
7fda22bcc000-7fda22bcd000 rw-p 00005000 08:05 660870                     /usr/lib/jvm/java-11-openjdk-amd64/lib/libjimage.so
7fda22bcd000-7fda22bd4000 r-xp 00000000 08:05 660888                     /usr/lib/jvm/java-11-openjdk-amd64/lib/libzip.so
7fda22bd4000-7fda22dd3000 ---p 00007000 08:05 660888                     /usr/lib/jvm/java-11-openjdk-amd64/lib/libzip.so
7fda22dd3000-7fda22dd4000 r--p 00006000 08:05 660888                     /usr/lib/jvm/java-11-openjdk-amd64/lib/libzip.so
7fda22dd4000-7fda22dd5000 rw-p 00007000 08:05 660888                     /usr/lib/jvm/java-11-openjdk-amd64/lib/libzip.so
7fda22dd5000-7fda22de0000 r-xp 00000000 08:05 6296680                    /lib/x86_64-linux-gnu/libnss_files-2.27.so
7fda22de0000-7fda22fdf000 ---p 0000b000 08:05 6296680                    /lib/x86_64-linux-gnu/libnss_files-2.27.so
7fda22fdf000-7fda22fe0000 r--p 0000a000 08:05 6296680                    /lib/x86_64-linux-gnu/libnss_files-2.27.so
7fda22fe0000-7fda22fe1000 rw-p 0000b000 08:05 6296680                    /lib/x86_64-linux-gnu/libnss_files-2.27.so
7fda22fe1000-7fda22fe7000 rw-p 00000000 00:00 0 
7fda22fe7000-7fda22ffe000 r-xp 00000000 08:05 6296674                    /lib/x86_64-linux-gnu/libnsl-2.27.so
7fda22ffe000-7fda231fd000 ---p 00017000 08:05 6296674                    /lib/x86_64-linux-gnu/libnsl-2.27.so
7fda231fd000-7fda231fe000 r--p 00016000 08:05 6296674                    /lib/x86_64-linux-gnu/libnsl-2.27.so
7fda231fe000-7fda231ff000 rw-p 00017000 08:05 6296674                    /lib/x86_64-linux-gnu/libnsl-2.27.so
7fda231ff000-7fda23201000 rw-p 00000000 00:00 0 
7fda23201000-7fda2320c000 r-xp 00000000 08:05 6296691                    /lib/x86_64-linux-gnu/libnss_nis-2.27.so
7fda2320c000-7fda2340b000 ---p 0000b000 08:05 6296691                    /lib/x86_64-linux-gnu/libnss_nis-2.27.so
7fda2340b000-7fda2340c000 r--p 0000a000 08:05 6296691                    /lib/x86_64-linux-gnu/libnss_nis-2.27.so
7fda2340c000-7fda2340d000 rw-p 0000b000 08:05 6296691                    /lib/x86_64-linux-gnu/libnss_nis-2.27.so
7fda2340d000-7fda23415000 r-xp 00000000 08:05 6296676                    /lib/x86_64-linux-gnu/libnss_compat-2.27.so
7fda23415000-7fda23615000 ---p 00008000 08:05 6296676                    /lib/x86_64-linux-gnu/libnss_compat-2.27.so
7fda23615000-7fda23616000 r--p 00008000 08:05 6296676                    /lib/x86_64-linux-gnu/libnss_compat-2.27.so
7fda23616000-7fda23617000 rw-p 00009000 08:05 6296676                    /lib/x86_64-linux-gnu/libnss_compat-2.27.so
7fda23617000-7fda23640000 r-xp 00000000 08:05 660866                     /usr/lib/jvm/java-11-openjdk-amd64/lib/libjava.so
7fda23640000-7fda2383f000 ---p 00029000 08:05 660866                     /usr/lib/jvm/java-11-openjdk-amd64/lib/libjava.so
7fda2383f000-7fda23840000 r--p 00028000 08:05 660866                     /usr/lib/jvm/java-11-openjdk-amd64/lib/libjava.so
7fda23840000-7fda23842000 rw-p 00029000 08:05 660866                     /usr/lib/jvm/java-11-openjdk-amd64/lib/libjava.so
7fda23842000-7fda2384f000 r-xp 00000000 08:05 660887                     /usr/lib/jvm/java-11-openjdk-amd64/lib/libverify.so
7fda2384f000-7fda23a4e000 ---p 0000d000 08:05 660887                     /usr/lib/jvm/java-11-openjdk-amd64/lib/libverify.so
7fda23a4e000-7fda23a50000 r--p 0000c000 08:05 660887                     /usr/lib/jvm/java-11-openjdk-amd64/lib/libverify.so
7fda23a50000-7fda23a51000 rw-p 0000e000 08:05 660887                     /usr/lib/jvm/java-11-openjdk-amd64/lib/libverify.so
7fda23a51000-7fda23a58000 r-xp 00000000 08:05 6296731                    /lib/x86_64-linux-gnu/librt-2.27.so
7fda23a58000-7fda23c57000 ---p 00007000 08:05 6296731                    /lib/x86_64-linux-gnu/librt-2.27.so
7fda23c57000-7fda23c58000 r--p 00006000 08:05 6296731                    /lib/x86_64-linux-gnu/librt-2.27.so
7fda23c58000-7fda23c59000 rw-p 00007000 08:05 6296731                    /lib/x86_64-linux-gnu/librt-2.27.so
7fda23c59000-7fda23c70000 r-xp 00000000 08:05 6296627                    /lib/x86_64-linux-gnu/libgcc_s.so.1
7fda23c70000-7fda23e6f000 ---p 00017000 08:05 6296627                    /lib/x86_64-linux-gnu/libgcc_s.so.1
7fda23e6f000-7fda23e70000 r--p 00016000 08:05 6296627                    /lib/x86_64-linux-gnu/libgcc_s.so.1
7fda23e70000-7fda23e71000 rw-p 00017000 08:05 6296627                    /lib/x86_64-linux-gnu/libgcc_s.so.1
7fda23e71000-7fda2400e000 r-xp 00000000 08:05 6296653                    /lib/x86_64-linux-gnu/libm-2.27.so
7fda2400e000-7fda2420d000 ---p 0019d000 08:05 6296653                    /lib/x86_64-linux-gnu/libm-2.27.so
7fda2420d000-7fda2420e000 r--p 0019c000 08:05 6296653                    /lib/x86_64-linux-gnu/libm-2.27.so
7fda2420e000-7fda2420f000 rw-p 0019d000 08:05 6296653                    /lib/x86_64-linux-gnu/libm-2.27.so
7fda2420f000-7fda24388000 r-xp 00000000 08:05 665498                     /usr/lib/x86_64-linux-gnu/libstdc++.so.6.0.25
7fda24388000-7fda24588000 ---p 00179000 08:05 665498                     /usr/lib/x86_64-linux-gnu/libstdc++.so.6.0.25
7fda24588000-7fda24592000 r--p 00179000 08:05 665498                     /usr/lib/x86_64-linux-gnu/libstdc++.so.6.0.25
7fda24592000-7fda24594000 rw-p 00183000 08:05 665498                     /usr/lib/x86_64-linux-gnu/libstdc++.so.6.0.25
7fda24594000-7fda24598000 rw-p 00000000 00:00 0 
7fda24598000-7fda25664000 r-xp 00000000 08:05 660894                     /usr/lib/jvm/java-11-openjdk-amd64/lib/server/libjvm.so
7fda25664000-7fda25863000 ---p 010cc000 08:05 660894                     /usr/lib/jvm/java-11-openjdk-amd64/lib/server/libjvm.so
7fda25863000-7fda25920000 r--p 010cb000 08:05 660894                     /usr/lib/jvm/java-11-openjdk-amd64/lib/server/libjvm.so
7fda25920000-7fda25959000 rw-p 01188000 08:05 660894                     /usr/lib/jvm/java-11-openjdk-amd64/lib/server/libjvm.so
7fda25959000-7fda259af000 rw-p 00000000 00:00 0 
7fda259af000-7fda259c9000 r-xp 00000000 08:05 6296723                    /lib/x86_64-linux-gnu/libpthread-2.27.so
7fda259c9000-7fda25bc8000 ---p 0001a000 08:05 6296723                    /lib/x86_64-linux-gnu/libpthread-2.27.so
7fda25bc8000-7fda25bc9000 r--p 00019000 08:05 6296723                    /lib/x86_64-linux-gnu/libpthread-2.27.so
7fda25bc9000-7fda25bca000 rw-p 0001a000 08:05 6296723                    /lib/x86_64-linux-gnu/libpthread-2.27.so
7fda25bca000-7fda25bce000 rw-p 00000000 00:00 0 
7fda25bce000-7fda25bd1000 r-xp 00000000 08:05 6296613                    /lib/x86_64-linux-gnu/libdl-2.27.so
7fda25bd1000-7fda25dd0000 ---p 00003000 08:05 6296613                    /lib/x86_64-linux-gnu/libdl-2.27.so
7fda25dd0000-7fda25dd1000 r--p 00002000 08:05 6296613                    /lib/x86_64-linux-gnu/libdl-2.27.so
7fda25dd1000-7fda25dd2000 rw-p 00003000 08:05 6296613                    /lib/x86_64-linux-gnu/libdl-2.27.so
7fda25dd2000-7fda25dee000 r-xp 00000000 08:05 6296762                    /lib/x86_64-linux-gnu/libz.so.1.2.11
7fda25dee000-7fda25fed000 ---p 0001c000 08:05 6296762                    /lib/x86_64-linux-gnu/libz.so.1.2.11
7fda25fed000-7fda25fee000 r--p 0001b000 08:05 6296762                    /lib/x86_64-linux-gnu/libz.so.1.2.11
7fda25fee000-7fda25fef000 rw-p 0001c000 08:05 6296762                    /lib/x86_64-linux-gnu/libz.so.1.2.11
7fda25fef000-7fda261d6000 r-xp 00000000 08:05 6296590                    /lib/x86_64-linux-gnu/libc-2.27.so
7fda261d6000-7fda263d6000 ---p 001e7000 08:05 6296590                    /lib/x86_64-linux-gnu/libc-2.27.so
7fda263d6000-7fda263da000 r--p 001e7000 08:05 6296590                    /lib/x86_64-linux-gnu/libc-2.27.so
7fda263da000-7fda263dc000 rw-p 001eb000 08:05 6296590                    /lib/x86_64-linux-gnu/libc-2.27.so
7fda263dc000-7fda263e0000 rw-p 00000000 00:00 0 
7fda263e0000-7fda263f0000 r-xp 00000000 08:05 660850                     /usr/lib/jvm/java-11-openjdk-amd64/lib/jli/libjli.so
7fda263f0000-7fda265ef000 ---p 00010000 08:05 660850                     /usr/lib/jvm/java-11-openjdk-amd64/lib/jli/libjli.so
7fda265ef000-7fda265f0000 r--p 0000f000 08:05 660850                     /usr/lib/jvm/java-11-openjdk-amd64/lib/jli/libjli.so
7fda265f0000-7fda265f1000 rw-p 00010000 08:05 660850                     /usr/lib/jvm/java-11-openjdk-amd64/lib/jli/libjli.so
7fda265f1000-7fda26618000 r-xp 00000000 08:05 6296562                    /lib/x86_64-linux-gnu/ld-2.27.so
7fda266b6000-7fda266f8000 rw-p 00000000 00:00 0 
7fda266f8000-7fda266fc000 ---p 00000000 00:00 0 
7fda266fc000-7fda267fb000 rw-p 00000000 00:00 0 
7fda267fe000-7fda26803000 rw-p 00000000 00:00 0 
7fda26803000-7fda2680a000 ---p 00000000 00:00 0 
7fda2680a000-7fda2680c000 r--s 00007000 08:05 1055455                    /usr/share/java/java-atk-wrapper.jar
7fda2680c000-7fda26814000 rw-s 00000000 08:05 2625109                    /tmp/hsperfdata_fatemeh/10116
7fda26814000-7fda26815000 ---p 00000000 00:00 0 
7fda26815000-7fda26816000 r--p 00000000 00:00 0 
7fda26816000-7fda26818000 rw-p 00000000 00:00 0 
7fda26818000-7fda26819000 r--p 00027000 08:05 6296562                    /lib/x86_64-linux-gnu/ld-2.27.so
7fda26819000-7fda2681a000 rw-p 00028000 08:05 6296562                    /lib/x86_64-linux-gnu/ld-2.27.so
7fda2681a000-7fda2681b000 rw-p 00000000 00:00 0 
7fff4adc2000-7fff4ade3000 rw-p 00000000 00:00 0                          [stack]
7fff4adf0000-7fff4adf3000 r--p 00000000 00:00 0                          [vvar]
7fff4adf3000-7fff4adf4000 r-xp 00000000 00:00 0                          [vdso]
ffffffffff600000-ffffffffff601000 r-xp 00000000 00:00 0                  [vsyscall]


VM Arguments:
java_command: supportGUI.DiskGraphsViewer -nbPoints 1000 -edgeThreshold 55
java_class_path (initial): /home/fatemeh/EDC/aagaTME3/javabeans:/home/fatemeh/EDC/aagaTME3/jars/supportGUI.jar
Launcher Type: SUN_STANDARD

[Global flags]
     intx CICompilerCount                          = 3                                         {product} {ergonomic}
     uint ConcGCThreads                            = 1                                         {product} {ergonomic}
     uint G1ConcRefinementThreads                  = 4                                         {product} {ergonomic}
   size_t G1HeapRegionSize                         = 1048576                                   {product} {ergonomic}
    uintx GCDrainStackTargetSize                   = 64                                        {product} {ergonomic}
   size_t InitialHeapSize                          = 130023424                                 {product} {ergonomic}
   size_t MarkStackSize                            = 4194304                                   {product} {ergonomic}
   size_t MaxHeapSize                              = 2063597568                                {product} {ergonomic}
   size_t MinHeapDeltaBytes                        = 1048576                                   {product} {ergonomic}
    uintx NonNMethodCodeHeapSize                   = 5830092                                {pd product} {ergonomic}
    uintx NonProfiledCodeHeapSize                  = 122914074                              {pd product} {ergonomic}
    uintx ProfiledCodeHeapSize                     = 122914074                              {pd product} {ergonomic}
    uintx ReservedCodeCacheSize                    = 251658240                              {pd product} {ergonomic}
     bool SegmentedCodeCache                       = true                                      {product} {ergonomic}
     bool UseCompressedClassPointers               = true                                 {lp64_product} {ergonomic}
     bool UseCompressedOops                        = true                                 {lp64_product} {ergonomic}
     bool UseG1GC                                  = true                                      {product} {ergonomic}

Logging:
Log output configuration:
 #0: stdout all=warning uptime,level,tags
 #1: stderr all=off uptime,level,tags

Environment Variables:
PATH=/usr/local/sbin:/usr/local/bin:/usr/sbin:/usr/bin:/sbin:/bin:/usr/games:/usr/local/games:/snap/bin
SHELL=/bin/bash
DISPLAY=:0

Signal Handlers:
SIGSEGV: [libjvm.so+0xde5f50], sa_mask[0]=11111111011111111101111111111110, sa_flags=SA_RESTART|SA_SIGINFO
SIGBUS: [libjvm.so+0xde5f50], sa_mask[0]=11111111011111111101111111111110, sa_flags=SA_RESTART|SA_SIGINFO
SIGFPE: [libjvm.so+0xde5f50], sa_mask[0]=11111111011111111101111111111110, sa_flags=SA_RESTART|SA_SIGINFO
SIGPIPE: [libjvm.so+0xbba5b0], sa_mask[0]=11111111011111111101111111111110, sa_flags=SA_RESTART|SA_SIGINFO
SIGXFSZ: [libjvm.so+0xbba5b0], sa_mask[0]=11111111011111111101111111111110, sa_flags=SA_RESTART|SA_SIGINFO
SIGILL: [libjvm.so+0xde5f50], sa_mask[0]=11111111011111111101111111111110, sa_flags=SA_RESTART|SA_SIGINFO
SIGUSR2: [libjvm.so+0xbba450], sa_mask[0]=00100000000000000000000000000000, sa_flags=SA_RESTART|SA_SIGINFO
SIGHUP: SIG_DFL, sa_mask[0]=00000000000000000000000000000000, sa_flags=none
SIGINT: SIG_DFL, sa_mask[0]=00000000000000000000000000000000, sa_flags=none
SIGTERM: SIG_DFL, sa_mask[0]=00000000000000000000000000000000, sa_flags=none
SIGQUIT: SIG_DFL, sa_mask[0]=00000000000000000000000000000000, sa_flags=none


---------------  S Y S T E M  ---------------

OS:DISTRIB_ID=Ubuntu
DISTRIB_RELEASE=18.04
DISTRIB_CODENAME=bionic
DISTRIB_DESCRIPTION="Ubuntu 18.04.3 LTS"
uname:Linux 5.0.0-29-generic #31~18.04.1-Ubuntu SMP Thu Sep 12 18:29:21 UTC 2019 x86_64
libc:glibc 2.27 NPTL 2.27 
rlimit: STACK 8192k, CORE 0k, NPROC 31284, NOFILE 1048576, AS infinity, DATA infinity, FSIZE infinity
load average:1.04 1.09 1.40

/proc/meminfo:
MemTotal:        8056592 kB
MemFree:          121288 kB
MemAvailable:      41100 kB
Buffers:            1656 kB
Cached:          2036268 kB
SwapCached:         5216 kB
Active:          6556900 kB
Inactive:         893164 kB
Active(anon):    6523784 kB
Inactive(anon):   872476 kB
Active(file):      33116 kB
Inactive(file):    20688 kB
Unevictable:       37464 kB
Mlocked:             112 kB
SwapTotal:       2097148 kB
SwapFree:              0 kB
Dirty:               796 kB
Writeback:             0 kB
AnonPages:       5446192 kB
Mapped:           378720 kB
Shmem:           1983380 kB
KReclaimable:      66244 kB
Slab:             176228 kB
SReclaimable:      66244 kB
SUnreclaim:       109984 kB
KernelStack:       22480 kB
PageTables:       132396 kB
NFS_Unstable:          0 kB
Bounce:                0 kB
WritebackTmp:          0 kB
CommitLimit:     6125444 kB
Committed_AS:   23466832 kB
VmallocTotal:   34359738367 kB
VmallocUsed:           0 kB
VmallocChunk:          0 kB
Percpu:             1168 kB
HardwareCorrupted:     0 kB
AnonHugePages:         0 kB
ShmemHugePages:        0 kB
ShmemPmdMapped:        0 kB
CmaTotal:              0 kB
CmaFree:               0 kB
HugePages_Total:       0
HugePages_Free:        0
HugePages_Rsvd:        0
HugePages_Surp:        0
Hugepagesize:       2048 kB
Hugetlb:               0 kB
DirectMap4k:      523860 kB
DirectMap2M:     7755776 kB
DirectMap1G:           0 kB


/proc/sys/kernel/threads-max (system-wide limit on the number of threads):
62568


/proc/sys/vm/max_map_count (maximum number of memory map areas a process may have):
65530


/proc/sys/kernel/pid_max (system-wide limit on number of process identifiers):
32768



container (cgroup) information:
container_type: cgroupv1
cpu_cpuset_cpus: 0-3
cpu_memory_nodes: 0
active_processor_count: 4
cpu_quota: -1
cpu_period: 100000
cpu_shares: -1
memory_limit_in_bytes: -1
memory_and_swap_limit_in_bytes: -2
memory_soft_limit_in_bytes: -1
memory_usage_in_bytes: 7667642368
memory_max_usage_in_bytes: 6074294272

Steal ticks since vm start: 0
Steal ticks percentage since vm start:  0.000

CPU:total 4 (initial active 4) (2 cores per cpu, 2 threads per core) family 6 model 78 stepping 3, cmov, cx8, fxsr, mmx, sse, sse2, sse3, ssse3, sse4.1, sse4.2, popcnt, avx, avx2, aes, clmul, erms, 3dnowpref, lzcnt, ht, tsc, tscinvbit, bmi1, bmi2, adx, fma
CPU Model and flags from /proc/cpuinfo:
model name	: Intel(R) Core(TM) i7-6500U CPU @ 2.50GHz
flags		: fpu vme de pse tsc msr pae mce cx8 apic sep mtrr pge mca cmov pat pse36 clflush dts acpi mmx fxsr sse sse2 ss ht tm pbe syscall nx pdpe1gb rdtscp lm constant_tsc art arch_perfmon pebs bts rep_good nopl xtopology nonstop_tsc cpuid aperfmperf tsc_known_freq pni pclmulqdq dtes64 monitor ds_cpl vmx est tm2 ssse3 sdbg fma cx16 xtpr pdcm pcid sse4_1 sse4_2 x2apic movbe popcnt tsc_deadline_timer aes xsave avx f16c rdrand lahf_lm abm 3dnowprefetch cpuid_fault epb invpcid_single pti ssbd ibrs ibpb stibp tpr_shadow vnmi flexpriority ept vpid ept_ad fsgsbase tsc_adjust bmi1 avx2 smep bmi2 erms invpcid mpx rdseed adx smap clflushopt intel_pt xsaveopt xsavec xgetbv1 xsaves dtherm ida arat pln pts hwp hwp_notify hwp_act_window hwp_epp md_clear flush_l1d

Memory: 4k page, physical 8056592k(121288k free), swap 2097148k(0k free)

vm_info: OpenJDK 64-Bit Server VM (11.0.4+11-post-Ubuntu-1ubuntu218.04.3) for linux-amd64 JRE (11.0.4+11-post-Ubuntu-1ubuntu218.04.3), built on Jul 18 2019 18:21:46 by "buildd" with gcc 7.4.0

END.
