#
# There is insufficient memory for the Java Runtime Environment to continue.
# Native memory allocation (mmap) failed to map 123731968 bytes for committing reserved memory.
# Possible reasons:
#   The system is out of physical RAM or swap space
#   The process is running with CompressedOops enabled, and the Java Heap may be blocking the growth of the native heap
# Possible solutions:
#   Reduce memory load on the system
#   Increase physical memory or swap space
#   Check if swap backing store is full
#   Decrease Java heap size (-Xmx/-Xms)
#   Decrease number of Java threads
#   Decrease Java thread stack sizes (-Xss)
#   Set larger code cache with -XX:ReservedCodeCacheSize=
#   JVM is running with Unscaled Compressed Oops mode in which the Java heap is
#     placed in the first 4GB address space. The Java Heap base address is the
#     maximum limit for the native heap growth. Please use -XX:HeapBaseMinAddress
#     to set the Java Heap base and to place the Java Heap above 4GB virtual address.
# This output file may be truncated or incomplete.
#
#  Out of Memory Error (os_linux.cpp:2893), pid=28218, tid=28228
#
# JRE version: OpenJDK Runtime Environment (11.0.4+11) (build 11.0.4+11-post-Ubuntu-1ubuntu218.04.3)
# Java VM: OpenJDK 64-Bit Server VM (11.0.4+11-post-Ubuntu-1ubuntu218.04.3, mixed mode, sharing, tiered, compressed oops, g1 gc, linux-amd64)
# Core dump will be written. Default location: Core dumps may be processed with "/usr/share/apport/apport %p %s %c %d %P" (or dumping to /home/fatemeh/EDC/aagaTME3/core.28218)
#

---------------  S U M M A R Y ------------

Command Line: -Dant.home=/home/fatemeh/.p2/pool/plugins/org.apache.ant_1.10.5.v20190526-1402 -Dant.library.dir=/home/fatemeh/.p2/pool/plugins/org.apache.ant_1.10.5.v20190526-1402/lib -Djava.library.path=/usr/java/packages/lib:/usr/lib/x86_64-linux-gnu/jni:/lib/x86_64-linux-gnu:/usr/lib/x86_64-linux-gnu:/usr/lib/jni:/lib:/usr/lib:/home/fatemeh/eclipse/java-2019-06/eclipse/configuration/org.eclipse.osgi/371/0/.cp -Dfile.encoding=UTF-8 org.eclipse.ant.internal.launching.remote.InternalAntRunner -Dorg.eclipse.ant.core.ANT_PROCESS_ID=1571745806662 -Declipse.connect.port=45085 -Dant.home=/home/fatemeh/.p2/pool/plugins/org.apache.ant_1.10.5.v20190526-1402 -logger org.eclipse.ant.internal.launching.remote.logger.RemoteAntBuildLogger -inputhandler org.eclipse.ant.internal.ui.antsupport.inputhandler.ProxyInputHandler -buildfile /home/fatemeh/EDC/aagaTME3/build.xml compile run

Host: Intel(R) Core(TM) i7-6500U CPU @ 2.50GHz, 4 cores, 7G, Ubuntu 18.04.3 LTS
Time: Tue Oct 22 14:05:03 2019 CEST elapsed time: 96 seconds (0d 0h 1m 36s)

---------------  T H R E A D  ---------------

Current thread (0x00007f3868106800):  VMThread "VM Thread" [stack: 0x00007f384c4ef000,0x00007f384c5ef000] [id=28228]

Stack: [0x00007f384c4ef000,0x00007f384c5ef000],  sp=0x00007f384c5ecff0,  free space=1015k
Native frames: (J=compiled Java code, A=aot compiled Java code, j=interpreted, Vv=VM code, C=native code)
V  [libjvm.so+0xde4547]
V  [libjvm.so+0xde519b]
V  [libjvm.so+0x6511a5]
V  [libjvm.so+0xbbed38]
V  [libjvm.so+0xbb5ebd]
V  [libjvm.so+0x76f53f]
V  [libjvm.so+0x76f7ae]
V  [libjvm.so+0x77b820]
V  [libjvm.so+0x7f6969]
V  [libjvm.so+0x7f75c2]
V  [libjvm.so+0x7f7a29]
V  [libjvm.so+0x72de6f]
V  [libjvm.so+0x732b6a]
V  [libjvm.so+0xdf01e1]
V  [libjvm.so+0xdeeda8]
V  [libjvm.so+0xdec5e6]
V  [libjvm.so+0xdecaf0]
V  [libjvm.so+0xdecf23]
V  [libjvm.so+0xd7aeea]
V  [libjvm.so+0xbc4a5e]

VM_Operation (0x00007f383593b670): G1CollectForAllocation, mode: safepoint, requested by thread 0x00007f38688cd800


---------------  P R O C E S S  ---------------

Threads class SMR info:
_java_thread_list=0x00007f38688d2ea0, length=13, elements={
0x00007f3868013000, 0x00007f3868109800, 0x00007f3868113800, 0x00007f3868119000,
0x00007f386811b000, 0x00007f386811d000, 0x00007f386811f000, 0x00007f3868156000,
0x00007f386815f000, 0x00007f38687da800, 0x00007f38688cd800, 0x00007f38688cf800,
0x00007f38688d1800
}

Java Threads: ( => current thread )
  0x00007f3868013000 JavaThread "main" [_thread_blocked, id=28222, stack(0x00007f386f3e5000,0x00007f386f4e6000)]
  0x00007f3868109800 JavaThread "Reference Handler" daemon [_thread_blocked, id=28229, stack(0x00007f384c3ec000,0x00007f384c4ed000)]
  0x00007f3868113800 JavaThread "Finalizer" daemon [_thread_blocked, id=28230, stack(0x00007f384c2eb000,0x00007f384c3ec000)]
  0x00007f3868119000 JavaThread "Signal Dispatcher" daemon [_thread_blocked, id=28231, stack(0x00007f384c1ea000,0x00007f384c2eb000)]
  0x00007f386811b000 JavaThread "C2 CompilerThread0" daemon [_thread_in_native, id=28232, stack(0x00007f384c0e9000,0x00007f384c1ea000)]
  0x00007f386811d000 JavaThread "C1 CompilerThread0" daemon [_thread_blocked, id=28233, stack(0x00007f384403f000,0x00007f3844140000)]
  0x00007f386811f000 JavaThread "Sweeper thread" daemon [_thread_blocked, id=28234, stack(0x00007f3837075000,0x00007f3837176000)]
  0x00007f3868156000 JavaThread "Service Thread" daemon [_thread_blocked, id=28235, stack(0x00007f3836f74000,0x00007f3837075000)]
  0x00007f386815f000 JavaThread "Common-Cleaner" daemon [_thread_blocked, id=28237, stack(0x00007f3836d71000,0x00007f3836e72000)]
  0x00007f38687da800 JavaThread "process reaper" daemon [_thread_in_native, id=28251, stack(0x00007f384c0a1000,0x00007f384c0c3000)]
  0x00007f38688cd800 JavaThread "Thread-1" daemon [_thread_blocked, id=28253, stack(0x00007f383583d000,0x00007f383593e000)]
  0x00007f38688cf800 JavaThread "Thread-2" daemon [_thread_blocked, id=28254, stack(0x00007f383573c000,0x00007f383583d000)]
  0x00007f38688d1800 JavaThread "Thread-0" daemon [_thread_blocked, id=28255, stack(0x00007f383563b000,0x00007f383573c000)]

Other Threads:
=>0x00007f3868106800 VMThread "VM Thread" [stack: 0x00007f384c4ef000,0x00007f384c5ef000] [id=28228]
  0x00007f3868158800 WatcherThread [stack: 0x00007f3836e74000,0x00007f3836f74000] [id=28236]
  0x00007f3868029800 GCTaskThread "GC Thread#0" [stack: 0x00007f384fd25000,0x00007f384fe25000] [id=28223]
  0x00007f382c001000 GCTaskThread "GC Thread#1" [stack: 0x00007f3836849000,0x00007f3836949000] [id=28239]
  0x00007f382c003000 GCTaskThread "GC Thread#2" [stack: 0x00007f3836747000,0x00007f3836847000] [id=28240]
  0x00007f386805a800 ConcurrentGCThread "G1 Main Marker" [stack: 0x00007f384cdd7000,0x00007f384ced7000] [id=28224]
  0x00007f386805c000 ConcurrentGCThread "G1 Conc#0" [stack: 0x00007f384ccd5000,0x00007f384cdd5000] [id=28225]
  0x00007f38680d4800 ConcurrentGCThread "G1 Refine#0" [stack: 0x00007f384c7cf000,0x00007f384c8cf000] [id=28226]
  0x00007f383c001000 ConcurrentGCThread "G1 Refine#1" [stack: 0x00007f3835e42000,0x00007f3835f42000] [id=28241]
  0x00007f3800001000 ConcurrentGCThread "G1 Refine#2" [stack: 0x00007f3835d40000,0x00007f3835e40000] [id=28242]
  0x00007f38680d6000 ConcurrentGCThread "G1 Young RemSet Sampling" [stack: 0x00007f384c6cd000,0x00007f384c7cd000] [id=28227]

Threads with active compile tasks:
C2 CompilerThread03685       4       org.eclipse.ant.internal.launching.remote.logger.RemoteAntBuildLogger::messageLogged (87 bytes)

VM state:at safepoint (normal execution)

VM Mutex/Monitor currently owned by a thread:  ([mutex/lock_event])
[0x00007f386800f590] Threads_lock - owner thread: 0x00007f3868106800
[0x00007f386800fce0] Heap_lock - owner thread: 0x00007f38688cd800

Heap address: 0x0000000085000000, size: 1968 MB, Compressed Oops mode: 32-bit
Narrow klass base: 0x0000000800000000, Narrow klass shift: 3
Compressed class space size: 1073741824 Address: 0x0000000840000000

Heap:
 garbage-first heap   total 286720K, used 14444K [0x0000000085000000, 0x0000000100000000)
  region size 1024K, 2 young (2048K), 2 survivors (2048K)
 Metaspace       used 18240K, capacity 18858K, committed 19200K, reserved 1067008K
  class space    used 1971K, capacity 2225K, committed 2304K, reserved 1048576K
Heap Regions: E=young(eden), S=young(survivor), O=old, HS=humongous(starts), HC=humongous(continues), CS=collection set, F=free, A=archive, TAMS=top-at-mark-start (previous, next)
|   0|0x0000000085000000, 0x0000000085100000, 0x0000000085100000|100%| O|  |TAMS 0x0000000085000000, 0x0000000085000000| Untracked 
|   1|0x0000000085100000, 0x0000000085200000, 0x0000000085200000|100%| O|  |TAMS 0x0000000085100000, 0x0000000085100000| Untracked 
|   2|0x0000000085200000, 0x0000000085300000, 0x0000000085300000|100%| O|  |TAMS 0x0000000085200000, 0x0000000085200000| Untracked 
|   3|0x0000000085300000, 0x0000000085400000, 0x0000000085400000|100%| O|  |TAMS 0x0000000085300000, 0x0000000085300000| Untracked 
|   4|0x0000000085400000, 0x0000000085500000, 0x0000000085500000|100%| O|  |TAMS 0x0000000085400000, 0x0000000085400000| Untracked 
|   5|0x0000000085500000, 0x0000000085600000, 0x0000000085600000|100%| O|  |TAMS 0x0000000085500000, 0x0000000085500000| Untracked 
|   6|0x0000000085600000, 0x0000000085700000, 0x0000000085700000|100%| O|  |TAMS 0x0000000085600000, 0x0000000085600000| Untracked 
|   7|0x0000000085700000, 0x0000000085800000, 0x0000000085800000|100%| O|  |TAMS 0x0000000085700000, 0x0000000085700000| Untracked 
|   8|0x0000000085800000, 0x0000000085900000, 0x0000000085900000|100%| O|  |TAMS 0x0000000085800000, 0x0000000085800000| Untracked 
|   9|0x0000000085900000, 0x0000000085a00000, 0x0000000085a00000|100%| O|  |TAMS 0x0000000085900000, 0x0000000085900000| Untracked 
|  10|0x0000000085a00000, 0x0000000085b00000, 0x0000000085b00000|100%| O|  |TAMS 0x0000000085a00000, 0x0000000085a00000| Untracked 
|  11|0x0000000085b00000, 0x0000000085b92a00, 0x0000000085c00000| 57%| O|  |TAMS 0x0000000085b00000, 0x0000000085b00000| Untracked 
|  12|0x0000000085c00000, 0x0000000085c00000, 0x0000000085d00000|  0%| F|  |TAMS 0x0000000085c00000, 0x0000000085c00000| Untracked 
|  13|0x0000000085d00000, 0x0000000085d00000, 0x0000000085e00000|  0%| F|  |TAMS 0x0000000085d00000, 0x0000000085d00000| Untracked 
|  14|0x0000000085e00000, 0x0000000085e00000, 0x0000000085f00000|  0%| F|  |TAMS 0x0000000085e00000, 0x0000000085e00000| Untracked 
|  15|0x0000000085f00000, 0x0000000085f00000, 0x0000000086000000|  0%| F|  |TAMS 0x0000000085f00000, 0x0000000085f00000| Untracked 
|  16|0x0000000086000000, 0x0000000086000000, 0x0000000086100000|  0%| F|  |TAMS 0x0000000086000000, 0x0000000086000000| Untracked 
|  17|0x0000000086100000, 0x0000000086100000, 0x0000000086200000|  0%| F|  |TAMS 0x0000000086100000, 0x0000000086100000| Untracked 
|  18|0x0000000086200000, 0x0000000086200000, 0x0000000086300000|  0%| F|  |TAMS 0x0000000086200000, 0x0000000086200000| Untracked 
|  19|0x0000000086300000, 0x0000000086300000, 0x0000000086400000|  0%| F|  |TAMS 0x0000000086300000, 0x0000000086300000| Untracked 
|  20|0x0000000086400000, 0x0000000086400000, 0x0000000086500000|  0%| F|  |TAMS 0x0000000086400000, 0x0000000086400000| Untracked 
|  21|0x0000000086500000, 0x0000000086500000, 0x0000000086600000|  0%| F|  |TAMS 0x0000000086500000, 0x0000000086500000| Untracked 
|  22|0x0000000086600000, 0x0000000086600000, 0x0000000086700000|  0%| F|  |TAMS 0x0000000086600000, 0x0000000086600000| Untracked 
|  23|0x0000000086700000, 0x0000000086700000, 0x0000000086800000|  0%| F|  |TAMS 0x0000000086700000, 0x0000000086700000| Untracked 
|  24|0x0000000086800000, 0x0000000086800000, 0x0000000086900000|  0%| F|  |TAMS 0x0000000086800000, 0x0000000086800000| Untracked 
|  25|0x0000000086900000, 0x0000000086900000, 0x0000000086a00000|  0%| F|  |TAMS 0x0000000086900000, 0x0000000086900000| Untracked 
|  26|0x0000000086a00000, 0x0000000086a00000, 0x0000000086b00000|  0%| F|  |TAMS 0x0000000086a00000, 0x0000000086a00000| Untracked 
|  27|0x0000000086b00000, 0x0000000086b00000, 0x0000000086c00000|  0%| F|  |TAMS 0x0000000086b00000, 0x0000000086b00000| Untracked 
|  28|0x0000000086c00000, 0x0000000086c00000, 0x0000000086d00000|  0%| F|  |TAMS 0x0000000086c00000, 0x0000000086c00000| Untracked 
|  29|0x0000000086d00000, 0x0000000086d00000, 0x0000000086e00000|  0%| F|  |TAMS 0x0000000086d00000, 0x0000000086d00000| Untracked 
|  30|0x0000000086e00000, 0x0000000086e00000, 0x0000000086f00000|  0%| F|  |TAMS 0x0000000086e00000, 0x0000000086e00000| Untracked 
|  31|0x0000000086f00000, 0x0000000086f00000, 0x0000000087000000|  0%| F|  |TAMS 0x0000000086f00000, 0x0000000086f00000| Untracked 
|  32|0x0000000087000000, 0x0000000087000000, 0x0000000087100000|  0%| F|  |TAMS 0x0000000087000000, 0x0000000087000000| Untracked 
|  33|0x0000000087100000, 0x0000000087100000, 0x0000000087200000|  0%| F|  |TAMS 0x0000000087100000, 0x0000000087100000| Untracked 
|  34|0x0000000087200000, 0x0000000087200000, 0x0000000087300000|  0%| F|  |TAMS 0x0000000087200000, 0x0000000087200000| Untracked 
|  35|0x0000000087300000, 0x0000000087300000, 0x0000000087400000|  0%| F|  |TAMS 0x0000000087300000, 0x0000000087300000| Untracked 
|  36|0x0000000087400000, 0x0000000087400000, 0x0000000087500000|  0%| F|  |TAMS 0x0000000087400000, 0x0000000087400000| Untracked 
|  37|0x0000000087500000, 0x0000000087500000, 0x0000000087600000|  0%| F|  |TAMS 0x0000000087500000, 0x0000000087500000| Untracked 
|  38|0x0000000087600000, 0x0000000087600000, 0x0000000087700000|  0%| F|  |TAMS 0x0000000087600000, 0x0000000087600000| Untracked 
|  39|0x0000000087700000, 0x0000000087700000, 0x0000000087800000|  0%| F|  |TAMS 0x0000000087700000, 0x0000000087700000| Untracked 
|  40|0x0000000087800000, 0x0000000087800000, 0x0000000087900000|  0%| F|  |TAMS 0x0000000087800000, 0x0000000087800000| Untracked 
|  41|0x0000000087900000, 0x0000000087900000, 0x0000000087a00000|  0%| F|  |TAMS 0x0000000087900000, 0x0000000087900000| Untracked 
|  42|0x0000000087a00000, 0x0000000087a00000, 0x0000000087b00000|  0%| F|  |TAMS 0x0000000087a00000, 0x0000000087a00000| Untracked 
|  43|0x0000000087b00000, 0x0000000087b00000, 0x0000000087c00000|  0%| F|  |TAMS 0x0000000087b00000, 0x0000000087b00000| Untracked 
|  44|0x0000000087c00000, 0x0000000087c00000, 0x0000000087d00000|  0%| F|  |TAMS 0x0000000087c00000, 0x0000000087c00000| Untracked 
|  45|0x0000000087d00000, 0x0000000087d00000, 0x0000000087e00000|  0%| F|  |TAMS 0x0000000087d00000, 0x0000000087d00000| Untracked 
|  46|0x0000000087e00000, 0x0000000087e00000, 0x0000000087f00000|  0%| F|  |TAMS 0x0000000087e00000, 0x0000000087e00000| Untracked 
|  47|0x0000000087f00000, 0x0000000087f00000, 0x0000000088000000|  0%| F|  |TAMS 0x0000000087f00000, 0x0000000087f00000| Untracked 
|  48|0x0000000088000000, 0x0000000088000000, 0x0000000088100000|  0%| F|  |TAMS 0x0000000088000000, 0x0000000088000000| Untracked 
|  49|0x0000000088100000, 0x0000000088100000, 0x0000000088200000|  0%| F|  |TAMS 0x0000000088100000, 0x0000000088100000| Untracked 
|  50|0x0000000088200000, 0x0000000088200000, 0x0000000088300000|  0%| F|  |TAMS 0x0000000088200000, 0x0000000088200000| Untracked 
|  51|0x0000000088300000, 0x0000000088300000, 0x0000000088400000|  0%| F|  |TAMS 0x0000000088300000, 0x0000000088300000| Untracked 
|  52|0x0000000088400000, 0x0000000088400000, 0x0000000088500000|  0%| F|  |TAMS 0x0000000088400000, 0x0000000088400000| Untracked 
|  53|0x0000000088500000, 0x0000000088500000, 0x0000000088600000|  0%| F|  |TAMS 0x0000000088500000, 0x0000000088500000| Untracked 
|  54|0x0000000088600000, 0x0000000088600000, 0x0000000088700000|  0%| F|  |TAMS 0x0000000088600000, 0x0000000088600000| Untracked 
|  55|0x0000000088700000, 0x0000000088700000, 0x0000000088800000|  0%| F|  |TAMS 0x0000000088700000, 0x0000000088700000| Untracked 
|  56|0x0000000088800000, 0x0000000088800000, 0x0000000088900000|  0%| F|  |TAMS 0x0000000088800000, 0x0000000088800000| Untracked 
|  57|0x0000000088900000, 0x0000000088900000, 0x0000000088a00000|  0%| F|  |TAMS 0x0000000088900000, 0x0000000088900000| Untracked 
|  58|0x0000000088a00000, 0x0000000088a00000, 0x0000000088b00000|  0%| F|  |TAMS 0x0000000088a00000, 0x0000000088a00000| Untracked 
|  59|0x0000000088b00000, 0x0000000088b00000, 0x0000000088c00000|  0%| F|  |TAMS 0x0000000088b00000, 0x0000000088b00000| Untracked 
|  60|0x0000000088c00000, 0x0000000088c00000, 0x0000000088d00000|  0%| F|  |TAMS 0x0000000088c00000, 0x0000000088c00000| Untracked 
|  61|0x0000000088d00000, 0x0000000088d00000, 0x0000000088e00000|  0%| F|  |TAMS 0x0000000088d00000, 0x0000000088d00000| Untracked 
|  62|0x0000000088e00000, 0x0000000088e00000, 0x0000000088f00000|  0%| F|  |TAMS 0x0000000088e00000, 0x0000000088e00000| Untracked 
|  63|0x0000000088f00000, 0x0000000088f00000, 0x0000000089000000|  0%| F|  |TAMS 0x0000000088f00000, 0x0000000088f00000| Untracked 
|  64|0x0000000089000000, 0x00000000890ea680, 0x0000000089100000| 91%| S|CS|TAMS 0x0000000089000000, 0x0000000089000000| Complete 
|  65|0x0000000089100000, 0x0000000089200000, 0x0000000089200000|100%| S|CS|TAMS 0x0000000089100000, 0x0000000089100000| Complete 
|  66|0x0000000089200000, 0x0000000089200000, 0x0000000089300000|  0%| F|  |TAMS 0x0000000089200000, 0x0000000089200000| Untracked 
|  67|0x0000000089300000, 0x0000000089300000, 0x0000000089400000|  0%| F|  |TAMS 0x0000000089300000, 0x0000000089300000| Untracked 
|  68|0x0000000089400000, 0x0000000089400000, 0x0000000089500000|  0%| F|  |TAMS 0x0000000089400000, 0x0000000089400000| Untracked 
|  69|0x0000000089500000, 0x0000000089500000, 0x0000000089600000|  0%| F|  |TAMS 0x0000000089500000, 0x0000000089500000| Untracked 
|  70|0x0000000089600000, 0x0000000089600000, 0x0000000089700000|  0%| F|  |TAMS 0x0000000089600000, 0x0000000089600000| Untracked 
|  71|0x0000000089700000, 0x0000000089700000, 0x0000000089800000|  0%| F|  |TAMS 0x0000000089700000, 0x0000000089700000| Untracked 
|  72|0x0000000089800000, 0x0000000089800000, 0x0000000089900000|  0%| F|  |TAMS 0x0000000089800000, 0x0000000089800000| Untracked 
|  73|0x0000000089900000, 0x0000000089900000, 0x0000000089a00000|  0%| F|  |TAMS 0x0000000089900000, 0x0000000089900000| Untracked 
|  74|0x0000000089a00000, 0x0000000089a00000, 0x0000000089b00000|  0%| F|  |TAMS 0x0000000089a00000, 0x0000000089a00000| Untracked 
|  75|0x0000000089b00000, 0x0000000089b00000, 0x0000000089c00000|  0%| F|  |TAMS 0x0000000089b00000, 0x0000000089b00000| Untracked 
|  76|0x0000000089c00000, 0x0000000089c00000, 0x0000000089d00000|  0%| F|  |TAMS 0x0000000089c00000, 0x0000000089c00000| Untracked 
|  77|0x0000000089d00000, 0x0000000089d00000, 0x0000000089e00000|  0%| F|  |TAMS 0x0000000089d00000, 0x0000000089d00000| Untracked 
|  78|0x0000000089e00000, 0x0000000089e00000, 0x0000000089f00000|  0%| F|  |TAMS 0x0000000089e00000, 0x0000000089e00000| Untracked 
|  79|0x0000000089f00000, 0x0000000089f00000, 0x000000008a000000|  0%| F|  |TAMS 0x0000000089f00000, 0x0000000089f00000| Untracked 
|  80|0x000000008a000000, 0x000000008a000000, 0x000000008a100000|  0%| F|  |TAMS 0x000000008a000000, 0x000000008a000000| Untracked 
|  81|0x000000008a100000, 0x000000008a100000, 0x000000008a200000|  0%| F|  |TAMS 0x000000008a100000, 0x000000008a100000| Untracked 
|  82|0x000000008a200000, 0x000000008a200000, 0x000000008a300000|  0%| F|  |TAMS 0x000000008a200000, 0x000000008a200000| Untracked 
|  83|0x000000008a300000, 0x000000008a300000, 0x000000008a400000|  0%| F|  |TAMS 0x000000008a300000, 0x000000008a300000| Untracked 
|  84|0x000000008a400000, 0x000000008a400000, 0x000000008a500000|  0%| F|  |TAMS 0x000000008a400000, 0x000000008a400000| Untracked 
|  85|0x000000008a500000, 0x000000008a500000, 0x000000008a600000|  0%| F|  |TAMS 0x000000008a500000, 0x000000008a500000| Untracked 
|  86|0x000000008a600000, 0x000000008a600000, 0x000000008a700000|  0%| F|  |TAMS 0x000000008a600000, 0x000000008a600000| Untracked 
|  87|0x000000008a700000, 0x000000008a700000, 0x000000008a800000|  0%| F|  |TAMS 0x000000008a700000, 0x000000008a700000| Untracked 
|  88|0x000000008a800000, 0x000000008a800000, 0x000000008a900000|  0%| F|  |TAMS 0x000000008a800000, 0x000000008a800000| Untracked 
|  89|0x000000008a900000, 0x000000008a900000, 0x000000008aa00000|  0%| F|  |TAMS 0x000000008a900000, 0x000000008a900000| Untracked 
|  90|0x000000008aa00000, 0x000000008aa00000, 0x000000008ab00000|  0%| F|  |TAMS 0x000000008aa00000, 0x000000008aa00000| Untracked 
|  91|0x000000008ab00000, 0x000000008ab00000, 0x000000008ac00000|  0%| F|  |TAMS 0x000000008ab00000, 0x000000008ab00000| Untracked 
|  92|0x000000008ac00000, 0x000000008ac00000, 0x000000008ad00000|  0%| F|  |TAMS 0x000000008ac00000, 0x000000008ac00000| Untracked 
|  93|0x000000008ad00000, 0x000000008ad00000, 0x000000008ae00000|  0%| F|  |TAMS 0x000000008ad00000, 0x000000008ad00000| Untracked 
|  94|0x000000008ae00000, 0x000000008ae00000, 0x000000008af00000|  0%| F|  |TAMS 0x000000008ae00000, 0x000000008ae00000| Untracked 
|  95|0x000000008af00000, 0x000000008af00000, 0x000000008b000000|  0%| F|  |TAMS 0x000000008af00000, 0x000000008af00000| Untracked 
|  96|0x000000008b000000, 0x000000008b000000, 0x000000008b100000|  0%| F|  |TAMS 0x000000008b000000, 0x000000008b000000| Untracked 
|  97|0x000000008b100000, 0x000000008b100000, 0x000000008b200000|  0%| F|  |TAMS 0x000000008b100000, 0x000000008b100000| Untracked 
|  98|0x000000008b200000, 0x000000008b200000, 0x000000008b300000|  0%| F|  |TAMS 0x000000008b200000, 0x000000008b200000| Untracked 
|  99|0x000000008b300000, 0x000000008b300000, 0x000000008b400000|  0%| F|  |TAMS 0x000000008b300000, 0x000000008b300000| Untracked 
| 100|0x000000008b400000, 0x000000008b400000, 0x000000008b500000|  0%| F|  |TAMS 0x000000008b400000, 0x000000008b400000| Untracked 
| 101|0x000000008b500000, 0x000000008b500000, 0x000000008b600000|  0%| F|  |TAMS 0x000000008b500000, 0x000000008b500000| Untracked 
| 102|0x000000008b600000, 0x000000008b600000, 0x000000008b700000|  0%| F|  |TAMS 0x000000008b600000, 0x000000008b600000| Untracked 
| 103|0x000000008b700000, 0x000000008b700000, 0x000000008b800000|  0%| F|  |TAMS 0x000000008b700000, 0x000000008b700000| Untracked 
| 104|0x000000008b800000, 0x000000008b800000, 0x000000008b900000|  0%| F|  |TAMS 0x000000008b800000, 0x000000008b800000| Untracked 
| 105|0x000000008b900000, 0x000000008b900000, 0x000000008ba00000|  0%| F|  |TAMS 0x000000008b900000, 0x000000008b900000| Untracked 
| 106|0x000000008ba00000, 0x000000008ba00000, 0x000000008bb00000|  0%| F|  |TAMS 0x000000008ba00000, 0x000000008ba00000| Untracked 
| 107|0x000000008bb00000, 0x000000008bb00000, 0x000000008bc00000|  0%| F|  |TAMS 0x000000008bb00000, 0x000000008bb00000| Untracked 
| 108|0x000000008bc00000, 0x000000008bc00000, 0x000000008bd00000|  0%| F|  |TAMS 0x000000008bc00000, 0x000000008bc00000| Untracked 
| 109|0x000000008bd00000, 0x000000008bd00000, 0x000000008be00000|  0%| F|  |TAMS 0x000000008bd00000, 0x000000008bd00000| Untracked 
| 110|0x000000008be00000, 0x000000008be00000, 0x000000008bf00000|  0%| F|  |TAMS 0x000000008be00000, 0x000000008be00000| Untracked 
| 111|0x000000008bf00000, 0x000000008bf00000, 0x000000008c000000|  0%| F|  |TAMS 0x000000008bf00000, 0x000000008bf00000| Untracked 
| 112|0x000000008c000000, 0x000000008c000000, 0x000000008c100000|  0%| F|  |TAMS 0x000000008c000000, 0x000000008c000000| Untracked 
| 113|0x000000008c100000, 0x000000008c100000, 0x000000008c200000|  0%| F|  |TAMS 0x000000008c100000, 0x000000008c100000| Untracked 
| 114|0x000000008c200000, 0x000000008c200000, 0x000000008c300000|  0%| F|  |TAMS 0x000000008c200000, 0x000000008c200000| Untracked 
| 115|0x000000008c300000, 0x000000008c300000, 0x000000008c400000|  0%| F|  |TAMS 0x000000008c300000, 0x000000008c300000| Untracked 
| 116|0x000000008c400000, 0x000000008c400000, 0x000000008c500000|  0%| F|  |TAMS 0x000000008c400000, 0x000000008c400000| Untracked 
| 117|0x000000008c500000, 0x000000008c500000, 0x000000008c600000|  0%| F|  |TAMS 0x000000008c500000, 0x000000008c500000| Untracked 
| 118|0x000000008c600000, 0x000000008c600000, 0x000000008c700000|  0%| F|  |TAMS 0x000000008c600000, 0x000000008c600000| Untracked 
| 119|0x000000008c700000, 0x000000008c700000, 0x000000008c800000|  0%| F|  |TAMS 0x000000008c700000, 0x000000008c700000| Untracked 
| 120|0x000000008c800000, 0x000000008c800000, 0x000000008c900000|  0%| F|  |TAMS 0x000000008c800000, 0x000000008c800000| Untracked 
| 121|0x000000008c900000, 0x000000008c900000, 0x000000008ca00000|  0%| F|  |TAMS 0x000000008c900000, 0x000000008c900000| Untracked 
| 122|0x000000008ca00000, 0x000000008ca00000, 0x000000008cb00000|  0%| F|  |TAMS 0x000000008ca00000, 0x000000008ca00000| Untracked 
| 123|0x000000008cb00000, 0x000000008cb00000, 0x000000008cc00000|  0%| F|  |TAMS 0x000000008cb00000, 0x000000008cb00000| Untracked 
| 124|0x000000008cc00000, 0x000000008cc00000, 0x000000008cd00000|  0%| F|  |TAMS 0x000000008cc00000, 0x000000008cc00000| Untracked 
| 125|0x000000008cd00000, 0x000000008cd00000, 0x000000008ce00000|  0%| F|  |TAMS 0x000000008cd00000, 0x000000008cd00000| Untracked 
| 126|0x000000008ce00000, 0x000000008ce00000, 0x000000008cf00000|  0%| F|  |TAMS 0x000000008ce00000, 0x000000008ce00000| Untracked 
| 127|0x000000008cf00000, 0x000000008cf00000, 0x000000008d000000|  0%| F|  |TAMS 0x000000008cf00000, 0x000000008cf00000| Untracked 
| 128|0x000000008d000000, 0x000000008d000000, 0x000000008d100000|  0%| F|  |TAMS 0x000000008d000000, 0x000000008d000000| Untracked 
| 129|0x000000008d100000, 0x000000008d100000, 0x000000008d200000|  0%| F|  |TAMS 0x000000008d100000, 0x000000008d100000| Untracked 
| 130|0x000000008d200000, 0x000000008d200000, 0x000000008d300000|  0%| F|  |TAMS 0x000000008d200000, 0x000000008d200000| Untracked 
| 131|0x000000008d300000, 0x000000008d300000, 0x000000008d400000|  0%| F|  |TAMS 0x000000008d300000, 0x000000008d300000| Untracked 
| 132|0x000000008d400000, 0x000000008d400000, 0x000000008d500000|  0%| F|  |TAMS 0x000000008d400000, 0x000000008d400000| Untracked 
| 133|0x000000008d500000, 0x000000008d500000, 0x000000008d600000|  0%| F|  |TAMS 0x000000008d500000, 0x000000008d500000| Untracked 
| 134|0x000000008d600000, 0x000000008d600000, 0x000000008d700000|  0%| F|  |TAMS 0x000000008d600000, 0x000000008d600000| Untracked 
| 135|0x000000008d700000, 0x000000008d700000, 0x000000008d800000|  0%| F|  |TAMS 0x000000008d700000, 0x000000008d700000| Untracked 
| 136|0x000000008d800000, 0x000000008d800000, 0x000000008d900000|  0%| F|  |TAMS 0x000000008d800000, 0x000000008d800000| Untracked 
| 137|0x000000008d900000, 0x000000008d900000, 0x000000008da00000|  0%| F|  |TAMS 0x000000008d900000, 0x000000008d900000| Untracked 
| 138|0x000000008da00000, 0x000000008da00000, 0x000000008db00000|  0%| F|  |TAMS 0x000000008da00000, 0x000000008da00000| Untracked 
| 139|0x000000008db00000, 0x000000008db00000, 0x000000008dc00000|  0%| F|  |TAMS 0x000000008db00000, 0x000000008db00000| Untracked 
| 140|0x000000008dc00000, 0x000000008dc00000, 0x000000008dd00000|  0%| F|  |TAMS 0x000000008dc00000, 0x000000008dc00000| Untracked 
| 141|0x000000008dd00000, 0x000000008dd00000, 0x000000008de00000|  0%| F|  |TAMS 0x000000008dd00000, 0x000000008dd00000| Untracked 
| 142|0x000000008de00000, 0x000000008de00000, 0x000000008df00000|  0%| F|  |TAMS 0x000000008de00000, 0x000000008de00000| Untracked 
| 143|0x000000008df00000, 0x000000008df00000, 0x000000008e000000|  0%| F|  |TAMS 0x000000008df00000, 0x000000008df00000| Untracked 
| 144|0x000000008e000000, 0x000000008e000000, 0x000000008e100000|  0%| F|  |TAMS 0x000000008e000000, 0x000000008e000000| Untracked 
| 145|0x000000008e100000, 0x000000008e100000, 0x000000008e200000|  0%| F|  |TAMS 0x000000008e100000, 0x000000008e100000| Untracked 
| 146|0x000000008e200000, 0x000000008e200000, 0x000000008e300000|  0%| F|  |TAMS 0x000000008e200000, 0x000000008e200000| Untracked 
| 147|0x000000008e300000, 0x000000008e300000, 0x000000008e400000|  0%| F|  |TAMS 0x000000008e300000, 0x000000008e300000| Untracked 
| 148|0x000000008e400000, 0x000000008e400000, 0x000000008e500000|  0%| F|  |TAMS 0x000000008e400000, 0x000000008e400000| Untracked 
| 149|0x000000008e500000, 0x000000008e500000, 0x000000008e600000|  0%| F|  |TAMS 0x000000008e500000, 0x000000008e500000| Untracked 
| 150|0x000000008e600000, 0x000000008e600000, 0x000000008e700000|  0%| F|  |TAMS 0x000000008e600000, 0x000000008e600000| Untracked 
| 151|0x000000008e700000, 0x000000008e700000, 0x000000008e800000|  0%| F|  |TAMS 0x000000008e700000, 0x000000008e700000| Untracked 
| 152|0x000000008e800000, 0x000000008e800000, 0x000000008e900000|  0%| F|  |TAMS 0x000000008e800000, 0x000000008e800000| Untracked 
| 153|0x000000008e900000, 0x000000008e900000, 0x000000008ea00000|  0%| F|  |TAMS 0x000000008e900000, 0x000000008e900000| Untracked 
| 154|0x000000008ea00000, 0x000000008ea00000, 0x000000008eb00000|  0%| F|  |TAMS 0x000000008ea00000, 0x000000008ea00000| Untracked 
| 155|0x000000008eb00000, 0x000000008eb00000, 0x000000008ec00000|  0%| F|  |TAMS 0x000000008eb00000, 0x000000008eb00000| Untracked 
| 156|0x000000008ec00000, 0x000000008ec00000, 0x000000008ed00000|  0%| F|  |TAMS 0x000000008ec00000, 0x000000008ec00000| Untracked 
| 157|0x000000008ed00000, 0x000000008ed00000, 0x000000008ee00000|  0%| F|  |TAMS 0x000000008ed00000, 0x000000008ed00000| Untracked 
| 158|0x000000008ee00000, 0x000000008ee00000, 0x000000008ef00000|  0%| F|  |TAMS 0x000000008ee00000, 0x000000008ee00000| Untracked 
| 159|0x000000008ef00000, 0x000000008ef00000, 0x000000008f000000|  0%| F|  |TAMS 0x000000008ef00000, 0x000000008ef00000| Untracked 
|1966|0x00000000ffe00000, 0x00000000ffe34000, 0x00000000fff00000| 20%|OA|  |TAMS 0x00000000ffe00000, 0x00000000ffe00000| Untracked 
|1967|0x00000000fff00000, 0x00000000fff6a000, 0x0000000100000000| 41%|CA|  |TAMS 0x00000000fff00000, 0x00000000fff00000| Untracked 

Card table byte_map: [0x00007f384f16f000,0x00007f384f547000] _byte_map_base: 0x00007f384ed47000

Marking Bits (Prev, Next): (CMBitMap*) 0x00007f3868051dc8, (CMBitMap*) 0x00007f3868051e00
 Prev Bits: [0x00007f384ced7000, 0x00007f384ed97000)
 Next Bits: [0x00007f3846140000, 0x00007f3848000000)

Polling page: 0x00007f386f501000

Metaspace:

Usage:
  Non-class:     16,24 MB capacity,    15,89 MB ( 98%) used,   303,65 KB (  2%) free+waste,    60,06 KB ( <1%) overhead. 
      Class:      2,17 MB capacity,     1,93 MB ( 89%) used,   224,23 KB ( 10%) free+waste,    29,12 KB (  1%) overhead. 
       Both:     18,42 MB capacity,    17,81 MB ( 97%) used,   527,88 KB (  3%) free+waste,    89,19 KB ( <1%) overhead. 

Virtual space:
  Non-class space:       18,00 MB reserved,      16,50 MB ( 92%) committed 
      Class space:        1,00 GB reserved,       2,25 MB ( <1%) committed 
             Both:        1,02 GB reserved,      18,75 MB (  2%) committed 

Chunk freelists:
   Non-Class:  79,00 KB
       Class:  15,00 KB
        Both:  94,00 KB

CodeHeap 'non-profiled nmethods': size=120032Kb used=1081Kb max_used=1081Kb free=118951Kb
 bounds [0x00007f38579d8000, 0x00007f3857c48000, 0x00007f385ef10000]
CodeHeap 'profiled nmethods': size=120032Kb used=7681Kb max_used=7681Kb free=112350Kb
 bounds [0x00007f38504a0000, 0x00007f3850c30000, 0x00007f38579d8000]
CodeHeap 'non-nmethods': size=5696Kb used=1184Kb max_used=1184Kb free=4511Kb
 bounds [0x00007f384ff10000, 0x00007f3850180000, 0x00007f38504a0000]
 total_blobs=4706 nmethods=3654 adapters=372
 compilation: enabled
              stopped_count=0, restarted_count=0
 full_count=0

Compilation events (10 events):
Event: 10,596 Thread 0x00007f386811b000 nmethod 3672 0x00007f3857ae3490 code [0x00007f3857ae3640, 0x00007f3857ae3998]
Event: 10,596 Thread 0x00007f386811b000 3673       4       java.io.OutputStream::write (9 bytes)
Event: 10,618 Thread 0x00007f386811b000 nmethod 3673 0x00007f3857ae3c10 code [0x00007f3857ae3de0, 0x00007f3857ae4588]
Event: 10,618 Thread 0x00007f386811b000 3675       4       java.lang.ThreadLocal$ThreadLocalMap::set (136 bytes)
Event: 10,651 Thread 0x00007f386811b000 nmethod 3675 0x00007f3857ae4890 code [0x00007f3857ae4a60, 0x00007f3857ae5198]
Event: 10,651 Thread 0x00007f386811b000 3676       4       java.lang.ThreadLocal::set (30 bytes)
Event: 10,666 Thread 0x00007f386811b000 nmethod 3676 0x00007f3857ae5410 code [0x00007f3857ae55e0, 0x00007f3857ae5d58]
Event: 10,666 Thread 0x00007f386811b000 3685       4       org.eclipse.ant.internal.launching.remote.logger.RemoteAntBuildLogger::messageLogged (87 bytes)
Event: 69,191 Thread 0x00007f386811d000 3716       2       java.io.FilterInputStream::available (8 bytes)
Event: 74,680 Thread 0x00007f386811d000 nmethod 3716 0x00007f3850c20190 code [0x00007f3850c20340, 0x00007f3850c204e8]

GC Heap History (10 events):
Event: 10,688 GC heap after
{Heap after GC invocations=8 (full 0):
 garbage-first heap   total 129024K, used 14448K [0x0000000085000000, 0x0000000100000000)
  region size 1024K, 2 young (2048K), 2 survivors (2048K)
 Metaspace       used 18240K, capacity 18858K, committed 19200K, reserved 1067008K
  class space    used 1971K, capacity 2225K, committed 2304K, reserved 1048576K
}
Event: 10,767 GC heap before
{Heap before GC invocations=8 (full 0):
 garbage-first heap   total 129024K, used 78960K [0x0000000085000000, 0x0000000100000000)
  region size 1024K, 65 young (66560K), 2 survivors (2048K)
 Metaspace       used 18240K, capacity 18858K, committed 19200K, reserved 1067008K
  class space    used 1971K, capacity 2225K, committed 2304K, reserved 1048576K
}
Event: 10,795 GC heap after
{Heap after GC invocations=9 (full 0):
 garbage-first heap   total 165888K, used 14470K [0x0000000085000000, 0x0000000100000000)
  region size 1024K, 2 young (2048K), 2 survivors (2048K)
 Metaspace       used 18240K, capacity 18858K, committed 19200K, reserved 1067008K
  class space    used 1971K, capacity 2225K, committed 2304K, reserved 1048576K
}
Event: 11,217 GC heap before
{Heap before GC invocations=9 (full 0):
 garbage-first heap   total 165888K, used 94342K [0x0000000085000000, 0x0000000100000000)
  region size 1024K, 80 young (81920K), 2 survivors (2048K)
 Metaspace       used 18240K, capacity 18858K, committed 19200K, reserved 1067008K
  class space    used 1971K, capacity 2225K, committed 2304K, reserved 1048576K
}
Event: 11,657 GC heap after
{Heap after GC invocations=10 (full 0):
 garbage-first heap   total 165888K, used 14450K [0x0000000085000000, 0x0000000100000000)
  region size 1024K, 2 young (2048K), 2 survivors (2048K)
 Metaspace       used 18240K, capacity 18858K, committed 19200K, reserved 1067008K
  class space    used 1971K, capacity 2225K, committed 2304K, reserved 1048576K
}
Event: 14,297 GC heap before
{Heap before GC invocations=10 (full 0):
 garbage-first heap   total 165888K, used 99442K [0x0000000085000000, 0x0000000100000000)
  region size 1024K, 85 young (87040K), 2 survivors (2048K)
 Metaspace       used 18240K, capacity 18858K, committed 19200K, reserved 1067008K
  class space    used 1971K, capacity 2225K, committed 2304K, reserved 1048576K
}
Event: 14,339 GC heap after
{Heap after GC invocations=11 (full 0):
 garbage-first heap   total 165888K, used 14530K [0x0000000085000000, 0x0000000100000000)
  region size 1024K, 2 young (2048K), 2 survivors (2048K)
 Metaspace       used 18240K, capacity 18858K, committed 19200K, reserved 1067008K
  class space    used 1971K, capacity 2225K, committed 2304K, reserved 1048576K
}
Event: 14,501 GC heap before
{Heap before GC invocations=11 (full 0):
 garbage-first heap   total 165888K, used 104642K [0x0000000085000000, 0x0000000100000000)
  region size 1024K, 90 young (92160K), 2 survivors (2048K)
 Metaspace       used 18240K, capacity 18858K, committed 19200K, reserved 1067008K
  class space    used 1971K, capacity 2225K, committed 2304K, reserved 1048576K
}
Event: 14,581 GC heap after
{Heap after GC invocations=12 (full 0):
 garbage-first heap   total 165888K, used 14448K [0x0000000085000000, 0x0000000100000000)
  region size 1024K, 2 young (2048K), 2 survivors (2048K)
 Metaspace       used 18240K, capacity 18858K, committed 19200K, reserved 1067008K
  class space    used 1971K, capacity 2225K, committed 2304K, reserved 1048576K
}
Event: 81,964 GC heap before
{Heap before GC invocations=12 (full 0):
 garbage-first heap   total 165888K, used 108656K [0x0000000085000000, 0x0000000100000000)
  region size 1024K, 94 young (96256K), 2 survivors (2048K)
 Metaspace       used 18240K, capacity 18858K, committed 19200K, reserved 1067008K
  class space    used 1971K, capacity 2225K, committed 2304K, reserved 1048576K
}

Deoptimization events (10 events):
Event: 10,428 Thread 0x00007f38688cd800 DEOPT PACKING pc=0x00007f3850bf9e07 sp=0x00007f383593b780
Event: 10,428 Thread 0x00007f38688cd800 DEOPT UNPACKING pc=0x00007f384ff3883a sp=0x00007f383593ad18 mode 0
Event: 10,452 Thread 0x00007f38688cd800 DEOPT PACKING pc=0x00007f3850bf9e07 sp=0x00007f383593b790
Event: 10,452 Thread 0x00007f38688cd800 DEOPT UNPACKING pc=0x00007f384ff3883a sp=0x00007f383593ad28 mode 0
Event: 10,502 Thread 0x00007f38688cd800 DEOPT PACKING pc=0x00007f3850bfbbef sp=0x00007f383593bfa0
Event: 10,502 Thread 0x00007f38688cd800 DEOPT UNPACKING pc=0x00007f384ff3883a sp=0x00007f383593b448 mode 0
Event: 10,514 Thread 0x00007f38688cd800 DEOPT PACKING pc=0x00007f3850bfbbef sp=0x00007f383593c0d0
Event: 10,514 Thread 0x00007f38688cd800 DEOPT UNPACKING pc=0x00007f384ff3883a sp=0x00007f383593b578 mode 0
Event: 10,528 Thread 0x00007f38688cd800 DEOPT PACKING pc=0x00007f3850bfbbef sp=0x00007f383593c0d0
Event: 10,528 Thread 0x00007f38688cd800 DEOPT UNPACKING pc=0x00007f384ff3883a sp=0x00007f383593b578 mode 0

Classes redefined (0 events):
No events

Internal exceptions (10 events):
Event: 3,151 Thread 0x00007f3868013000 Exception <a 'java/lang/NoSuchMethodError'{0x000000008c678a70}: 'java.lang.Object java.lang.invoke.DirectMethodHandle$Holder.invokeSpecial(java.lang.Object, java.lang.Object, java.lang.Object, java.lang.Object, java.lang.Object, java.lang.Object, java.lan
Event: 3,151 Thread 0x00007f3868013000 Exception <a 'java/lang/NoSuchMethodError'{0x000000008c67cf10}: 'java.lang.Object java.lang.invoke.Invokers$Holder.linkToTargetMethod(java.lang.Object, java.lang.Object, java.lang.Object, java.lang.Object, java.lang.Object, java.lang.Object, java.lang.Obj
Event: 3,157 Thread 0x00007f3868013000 Exception <a 'java/lang/NoSuchMethodError'{0x000000008c6988d0}: 'java.lang.Object java.lang.invoke.Invokers$Holder.linkToTargetMethod(java.lang.Object, java.lang.Object, java.lang.Object, java.lang.Object, java.lang.Object, java.lang.Object, java.lang.Obj
Event: 3,353 Thread 0x00007f3868013000 Implicit null exception at 0x00007f3857a3b285 to 0x00007f3857a3b47e
Event: 3,353 Thread 0x00007f3868013000 Implicit null exception at 0x00007f3857a292af to 0x00007f3857a2932d
Event: 3,615 Thread 0x00007f3868013000 Exception <a 'java/lang/NoSuchMethodError'{0x000000008bd95990}: 'java.lang.Object java.lang.invoke.DirectMethodHandle$Holder.invokeStaticInit(java.lang.Object, java.lang.Object, long, java.lang.Object)'> (0x000000008bd95990) thrown at [/build/openjdk-lts-
Event: 3,622 Thread 0x00007f3868013000 Exception <a 'java/lang/NoSuchMethodError'{0x000000008bd9ff80}: 'java.lang.Object java.lang.invoke.DirectMethodHandle$Holder.invokeStatic(java.lang.Object, java.lang.Object, java.lang.Object, int)'> (0x000000008bd9ff80) thrown at [/build/openjdk-lts-7bqZf
Event: 3,623 Thread 0x00007f3868013000 Exception <a 'java/lang/NoSuchMethodError'{0x000000008bda3948}: 'java.lang.Object java.lang.invoke.DirectMethodHandle$Holder.invokeSpecial(java.lang.Object, java.lang.Object, java.lang.Object, java.lang.Object, int)'> (0x000000008bda3948) thrown at [/buil
Event: 3,623 Thread 0x00007f3868013000 Exception <a 'java/lang/NoSuchMethodError'{0x000000008bda69b0}: 'java.lang.Object java.lang.invoke.Invokers$Holder.linkToTargetMethod(java.lang.Object, java.lang.Object, int, java.lang.Object)'> (0x000000008bda69b0) thrown at [/build/openjdk-lts-7bqZff/op
Event: 8,583 Thread 0x00007f38688cd800 Implicit null exception at 0x00007f3857a613de to 0x00007f3857a618f6

Events (10 events):
Event: 10,688 Executing VM operation: G1CollectForAllocation done
Event: 10,761 Executing VM operation: G1CollectForAllocation
Event: 10,795 Executing VM operation: G1CollectForAllocation done
Event: 10,986 Executing VM operation: G1CollectForAllocation
Event: 11,672 Executing VM operation: G1CollectForAllocation done
Event: 14,270 Executing VM operation: G1CollectForAllocation
Event: 14,342 Executing VM operation: G1CollectForAllocation done
Event: 14,483 Executing VM operation: G1CollectForAllocation
Event: 14,603 Executing VM operation: G1CollectForAllocation done
Event: 80,886 Executing VM operation: G1CollectForAllocation


Dynamic libraries:
85000000-8f000000 rw-p 00000000 00:00 0 
96600000-ffe00000 ---p 00000000 00:00 0 
ffe00000-ffe34000 rw-p 01116000 08:05 661432                             /usr/lib/jvm/java-11-openjdk-amd64/lib/server/classes.jsa
ffe34000-fff00000 rw-p 00000000 00:00 0 
fff00000-fff6a000 rw-p 010ac000 08:05 661432                             /usr/lib/jvm/java-11-openjdk-amd64/lib/server/classes.jsa
fff6a000-100000000 rw-p 00000000 00:00 0 
800000000-800002000 rwxp 00001000 08:05 661432                           /usr/lib/jvm/java-11-openjdk-amd64/lib/server/classes.jsa
800002000-8003bd000 rw-p 00003000 08:05 661432                           /usr/lib/jvm/java-11-openjdk-amd64/lib/server/classes.jsa
8003bd000-800a98000 r--p 003be000 08:05 661432                           /usr/lib/jvm/java-11-openjdk-amd64/lib/server/classes.jsa
800a98000-800a99000 rw-p 00a99000 08:05 661432                           /usr/lib/jvm/java-11-openjdk-amd64/lib/server/classes.jsa
800a99000-8010ab000 r--p 00a9a000 08:05 661432                           /usr/lib/jvm/java-11-openjdk-amd64/lib/server/classes.jsa
840000000-840240000 rw-p 00000000 00:00 0 
840240000-880000000 ---p 00000000 00:00 0 
55f715494000-55f715495000 r-xp 00000000 08:05 660721                     /usr/lib/jvm/java-11-openjdk-amd64/bin/java
55f715695000-55f715696000 r--p 00001000 08:05 660721                     /usr/lib/jvm/java-11-openjdk-amd64/bin/java
55f715696000-55f715697000 rw-p 00002000 08:05 660721                     /usr/lib/jvm/java-11-openjdk-amd64/bin/java
55f716b05000-55f716b26000 rw-p 00000000 00:00 0                          [heap]
7f37e4000000-7f37e4021000 rw-p 00000000 00:00 0 
7f37e4021000-7f37e8000000 ---p 00000000 00:00 0 
7f37ec000000-7f37ec033000 rw-p 00000000 00:00 0 
7f37ec033000-7f37f0000000 ---p 00000000 00:00 0 
7f37f0000000-7f37f0021000 rw-p 00000000 00:00 0 
7f37f0021000-7f37f4000000 ---p 00000000 00:00 0 
7f37f4000000-7f37f4021000 rw-p 00000000 00:00 0 
7f37f4021000-7f37f8000000 ---p 00000000 00:00 0 
7f37f8000000-7f37f8021000 rw-p 00000000 00:00 0 
7f37f8021000-7f37fc000000 ---p 00000000 00:00 0 
7f37fc000000-7f37fc021000 rw-p 00000000 00:00 0 
7f37fc021000-7f3800000000 ---p 00000000 00:00 0 
7f3800000000-7f3800021000 rw-p 00000000 00:00 0 
7f3800021000-7f3804000000 ---p 00000000 00:00 0 
7f3804000000-7f3804021000 rw-p 00000000 00:00 0 
7f3804021000-7f3808000000 ---p 00000000 00:00 0 
7f3808000000-7f3808021000 rw-p 00000000 00:00 0 
7f3808021000-7f380c000000 ---p 00000000 00:00 0 
7f380c000000-7f380c021000 rw-p 00000000 00:00 0 
7f380c021000-7f3810000000 ---p 00000000 00:00 0 
7f3810000000-7f3810021000 rw-p 00000000 00:00 0 
7f3810021000-7f3814000000 ---p 00000000 00:00 0 
7f3814000000-7f381482c000 rw-p 00000000 00:00 0 
7f381482c000-7f3818000000 ---p 00000000 00:00 0 
7f3818000000-7f3818021000 rw-p 00000000 00:00 0 
7f3818021000-7f381c000000 ---p 00000000 00:00 0 
7f381c000000-7f381c021000 rw-p 00000000 00:00 0 
7f381c021000-7f3820000000 ---p 00000000 00:00 0 
7f3820000000-7f38219c3000 rw-p 00000000 00:00 0 
7f38219c3000-7f3824000000 ---p 00000000 00:00 0 
7f3824000000-7f3824021000 rw-p 00000000 00:00 0 
7f3824021000-7f3828000000 ---p 00000000 00:00 0 
7f3828000000-7f3828021000 rw-p 00000000 00:00 0 
7f3828021000-7f382c000000 ---p 00000000 00:00 0 
7f382c000000-7f382c02e000 rw-p 00000000 00:00 0 
7f382c02e000-7f3830000000 ---p 00000000 00:00 0 
7f3830000000-7f3830021000 rw-p 00000000 00:00 0 
7f3830021000-7f3834000000 ---p 00000000 00:00 0 
7f383563b000-7f383563f000 ---p 00000000 00:00 0 
7f383563f000-7f383573c000 rw-p 00000000 00:00 0 
7f383573c000-7f3835740000 ---p 00000000 00:00 0 
7f3835740000-7f383583d000 rw-p 00000000 00:00 0 
7f383583d000-7f3835841000 ---p 00000000 00:00 0 
7f3835841000-7f38359be000 rw-p 00000000 00:00 0 
7f38359be000-7f3835b3e000 ---p 00000000 00:00 0 
7f3835b3e000-7f3835d3e000 rw-p 00000000 00:00 0 
7f3835d3e000-7f3835d3f000 ---p 00000000 00:00 0 
7f3835d3f000-7f3835e40000 rw-p 00000000 00:00 0 
7f3835e40000-7f3835e41000 ---p 00000000 00:00 0 
7f3835e41000-7f3836142000 rw-p 00000000 00:00 0 
7f3836142000-7f3836342000 rw-p 00000000 00:00 0 
7f3836342000-7f3836542000 rw-p 00000000 00:00 0 
7f3836542000-7f3836544000 r-xp 00000000 08:05 660859                     /usr/lib/jvm/java-11-openjdk-amd64/lib/libextnet.so
7f3836544000-7f3836743000 ---p 00002000 08:05 660859                     /usr/lib/jvm/java-11-openjdk-amd64/lib/libextnet.so
7f3836743000-7f3836744000 r--p 00001000 08:05 660859                     /usr/lib/jvm/java-11-openjdk-amd64/lib/libextnet.so
7f3836744000-7f3836745000 rw-p 00002000 08:05 660859                     /usr/lib/jvm/java-11-openjdk-amd64/lib/libextnet.so
7f3836745000-7f3836746000 ---p 00000000 00:00 0 
7f3836746000-7f3836847000 rw-p 00000000 00:00 0 
7f3836847000-7f3836848000 ---p 00000000 00:00 0 
7f3836848000-7f3836949000 rw-p 00000000 00:00 0 
7f3836949000-7f383695f000 r-xp 00000000 08:05 660878                     /usr/lib/jvm/java-11-openjdk-amd64/lib/libnet.so
7f383695f000-7f3836b5e000 ---p 00016000 08:05 660878                     /usr/lib/jvm/java-11-openjdk-amd64/lib/libnet.so
7f3836b5e000-7f3836b5f000 r--p 00015000 08:05 660878                     /usr/lib/jvm/java-11-openjdk-amd64/lib/libnet.so
7f3836b5f000-7f3836b60000 rw-p 00016000 08:05 660878                     /usr/lib/jvm/java-11-openjdk-amd64/lib/libnet.so
7f3836b60000-7f3836b70000 r-xp 00000000 08:05 660879                     /usr/lib/jvm/java-11-openjdk-amd64/lib/libnio.so
7f3836b70000-7f3836d6f000 ---p 00010000 08:05 660879                     /usr/lib/jvm/java-11-openjdk-amd64/lib/libnio.so
7f3836d6f000-7f3836d70000 r--p 0000f000 08:05 660879                     /usr/lib/jvm/java-11-openjdk-amd64/lib/libnio.so
7f3836d70000-7f3836d71000 rw-p 00010000 08:05 660879                     /usr/lib/jvm/java-11-openjdk-amd64/lib/libnio.so
7f3836d71000-7f3836d75000 ---p 00000000 00:00 0 
7f3836d75000-7f3836e72000 rw-p 00000000 00:00 0 
7f3836e72000-7f3836e73000 ---p 00000000 00:00 0 
7f3836e73000-7f3836f74000 rw-p 00000000 00:00 0 
7f3836f74000-7f3836f78000 ---p 00000000 00:00 0 
7f3836f78000-7f3837075000 rw-p 00000000 00:00 0 
7f3837075000-7f3837079000 ---p 00000000 00:00 0 
7f3837079000-7f3837176000 rw-p 00000000 00:00 0 
7f3837176000-7f3837800000 r--p 00000000 08:05 662325                     /usr/lib/locale/locale-archive
7f3837800000-7f3838000000 rw-p 00000000 00:00 0 
7f3838000000-7f3838021000 rw-p 00000000 00:00 0 
7f3838021000-7f383c000000 ---p 00000000 00:00 0 
7f383c000000-7f383c021000 rw-p 00000000 00:00 0 
7f383c021000-7f3840000000 ---p 00000000 00:00 0 
7f3840000000-7f3840021000 rw-p 00000000 00:00 0 
7f3840021000-7f3844000000 ---p 00000000 00:00 0 
7f384403f000-7f3844043000 ---p 00000000 00:00 0 
7f3844043000-7f38463c0000 rw-p 00000000 00:00 0 
7f38463c0000-7f3847ff8000 ---p 00000000 00:00 0 
7f3847ff8000-7f3848000000 rw-p 00000000 00:00 0 
7f3848000000-7f3848021000 rw-p 00000000 00:00 0 
7f3848021000-7f384c000000 ---p 00000000 00:00 0 
7f384c0a1000-7f384c0a5000 ---p 00000000 00:00 0 
7f384c0a5000-7f384c0c3000 rw-p 00000000 00:00 0 
7f384c0c3000-7f384c0e9000 r--p 00000000 08:05 1314425                    /usr/share/locale-langpack/fr/LC_MESSAGES/libc.mo
7f384c0e9000-7f384c0ed000 ---p 00000000 00:00 0 
7f384c0ed000-7f384c1ea000 rw-p 00000000 00:00 0 
7f384c1ea000-7f384c1ee000 ---p 00000000 00:00 0 
7f384c1ee000-7f384c2eb000 rw-p 00000000 00:00 0 
7f384c2eb000-7f384c2ef000 ---p 00000000 00:00 0 
7f384c2ef000-7f384c3ec000 rw-p 00000000 00:00 0 
7f384c3ec000-7f384c3f0000 ---p 00000000 00:00 0 
7f384c3f0000-7f384c4ed000 rw-p 00000000 00:00 0 
7f384c4ed000-7f384c4ee000 ---p 00000000 00:00 0 
7f384c4ee000-7f384c6cb000 rw-p 00000000 00:00 0 
7f384c6cb000-7f384c6cc000 ---p 00000000 00:00 0 
7f384c6cc000-7f384c7cd000 rw-p 00000000 00:00 0 
7f384c7cd000-7f384c7ce000 ---p 00000000 00:00 0 
7f384c7ce000-7f384ccd3000 rw-p 00000000 00:00 0 
7f384ccd3000-7f384ccd4000 ---p 00000000 00:00 0 
7f384ccd4000-7f384cdd5000 rw-p 00000000 00:00 0 
7f384cdd5000-7f384cdd6000 ---p 00000000 00:00 0 
7f384cdd6000-7f384d157000 rw-p 00000000 00:00 0 
7f384d157000-7f384ed8f000 ---p 00000000 00:00 0 
7f384ed8f000-7f384ede7000 rw-p 00000000 00:00 0 
7f384ede7000-7f384f16e000 ---p 00000000 00:00 0 
7f384f16e000-7f384f1bf000 rw-p 00000000 00:00 0 
7f384f1bf000-7f384f546000 ---p 00000000 00:00 0 
7f384f546000-7f384f597000 rw-p 00000000 00:00 0 
7f384f597000-7f384f91e000 ---p 00000000 00:00 0 
7f384f91e000-7f384fd23000 rw-p 00000000 00:00 0 
7f384fd23000-7f384fd24000 ---p 00000000 00:00 0 
7f384fd24000-7f384fe2a000 rw-p 00000000 00:00 0 
7f384fe2a000-7f384ff10000 ---p 00000000 00:00 0 
7f384ff10000-7f3850180000 rwxp 00000000 00:00 0 
7f3850180000-7f38504a0000 ---p 00000000 00:00 0 
7f38504a0000-7f3850c30000 rwxp 00000000 00:00 0 
7f3850c30000-7f38579d8000 ---p 00000000 00:00 0 
7f38579d8000-7f3857c48000 rwxp 00000000 00:00 0 
7f3857c48000-7f385ef10000 ---p 00000000 00:00 0 
7f385ef10000-7f38675ba000 r--s 00000000 08:05 660889                     /usr/lib/jvm/java-11-openjdk-amd64/lib/modules
7f38675ba000-7f38675bf000 r-xp 00000000 08:05 660870                     /usr/lib/jvm/java-11-openjdk-amd64/lib/libjimage.so
7f38675bf000-7f38677be000 ---p 00005000 08:05 660870                     /usr/lib/jvm/java-11-openjdk-amd64/lib/libjimage.so
7f38677be000-7f38677bf000 r--p 00004000 08:05 660870                     /usr/lib/jvm/java-11-openjdk-amd64/lib/libjimage.so
7f38677bf000-7f38677c0000 rw-p 00005000 08:05 660870                     /usr/lib/jvm/java-11-openjdk-amd64/lib/libjimage.so
7f38677c0000-7f38677c7000 r-xp 00000000 08:05 660888                     /usr/lib/jvm/java-11-openjdk-amd64/lib/libzip.so
7f38677c7000-7f38679c6000 ---p 00007000 08:05 660888                     /usr/lib/jvm/java-11-openjdk-amd64/lib/libzip.so
7f38679c6000-7f38679c7000 r--p 00006000 08:05 660888                     /usr/lib/jvm/java-11-openjdk-amd64/lib/libzip.so
7f38679c7000-7f38679c8000 rw-p 00007000 08:05 660888                     /usr/lib/jvm/java-11-openjdk-amd64/lib/libzip.so
7f38679c8000-7f38679d3000 r-xp 00000000 08:05 6296680                    /lib/x86_64-linux-gnu/libnss_files-2.27.so
7f38679d3000-7f3867bd2000 ---p 0000b000 08:05 6296680                    /lib/x86_64-linux-gnu/libnss_files-2.27.so
7f3867bd2000-7f3867bd3000 r--p 0000a000 08:05 6296680                    /lib/x86_64-linux-gnu/libnss_files-2.27.so
7f3867bd3000-7f3867bd4000 rw-p 0000b000 08:05 6296680                    /lib/x86_64-linux-gnu/libnss_files-2.27.so
7f3867bd4000-7f3867bda000 rw-p 00000000 00:00 0 
7f3867bda000-7f3867bf1000 r-xp 00000000 08:05 6296674                    /lib/x86_64-linux-gnu/libnsl-2.27.so
7f3867bf1000-7f3867df0000 ---p 00017000 08:05 6296674                    /lib/x86_64-linux-gnu/libnsl-2.27.so
7f3867df0000-7f3867df1000 r--p 00016000 08:05 6296674                    /lib/x86_64-linux-gnu/libnsl-2.27.so
7f3867df1000-7f3867df2000 rw-p 00017000 08:05 6296674                    /lib/x86_64-linux-gnu/libnsl-2.27.so
7f3867df2000-7f3867df4000 rw-p 00000000 00:00 0 
7f3867df4000-7f3867dff000 r-xp 00000000 08:05 6296691                    /lib/x86_64-linux-gnu/libnss_nis-2.27.so
7f3867dff000-7f3867ffe000 ---p 0000b000 08:05 6296691                    /lib/x86_64-linux-gnu/libnss_nis-2.27.so
7f3867ffe000-7f3867fff000 r--p 0000a000 08:05 6296691                    /lib/x86_64-linux-gnu/libnss_nis-2.27.so
7f3867fff000-7f3868000000 rw-p 0000b000 08:05 6296691                    /lib/x86_64-linux-gnu/libnss_nis-2.27.so
7f3868000000-7f3868a72000 rw-p 00000000 00:00 0 
7f3868a72000-7f386c000000 ---p 00000000 00:00 0 
7f386c008000-7f386c00f000 r--s 00000000 08:05 921421                     /usr/lib/x86_64-linux-gnu/gconv/gconv-modules.cache
7f386c00f000-7f386c01f000 rw-p 00000000 00:00 0 
7f386c01f000-7f386c0fa000 ---p 00000000 00:00 0 
7f386c0fa000-7f386c102000 r-xp 00000000 08:05 6296676                    /lib/x86_64-linux-gnu/libnss_compat-2.27.so
7f386c102000-7f386c302000 ---p 00008000 08:05 6296676                    /lib/x86_64-linux-gnu/libnss_compat-2.27.so
7f386c302000-7f386c303000 r--p 00008000 08:05 6296676                    /lib/x86_64-linux-gnu/libnss_compat-2.27.so
7f386c303000-7f386c304000 rw-p 00009000 08:05 6296676                    /lib/x86_64-linux-gnu/libnss_compat-2.27.so
7f386c304000-7f386c32d000 r-xp 00000000 08:05 660866                     /usr/lib/jvm/java-11-openjdk-amd64/lib/libjava.so
7f386c32d000-7f386c52c000 ---p 00029000 08:05 660866                     /usr/lib/jvm/java-11-openjdk-amd64/lib/libjava.so
7f386c52c000-7f386c52d000 r--p 00028000 08:05 660866                     /usr/lib/jvm/java-11-openjdk-amd64/lib/libjava.so
7f386c52d000-7f386c52f000 rw-p 00029000 08:05 660866                     /usr/lib/jvm/java-11-openjdk-amd64/lib/libjava.so
7f386c52f000-7f386c53c000 r-xp 00000000 08:05 660887                     /usr/lib/jvm/java-11-openjdk-amd64/lib/libverify.so
7f386c53c000-7f386c73b000 ---p 0000d000 08:05 660887                     /usr/lib/jvm/java-11-openjdk-amd64/lib/libverify.so
7f386c73b000-7f386c73d000 r--p 0000c000 08:05 660887                     /usr/lib/jvm/java-11-openjdk-amd64/lib/libverify.so
7f386c73d000-7f386c73e000 rw-p 0000e000 08:05 660887                     /usr/lib/jvm/java-11-openjdk-amd64/lib/libverify.so
7f386c73e000-7f386c745000 r-xp 00000000 08:05 6296731                    /lib/x86_64-linux-gnu/librt-2.27.so
7f386c745000-7f386c944000 ---p 00007000 08:05 6296731                    /lib/x86_64-linux-gnu/librt-2.27.so
7f386c944000-7f386c945000 r--p 00006000 08:05 6296731                    /lib/x86_64-linux-gnu/librt-2.27.so
7f386c945000-7f386c946000 rw-p 00007000 08:05 6296731                    /lib/x86_64-linux-gnu/librt-2.27.so
7f386c946000-7f386c95d000 r-xp 00000000 08:05 6296627                    /lib/x86_64-linux-gnu/libgcc_s.so.1
7f386c95d000-7f386cb5c000 ---p 00017000 08:05 6296627                    /lib/x86_64-linux-gnu/libgcc_s.so.1
7f386cb5c000-7f386cb5d000 r--p 00016000 08:05 6296627                    /lib/x86_64-linux-gnu/libgcc_s.so.1
7f386cb5d000-7f386cb5e000 rw-p 00017000 08:05 6296627                    /lib/x86_64-linux-gnu/libgcc_s.so.1
7f386cb5e000-7f386ccfb000 r-xp 00000000 08:05 6296653                    /lib/x86_64-linux-gnu/libm-2.27.so
7f386ccfb000-7f386cefa000 ---p 0019d000 08:05 6296653                    /lib/x86_64-linux-gnu/libm-2.27.so
7f386cefa000-7f386cefb000 r--p 0019c000 08:05 6296653                    /lib/x86_64-linux-gnu/libm-2.27.so
7f386cefb000-7f386cefc000 rw-p 0019d000 08:05 6296653                    /lib/x86_64-linux-gnu/libm-2.27.so
7f386cefc000-7f386d075000 r-xp 00000000 08:05 665498                     /usr/lib/x86_64-linux-gnu/libstdc++.so.6.0.25
7f386d075000-7f386d275000 ---p 00179000 08:05 665498                     /usr/lib/x86_64-linux-gnu/libstdc++.so.6.0.25
7f386d275000-7f386d27f000 r--p 00179000 08:05 665498                     /usr/lib/x86_64-linux-gnu/libstdc++.so.6.0.25
7f386d27f000-7f386d281000 rw-p 00183000 08:05 665498                     /usr/lib/x86_64-linux-gnu/libstdc++.so.6.0.25
7f386d281000-7f386d285000 rw-p 00000000 00:00 0 
7f386d285000-7f386e351000 r-xp 00000000 08:05 660894                     /usr/lib/jvm/java-11-openjdk-amd64/lib/server/libjvm.so
7f386e351000-7f386e550000 ---p 010cc000 08:05 660894                     /usr/lib/jvm/java-11-openjdk-amd64/lib/server/libjvm.so
7f386e550000-7f386e60d000 r--p 010cb000 08:05 660894                     /usr/lib/jvm/java-11-openjdk-amd64/lib/server/libjvm.so
7f386e60d000-7f386e646000 rw-p 01188000 08:05 660894                     /usr/lib/jvm/java-11-openjdk-amd64/lib/server/libjvm.so
7f386e646000-7f386e69c000 rw-p 00000000 00:00 0 
7f386e69c000-7f386e6b6000 r-xp 00000000 08:05 6296723                    /lib/x86_64-linux-gnu/libpthread-2.27.so
7f386e6b6000-7f386e8b5000 ---p 0001a000 08:05 6296723                    /lib/x86_64-linux-gnu/libpthread-2.27.so
7f386e8b5000-7f386e8b6000 r--p 00019000 08:05 6296723                    /lib/x86_64-linux-gnu/libpthread-2.27.so
7f386e8b6000-7f386e8b7000 rw-p 0001a000 08:05 6296723                    /lib/x86_64-linux-gnu/libpthread-2.27.so
7f386e8b7000-7f386e8bb000 rw-p 00000000 00:00 0 
7f386e8bb000-7f386e8be000 r-xp 00000000 08:05 6296613                    /lib/x86_64-linux-gnu/libdl-2.27.so
7f386e8be000-7f386eabd000 ---p 00003000 08:05 6296613                    /lib/x86_64-linux-gnu/libdl-2.27.so
7f386eabd000-7f386eabe000 r--p 00002000 08:05 6296613                    /lib/x86_64-linux-gnu/libdl-2.27.so
7f386eabe000-7f386eabf000 rw-p 00003000 08:05 6296613                    /lib/x86_64-linux-gnu/libdl-2.27.so
7f386eabf000-7f386eadb000 r-xp 00000000 08:05 6296762                    /lib/x86_64-linux-gnu/libz.so.1.2.11
7f386eadb000-7f386ecda000 ---p 0001c000 08:05 6296762                    /lib/x86_64-linux-gnu/libz.so.1.2.11
7f386ecda000-7f386ecdb000 r--p 0001b000 08:05 6296762                    /lib/x86_64-linux-gnu/libz.so.1.2.11
7f386ecdb000-7f386ecdc000 rw-p 0001c000 08:05 6296762                    /lib/x86_64-linux-gnu/libz.so.1.2.11
7f386ecdc000-7f386eec3000 r-xp 00000000 08:05 6296590                    /lib/x86_64-linux-gnu/libc-2.27.so
7f386eec3000-7f386f0c3000 ---p 001e7000 08:05 6296590                    /lib/x86_64-linux-gnu/libc-2.27.so
7f386f0c3000-7f386f0c7000 r--p 001e7000 08:05 6296590                    /lib/x86_64-linux-gnu/libc-2.27.so
7f386f0c7000-7f386f0c9000 rw-p 001eb000 08:05 6296590                    /lib/x86_64-linux-gnu/libc-2.27.so
7f386f0c9000-7f386f0cd000 rw-p 00000000 00:00 0 
7f386f0cd000-7f386f0dd000 r-xp 00000000 08:05 660850                     /usr/lib/jvm/java-11-openjdk-amd64/lib/jli/libjli.so
7f386f0dd000-7f386f2dc000 ---p 00010000 08:05 660850                     /usr/lib/jvm/java-11-openjdk-amd64/lib/jli/libjli.so
7f386f2dc000-7f386f2dd000 r--p 0000f000 08:05 660850                     /usr/lib/jvm/java-11-openjdk-amd64/lib/jli/libjli.so
7f386f2dd000-7f386f2de000 rw-p 00010000 08:05 660850                     /usr/lib/jvm/java-11-openjdk-amd64/lib/jli/libjli.so
7f386f2de000-7f386f305000 r-xp 00000000 08:05 6296562                    /lib/x86_64-linux-gnu/ld-2.27.so
7f386f308000-7f386f3e5000 rw-p 00000000 00:00 0 
7f386f3e5000-7f386f3e9000 ---p 00000000 00:00 0 
7f386f3e9000-7f386f4e8000 rw-p 00000000 00:00 0 
7f386f4eb000-7f386f4f0000 rw-p 00000000 00:00 0 
7f386f4f0000-7f386f4f7000 ---p 00000000 00:00 0 
7f386f4f7000-7f386f4f9000 r--s 00007000 08:05 1055455                    /usr/share/java/java-atk-wrapper.jar
7f386f4f9000-7f386f501000 rw-s 00000000 08:05 2625111                    /tmp/hsperfdata_fatemeh/28218
7f386f501000-7f386f502000 ---p 00000000 00:00 0 
7f386f502000-7f386f503000 r--p 00000000 00:00 0 
7f386f503000-7f386f505000 rw-p 00000000 00:00 0 
7f386f505000-7f386f506000 r--p 00027000 08:05 6296562                    /lib/x86_64-linux-gnu/ld-2.27.so
7f386f506000-7f386f507000 rw-p 00028000 08:05 6296562                    /lib/x86_64-linux-gnu/ld-2.27.so
7f386f507000-7f386f508000 rw-p 00000000 00:00 0 
7ffcbd267000-7ffcbd289000 rw-p 00000000 00:00 0                          [stack]
7ffcbd316000-7ffcbd319000 r--p 00000000 00:00 0                          [vvar]
7ffcbd319000-7ffcbd31a000 r-xp 00000000 00:00 0                          [vdso]
ffffffffff600000-ffffffffff601000 r-xp 00000000 00:00 0                  [vsyscall]


VM Arguments:
jvm_args: -Dant.home=/home/fatemeh/.p2/pool/plugins/org.apache.ant_1.10.5.v20190526-1402 -Dant.library.dir=/home/fatemeh/.p2/pool/plugins/org.apache.ant_1.10.5.v20190526-1402/lib -Djava.library.path=/usr/java/packages/lib:/usr/lib/x86_64-linux-gnu/jni:/lib/x86_64-linux-gnu:/usr/lib/x86_64-linux-gnu:/usr/lib/jni:/lib:/usr/lib:/home/fatemeh/eclipse/java-2019-06/eclipse/configuration/org.eclipse.osgi/371/0/.cp -Dfile.encoding=UTF-8 
java_command: org.eclipse.ant.internal.launching.remote.InternalAntRunner -Dorg.eclipse.ant.core.ANT_PROCESS_ID=1571745806662 -Declipse.connect.port=45085 -Dant.home=/home/fatemeh/.p2/pool/plugins/org.apache.ant_1.10.5.v20190526-1402 -logger org.eclipse.ant.internal.launching.remote.logger.RemoteAntBuildLogger -inputhandler org.eclipse.ant.internal.ui.antsupport.inputhandler.ProxyInputHandler -buildfile /home/fatemeh/EDC/aagaTME3/build.xml compile run
java_class_path (initial): /home/fatemeh/.p2/pool/plugins/org.apache.ant_1.10.5.v20190526-1402/lib/ant-antlr.jar:/home/fatemeh/.p2/pool/plugins/org.apache.ant_1.10.5.v20190526-1402/lib/ant-apache-bcel.jar:/home/fatemeh/.p2/pool/plugins/org.apache.ant_1.10.5.v20190526-1402/lib/ant-apache-bsf.jar:/home/fatemeh/.p2/pool/plugins/org.apache.ant_1.10.5.v20190526-1402/lib/ant-apache-log4j.jar:/home/fatemeh/.p2/pool/plugins/org.apache.ant_1.10.5.v20190526-1402/lib/ant-apache-oro.jar:/home/fatemeh/.p2/pool/plugins/org.apache.ant_1.10.5.v20190526-1402/lib/ant-apache-regexp.jar:/home/fatemeh/.p2/pool/plugins/org.apache.ant_1.10.5.v20190526-1402/lib/ant-apache-resolver.jar:/home/fatemeh/.p2/pool/plugins/org.apache.ant_1.10.5.v20190526-1402/lib/ant-apache-xalan2.jar:/home/fatemeh/.p2/pool/plugins/org.apache.ant_1.10.5.v20190526-1402/lib/ant-commons-logging.jar:/home/fatemeh/.p2/pool/plugins/org.apache.ant_1.10.5.v20190526-1402/lib/ant-commons-net.jar:/home/fatemeh/.p2/pool/plugins/org.apache.ant_1.10.5.v20190526-1402/lib/ant-jai.jar:/home/fatemeh/.p2/pool/plugins/org.apache.ant_1.10.5.v20190526-1402/lib/ant-javamail.jar:/home/fatemeh/.p2/pool/plugins/org.apache.ant_1.10.5.v20190526-1402/lib/ant-jdepend.jar:/home/fatemeh/.p2/pool/plugins/org.apache.ant_1.10.5.v20190526-1402/lib/ant-jmf.jar:/home/fatemeh/.p2/pool/plugins/org.apache.ant_1.10.5.v20190526-1402/lib/ant-jsch.jar:/home/fatemeh/.p2/pool/plugins/org.apache.ant_1.10.5.v20190526-1402/lib/ant-junit.jar:/home/fatemeh/.p2/pool/plugins/org.apache.ant_1.10.5.v20190526-1402/lib/ant-junit4.jar:/home/fatemeh/.p2/pool/plugins/org.apache.ant_1.10.5.v20190526-1402/lib/ant-junitlauncher.jar:/home/fatemeh/.p2/pool/plugins/org.apache.ant_1.10.5.v20190526-1402/lib/ant-launcher.jar:/home/fatemeh/.p2/pool/plugins/org.apache.ant_1.10.5.v20190526-1402/lib/ant-netrexx.jar:/home/fatemeh/.p2/pool/plugins/org.apache.ant_1.10.5.v20190526-1402/lib/ant-swing.jar:/home/fatemeh/.p2/pool/plugins/org.apache.ant_1.10.5.v20190526-1402/lib/ant-testutil.j
Launcher Type: SUN_STANDARD

[Global flags]
     intx CICompilerCount                          = 3                                         {product} {ergonomic}
     uint ConcGCThreads                            = 1                                         {product} {ergonomic}
     uint G1ConcRefinementThreads                  = 4                                         {product} {ergonomic}
   size_t G1HeapRegionSize                         = 1048576                                   {product} {ergonomic}
    uintx GCDrainStackTargetSize                   = 64                                        {product} {ergonomic}
   size_t InitialHeapSize                          = 130023424                                 {product} {ergonomic}
   size_t MarkStackSize                            = 4194304                                   {product} {ergonomic}
   size_t MaxHeapSize                              = 2063597568                                {product} {ergonomic}
   size_t MaxNewSize                               = 1237319680                                {product} {ergonomic}
   size_t MinHeapDeltaBytes                        = 1048576                                   {product} {ergonomic}
    uintx NonNMethodCodeHeapSize                   = 5830092                                {pd product} {ergonomic}
    uintx NonProfiledCodeHeapSize                  = 122914074                              {pd product} {ergonomic}
    uintx ProfiledCodeHeapSize                     = 122914074                              {pd product} {ergonomic}
    uintx ReservedCodeCacheSize                    = 251658240                              {pd product} {ergonomic}
     bool SegmentedCodeCache                       = true                                      {product} {ergonomic}
     bool UseCompressedClassPointers               = true                                 {lp64_product} {ergonomic}
     bool UseCompressedOops                        = true                                 {lp64_product} {ergonomic}
     bool UseG1GC                                  = true                                      {product} {ergonomic}

Logging:
Log output configuration:
 #0: stdout all=warning uptime,level,tags
 #1: stderr all=off uptime,level,tags

Environment Variables:
PATH=/usr/local/sbin:/usr/local/bin:/usr/sbin:/usr/bin:/sbin:/bin:/usr/games:/usr/local/games:/snap/bin
SHELL=/bin/bash
DISPLAY=:0

Signal Handlers:
SIGSEGV: [libjvm.so+0xde5f50], sa_mask[0]=11111111011111111101111111111110, sa_flags=SA_RESTART|SA_SIGINFO
SIGBUS: [libjvm.so+0xde5f50], sa_mask[0]=11111111011111111101111111111110, sa_flags=SA_RESTART|SA_SIGINFO
SIGFPE: [libjvm.so+0xde5f50], sa_mask[0]=11111111011111111101111111111110, sa_flags=SA_RESTART|SA_SIGINFO
SIGPIPE: [libjvm.so+0xbba5b0], sa_mask[0]=11111111011111111101111111111110, sa_flags=SA_RESTART|SA_SIGINFO
SIGXFSZ: [libjvm.so+0xbba5b0], sa_mask[0]=11111111011111111101111111111110, sa_flags=SA_RESTART|SA_SIGINFO
SIGILL: [libjvm.so+0xde5f50], sa_mask[0]=11111111011111111101111111111110, sa_flags=SA_RESTART|SA_SIGINFO
SIGUSR2: [libjvm.so+0xbba450], sa_mask[0]=00100000000000000000000000000000, sa_flags=SA_RESTART|SA_SIGINFO
SIGHUP: [libjvm.so+0xbba7b0], sa_mask[0]=11111111011111111101111111111110, sa_flags=SA_RESTART|SA_SIGINFO
SIGINT: [libjvm.so+0xbba7b0], sa_mask[0]=11111111011111111101111111111110, sa_flags=SA_RESTART|SA_SIGINFO
SIGTERM: [libjvm.so+0xbba7b0], sa_mask[0]=11111111011111111101111111111110, sa_flags=SA_RESTART|SA_SIGINFO
SIGQUIT: [libjvm.so+0xbba7b0], sa_mask[0]=11111111011111111101111111111110, sa_flags=SA_RESTART|SA_SIGINFO


---------------  S Y S T E M  ---------------

OS:DISTRIB_ID=Ubuntu
DISTRIB_RELEASE=18.04
DISTRIB_CODENAME=bionic
DISTRIB_DESCRIPTION="Ubuntu 18.04.3 LTS"
uname:Linux 5.0.0-29-generic #31~18.04.1-Ubuntu SMP Thu Sep 12 18:29:21 UTC 2019 x86_64
libc:glibc 2.27 NPTL 2.27 
rlimit: STACK 8192k, CORE 0k, NPROC 31284, NOFILE 1048576, AS infinity, DATA infinity, FSIZE infinity
load average:36,09 12,82 4,77

/proc/meminfo:
MemTotal:        8056592 kB
MemFree:          108872 kB
MemAvailable:       2972 kB
Buffers:             396 kB
Cached:          2376184 kB
SwapCached:        37940 kB
Active:          6659588 kB
Inactive:         845836 kB
Active(anon):    6658096 kB
Inactive(anon):   841732 kB
Active(file):       1492 kB
Inactive(file):     4104 kB
Unevictable:       22872 kB
Mlocked:             112 kB
SwapTotal:       2097148 kB
SwapFree:              0 kB
Dirty:                 0 kB
Writeback:             0 kB
AnonPages:       5114812 kB
Mapped:           614720 kB
Shmem:           2370116 kB
KReclaimable:      63032 kB
Slab:             163644 kB
SReclaimable:      63032 kB
SUnreclaim:       100612 kB
KernelStack:       22096 kB
PageTables:       125716 kB
NFS_Unstable:          0 kB
Bounce:                0 kB
WritebackTmp:          0 kB
CommitLimit:     6125444 kB
Committed_AS:   22475836 kB
VmallocTotal:   34359738367 kB
VmallocUsed:           0 kB
VmallocChunk:          0 kB
Percpu:             1168 kB
HardwareCorrupted:     0 kB
AnonHugePages:         0 kB
ShmemHugePages:        0 kB
ShmemPmdMapped:        0 kB
CmaTotal:              0 kB
CmaFree:               0 kB
HugePages_Total:       0
HugePages_Free:        0
HugePages_Rsvd:        0
HugePages_Surp:        0
Hugepagesize:       2048 kB
Hugetlb:               0 kB
DirectMap4k:      601684 kB
DirectMap2M:     7677952 kB
DirectMap1G:           0 kB


/proc/sys/kernel/threads-max (system-wide limit on the number of threads):
62568


/proc/sys/vm/max_map_count (maximum number of memory map areas a process may have):
65530


/proc/sys/kernel/pid_max (system-wide limit on number of process identifiers):
32768



container (cgroup) information:
container_type: cgroupv1
cpu_cpuset_cpus: 0-3
cpu_memory_nodes: 0
active_processor_count: 4
cpu_quota: -1
cpu_period: 100000
cpu_shares: -1
memory_limit_in_bytes: -1
memory_and_swap_limit_in_bytes: -2
memory_soft_limit_in_bytes: -1
memory_usage_in_bytes: 7709593600
memory_max_usage_in_bytes: 10366738432

Steal ticks since vm start: 0
Steal ticks percentage since vm start:  0,000

CPU:total 4 (initial active 4) (2 cores per cpu, 2 threads per core) family 6 model 78 stepping 3, cmov, cx8, fxsr, mmx, sse, sse2, sse3, ssse3, sse4.1, sse4.2, popcnt, avx, avx2, aes, clmul, erms, 3dnowpref, lzcnt, ht, tsc, tscinvbit, bmi1, bmi2, adx, fma
CPU Model and flags from /proc/cpuinfo:
model name	: Intel(R) Core(TM) i7-6500U CPU @ 2.50GHz
flags		: fpu vme de pse tsc msr pae mce cx8 apic sep mtrr pge mca cmov pat pse36 clflush dts acpi mmx fxsr sse sse2 ss ht tm pbe syscall nx pdpe1gb rdtscp lm constant_tsc art arch_perfmon pebs bts rep_good nopl xtopology nonstop_tsc cpuid aperfmperf tsc_known_freq pni pclmulqdq dtes64 monitor ds_cpl vmx est tm2 ssse3 sdbg fma cx16 xtpr pdcm pcid sse4_1 sse4_2 x2apic movbe popcnt tsc_deadline_timer aes xsave avx f16c rdrand lahf_lm abm 3dnowprefetch cpuid_fault epb invpcid_single pti ssbd ibrs ibpb stibp tpr_shadow vnmi flexpriority ept vpid ept_ad fsgsbase tsc_adjust bmi1 avx2 smep bmi2 erms invpcid mpx rdseed adx smap clflushopt intel_pt xsaveopt xsavec xgetbv1 xsaves dtherm ida arat pln pts hwp hwp_notify hwp_act_window hwp_epp md_clear flush_l1d

Memory: 4k page, physical 8056592k(107228k free), swap 2097148k(0k free)

vm_info: OpenJDK 64-Bit Server VM (11.0.4+11-post-Ubuntu-1ubuntu218.04.3) for linux-amd64 JRE (11.0.4+11-post-Ubuntu-1ubuntu218.04.3), built on Jul 18 2019 18:21:46 by "buildd" with gcc 7.4.0

END.
