#
# There is insufficient memory for the Java Runtime Environment to continue.
# Native memory allocation (mmap) failed to map 130023424 bytes for committing reserved memory.
# Possible reasons:
#   The system is out of physical RAM or swap space
#   The process is running with CompressedOops enabled, and the Java Heap may be blocking the growth of the native heap
# Possible solutions:
#   Reduce memory load on the system
#   Increase physical memory or swap space
#   Check if swap backing store is full
#   Decrease Java heap size (-Xmx/-Xms)
#   Decrease number of Java threads
#   Decrease Java thread stack sizes (-Xss)
#   Set larger code cache with -XX:ReservedCodeCacheSize=
# This output file may be truncated or incomplete.
#
#  Out of Memory Error (os_linux.cpp:2893), pid=21769, tid=21776
#
# JRE version:  (11.0.4+11) (build )
# Java VM: OpenJDK 64-Bit Server VM (11.0.4+11-post-Ubuntu-1ubuntu218.04.3, mixed mode, aot, sharing, tiered, compressed oops, g1 gc, linux-amd64)
# Core dump will be written. Default location: Core dumps may be processed with "/usr/share/apport/apport %p %s %c %d %P" (or dumping to /home/fatemeh/EDC/aagaTME3/core.21769)
#

---------------  S U M M A R Y ------------

Command Line: -Dfile.encoding=UTF-8 algorithms.Test

Host: Intel(R) Core(TM) i7-6500U CPU @ 2.50GHz, 4 cores, 7G, Ubuntu 18.04.3 LTS
Time: Sun Nov  3 18:40:20 2019 CET elapsed time: 0 seconds (0d 0h 0m 0s)

---------------  T H R E A D  ---------------

Current thread (0x00007ffa30012000):  JavaThread "Unknown thread" [_thread_in_vm, id=21776, stack(0x00007ffa37cf5000,0x00007ffa37df6000)]

Stack: [0x00007ffa37cf5000,0x00007ffa37df6000],  sp=0x00007ffa37df42c0,  free space=1020k
Native frames: (J=compiled Java code, A=aot compiled Java code, j=interpreted, Vv=VM code, C=native code)
V  [libjvm.so+0xde4547]
V  [libjvm.so+0xde519b]
V  [libjvm.so+0x6511a5]
V  [libjvm.so+0xbbed38]
V  [libjvm.so+0xbb5ebd]
V  [libjvm.so+0x76f53f]
V  [libjvm.so+0x76f7ae]
V  [libjvm.so+0x77b820]
V  [libjvm.so+0x7f6969]
V  [libjvm.so+0x7f75c2]
V  [libjvm.so+0x7f7a29]
V  [libjvm.so+0x72de6f]
V  [libjvm.so+0x72e55d]
V  [libjvm.so+0xd9ea32]
V  [libjvm.so+0xd9ecc6]
V  [libjvm.so+0x80f907]
V  [libjvm.so+0xd7d627]
V  [libjvm.so+0x8c8611]  JNI_CreateJavaVM+0x51
C  [libjli.so+0x4a66]
C  [libjli.so+0x92cd]


---------------  P R O C E S S  ---------------

Threads class SMR info:
_java_thread_list=0x0000564bb2e3dfc0, length=0, elements={
}

Java Threads: ( => current thread )

Other Threads:
  0x00007ffa30028800 GCTaskThread "GC Thread#0" [stack: 0x00007ffa18565000,0x00007ffa18665000] [id=21777]
  0x00007ffa30059800 ConcurrentGCThread "G1 Main Marker" [stack: 0x00007ffa1805f000,0x00007ffa1815f000] [id=21778]
  0x00007ffa3005b000 ConcurrentGCThread "G1 Conc#0" [stack: 0x00007ffa0f5f8000,0x00007ffa0f6f8000] [id=21779]

[error occurred during error reporting (printing all threads), id 0xb, SIGSEGV (0xb) at pc=0x00007ffa362dc040]

VM state:not at safepoint (not fully initialized)

VM Mutex/Monitor currently owned by a thread:  ([mutex/lock_event])
[0x00007ffa3000ec90] Heap_lock - owner thread: 0x00007ffa30012000

Heap address: 0x0000000085000000, size: 1968 MB, Compressed Oops mode: Non-zero based: 0x0000000085000000
Narrow klass base: 0x0000000000000000, Narrow klass shift: 0

GC Heap History (0 events):
No events

Deoptimization events (0 events):
No events

Classes redefined (0 events):
No events

Internal exceptions (0 events):
No events

Events (0 events):
No events


Dynamic libraries:
8cc00000-100000000 ---p 00000000 00:00 0 
564bb0f12000-564bb0f13000 r-xp 00000000 08:05 660721                     /usr/lib/jvm/java-11-openjdk-amd64/bin/java
564bb1113000-564bb1114000 r--p 00001000 08:05 660721                     /usr/lib/jvm/java-11-openjdk-amd64/bin/java
564bb1114000-564bb1115000 rw-p 00002000 08:05 660721                     /usr/lib/jvm/java-11-openjdk-amd64/bin/java
564bb2e26000-564bb2e47000 rw-p 00000000 00:00 0                          [heap]
7ffa00000000-7ffa00021000 rw-p 00000000 00:00 0 
7ffa00021000-7ffa04000000 ---p 00000000 00:00 0 
7ffa08000000-7ffa08021000 rw-p 00000000 00:00 0 
7ffa08021000-7ffa0c000000 ---p 00000000 00:00 0 
7ffa0d1f2000-7ffa0f5f6000 rw-p 00000000 00:00 0 
7ffa0f5f6000-7ffa0f5f7000 ---p 00000000 00:00 0 
7ffa0f5f7000-7ffa0f6f8000 rw-p 00000000 00:00 0 
7ffa0f6f8000-7ffa14000000 ---p 00000000 00:00 0 
7ffa14000000-7ffa14021000 rw-p 00000000 00:00 0 
7ffa14021000-7ffa18000000 ---p 00000000 00:00 0 
7ffa1805d000-7ffa1805e000 ---p 00000000 00:00 0 
7ffa1805e000-7ffa18563000 rw-p 00000000 00:00 0 
7ffa18563000-7ffa18564000 ---p 00000000 00:00 0 
7ffa18564000-7ffa1866a000 rw-p 00000000 00:00 0 
7ffa1866a000-7ffa18750000 ---p 00000000 00:00 0 
7ffa18750000-7ffa189c0000 rwxp 00000000 00:00 0 
7ffa189c0000-7ffa18ce0000 ---p 00000000 00:00 0 
7ffa18ce0000-7ffa18f50000 rwxp 00000000 00:00 0 
7ffa18f50000-7ffa20218000 ---p 00000000 00:00 0 
7ffa20218000-7ffa20488000 rwxp 00000000 00:00 0 
7ffa20488000-7ffa27750000 ---p 00000000 00:00 0 
7ffa27750000-7ffa2fdfa000 r--s 00000000 08:05 660889                     /usr/lib/jvm/java-11-openjdk-amd64/lib/modules
7ffa2fdfa000-7ffa2fdff000 r-xp 00000000 08:05 660870                     /usr/lib/jvm/java-11-openjdk-amd64/lib/libjimage.so
7ffa2fdff000-7ffa2fffe000 ---p 00005000 08:05 660870                     /usr/lib/jvm/java-11-openjdk-amd64/lib/libjimage.so
7ffa2fffe000-7ffa2ffff000 r--p 00004000 08:05 660870                     /usr/lib/jvm/java-11-openjdk-amd64/lib/libjimage.so
7ffa2ffff000-7ffa30000000 rw-p 00005000 08:05 660870                     /usr/lib/jvm/java-11-openjdk-amd64/lib/libjimage.so
7ffa30000000-7ffa30076000 rw-p 00000000 00:00 0 
7ffa30076000-7ffa34000000 ---p 00000000 00:00 0 
7ffa340df000-7ffa340e4000 rw-p 00000000 00:00 0 
7ffa340e4000-7ffa341ca000 ---p 00000000 00:00 0 
7ffa341ca000-7ffa341d1000 r-xp 00000000 08:05 660888                     /usr/lib/jvm/java-11-openjdk-amd64/lib/libzip.so
7ffa341d1000-7ffa343d0000 ---p 00007000 08:05 660888                     /usr/lib/jvm/java-11-openjdk-amd64/lib/libzip.so
7ffa343d0000-7ffa343d1000 r--p 00006000 08:05 660888                     /usr/lib/jvm/java-11-openjdk-amd64/lib/libzip.so
7ffa343d1000-7ffa343d2000 rw-p 00007000 08:05 660888                     /usr/lib/jvm/java-11-openjdk-amd64/lib/libzip.so
7ffa343d2000-7ffa343dd000 r-xp 00000000 08:05 6296680                    /lib/x86_64-linux-gnu/libnss_files-2.27.so
7ffa343dd000-7ffa345dc000 ---p 0000b000 08:05 6296680                    /lib/x86_64-linux-gnu/libnss_files-2.27.so
7ffa345dc000-7ffa345dd000 r--p 0000a000 08:05 6296680                    /lib/x86_64-linux-gnu/libnss_files-2.27.so
7ffa345dd000-7ffa345de000 rw-p 0000b000 08:05 6296680                    /lib/x86_64-linux-gnu/libnss_files-2.27.so
7ffa345de000-7ffa345e4000 rw-p 00000000 00:00 0 
7ffa345e4000-7ffa345fb000 r-xp 00000000 08:05 6296674                    /lib/x86_64-linux-gnu/libnsl-2.27.so
7ffa345fb000-7ffa347fa000 ---p 00017000 08:05 6296674                    /lib/x86_64-linux-gnu/libnsl-2.27.so
7ffa347fa000-7ffa347fb000 r--p 00016000 08:05 6296674                    /lib/x86_64-linux-gnu/libnsl-2.27.so
7ffa347fb000-7ffa347fc000 rw-p 00017000 08:05 6296674                    /lib/x86_64-linux-gnu/libnsl-2.27.so
7ffa347fc000-7ffa347fe000 rw-p 00000000 00:00 0 
7ffa347fe000-7ffa34809000 r-xp 00000000 08:05 6296691                    /lib/x86_64-linux-gnu/libnss_nis-2.27.so
7ffa34809000-7ffa34a08000 ---p 0000b000 08:05 6296691                    /lib/x86_64-linux-gnu/libnss_nis-2.27.so
7ffa34a08000-7ffa34a09000 r--p 0000a000 08:05 6296691                    /lib/x86_64-linux-gnu/libnss_nis-2.27.so
7ffa34a09000-7ffa34a0a000 rw-p 0000b000 08:05 6296691                    /lib/x86_64-linux-gnu/libnss_nis-2.27.so
7ffa34a0a000-7ffa34a12000 r-xp 00000000 08:05 6296676                    /lib/x86_64-linux-gnu/libnss_compat-2.27.so
7ffa34a12000-7ffa34c12000 ---p 00008000 08:05 6296676                    /lib/x86_64-linux-gnu/libnss_compat-2.27.so
7ffa34c12000-7ffa34c13000 r--p 00008000 08:05 6296676                    /lib/x86_64-linux-gnu/libnss_compat-2.27.so
7ffa34c13000-7ffa34c14000 rw-p 00009000 08:05 6296676                    /lib/x86_64-linux-gnu/libnss_compat-2.27.so
7ffa34c14000-7ffa34c3d000 r-xp 00000000 08:05 660866                     /usr/lib/jvm/java-11-openjdk-amd64/lib/libjava.so
7ffa34c3d000-7ffa34e3c000 ---p 00029000 08:05 660866                     /usr/lib/jvm/java-11-openjdk-amd64/lib/libjava.so
7ffa34e3c000-7ffa34e3d000 r--p 00028000 08:05 660866                     /usr/lib/jvm/java-11-openjdk-amd64/lib/libjava.so
7ffa34e3d000-7ffa34e3f000 rw-p 00029000 08:05 660866                     /usr/lib/jvm/java-11-openjdk-amd64/lib/libjava.so
7ffa34e3f000-7ffa34e4c000 r-xp 00000000 08:05 660887                     /usr/lib/jvm/java-11-openjdk-amd64/lib/libverify.so
7ffa34e4c000-7ffa3504b000 ---p 0000d000 08:05 660887                     /usr/lib/jvm/java-11-openjdk-amd64/lib/libverify.so
7ffa3504b000-7ffa3504d000 r--p 0000c000 08:05 660887                     /usr/lib/jvm/java-11-openjdk-amd64/lib/libverify.so
7ffa3504d000-7ffa3504e000 rw-p 0000e000 08:05 660887                     /usr/lib/jvm/java-11-openjdk-amd64/lib/libverify.so
7ffa3504e000-7ffa35055000 r-xp 00000000 08:05 6296731                    /lib/x86_64-linux-gnu/librt-2.27.so
7ffa35055000-7ffa35254000 ---p 00007000 08:05 6296731                    /lib/x86_64-linux-gnu/librt-2.27.so
7ffa35254000-7ffa35255000 r--p 00006000 08:05 6296731                    /lib/x86_64-linux-gnu/librt-2.27.so
7ffa35255000-7ffa35256000 rw-p 00007000 08:05 6296731                    /lib/x86_64-linux-gnu/librt-2.27.so
7ffa35256000-7ffa3526d000 r-xp 00000000 08:05 6296627                    /lib/x86_64-linux-gnu/libgcc_s.so.1
7ffa3526d000-7ffa3546c000 ---p 00017000 08:05 6296627                    /lib/x86_64-linux-gnu/libgcc_s.so.1
7ffa3546c000-7ffa3546d000 r--p 00016000 08:05 6296627                    /lib/x86_64-linux-gnu/libgcc_s.so.1
7ffa3546d000-7ffa3546e000 rw-p 00017000 08:05 6296627                    /lib/x86_64-linux-gnu/libgcc_s.so.1
7ffa3546e000-7ffa3560b000 r-xp 00000000 08:05 6296653                    /lib/x86_64-linux-gnu/libm-2.27.so
7ffa3560b000-7ffa3580a000 ---p 0019d000 08:05 6296653                    /lib/x86_64-linux-gnu/libm-2.27.so
7ffa3580a000-7ffa3580b000 r--p 0019c000 08:05 6296653                    /lib/x86_64-linux-gnu/libm-2.27.so
7ffa3580b000-7ffa3580c000 rw-p 0019d000 08:05 6296653                    /lib/x86_64-linux-gnu/libm-2.27.so
7ffa3580c000-7ffa35985000 r-xp 00000000 08:05 665498                     /usr/lib/x86_64-linux-gnu/libstdc++.so.6.0.25
7ffa35985000-7ffa35b85000 ---p 00179000 08:05 665498                     /usr/lib/x86_64-linux-gnu/libstdc++.so.6.0.25
7ffa35b85000-7ffa35b8f000 r--p 00179000 08:05 665498                     /usr/lib/x86_64-linux-gnu/libstdc++.so.6.0.25
7ffa35b8f000-7ffa35b91000 rw-p 00183000 08:05 665498                     /usr/lib/x86_64-linux-gnu/libstdc++.so.6.0.25
7ffa35b91000-7ffa35b95000 rw-p 00000000 00:00 0 
7ffa35b95000-7ffa36c61000 r-xp 00000000 08:05 660894                     /usr/lib/jvm/java-11-openjdk-amd64/lib/server/libjvm.so
7ffa36c61000-7ffa36e60000 ---p 010cc000 08:05 660894                     /usr/lib/jvm/java-11-openjdk-amd64/lib/server/libjvm.so
7ffa36e60000-7ffa36f1d000 r--p 010cb000 08:05 660894                     /usr/lib/jvm/java-11-openjdk-amd64/lib/server/libjvm.so
7ffa36f1d000-7ffa36f56000 rw-p 01188000 08:05 660894                     /usr/lib/jvm/java-11-openjdk-amd64/lib/server/libjvm.so
7ffa36f56000-7ffa36fac000 rw-p 00000000 00:00 0 
7ffa36fac000-7ffa36fc6000 r-xp 00000000 08:05 6296723                    /lib/x86_64-linux-gnu/libpthread-2.27.so
7ffa36fc6000-7ffa371c5000 ---p 0001a000 08:05 6296723                    /lib/x86_64-linux-gnu/libpthread-2.27.so
7ffa371c5000-7ffa371c6000 r--p 00019000 08:05 6296723                    /lib/x86_64-linux-gnu/libpthread-2.27.so
7ffa371c6000-7ffa371c7000 rw-p 0001a000 08:05 6296723                    /lib/x86_64-linux-gnu/libpthread-2.27.so
7ffa371c7000-7ffa371cb000 rw-p 00000000 00:00 0 
7ffa371cb000-7ffa371ce000 r-xp 00000000 08:05 6296613                    /lib/x86_64-linux-gnu/libdl-2.27.so
7ffa371ce000-7ffa373cd000 ---p 00003000 08:05 6296613                    /lib/x86_64-linux-gnu/libdl-2.27.so
7ffa373cd000-7ffa373ce000 r--p 00002000 08:05 6296613                    /lib/x86_64-linux-gnu/libdl-2.27.so
7ffa373ce000-7ffa373cf000 rw-p 00003000 08:05 6296613                    /lib/x86_64-linux-gnu/libdl-2.27.so
7ffa373cf000-7ffa373eb000 r-xp 00000000 08:05 6296762                    /lib/x86_64-linux-gnu/libz.so.1.2.11
7ffa373eb000-7ffa375ea000 ---p 0001c000 08:05 6296762                    /lib/x86_64-linux-gnu/libz.so.1.2.11
7ffa375ea000-7ffa375eb000 r--p 0001b000 08:05 6296762                    /lib/x86_64-linux-gnu/libz.so.1.2.11
7ffa375eb000-7ffa375ec000 rw-p 0001c000 08:05 6296762                    /lib/x86_64-linux-gnu/libz.so.1.2.11
7ffa375ec000-7ffa377d3000 r-xp 00000000 08:05 6296590                    /lib/x86_64-linux-gnu/libc-2.27.so
7ffa377d3000-7ffa379d3000 ---p 001e7000 08:05 6296590                    /lib/x86_64-linux-gnu/libc-2.27.so
7ffa379d3000-7ffa379d7000 r--p 001e7000 08:05 6296590                    /lib/x86_64-linux-gnu/libc-2.27.so
7ffa379d7000-7ffa379d9000 rw-p 001eb000 08:05 6296590                    /lib/x86_64-linux-gnu/libc-2.27.so
7ffa379d9000-7ffa379dd000 rw-p 00000000 00:00 0 
7ffa379dd000-7ffa379ed000 r-xp 00000000 08:05 660850                     /usr/lib/jvm/java-11-openjdk-amd64/lib/jli/libjli.so
7ffa379ed000-7ffa37bec000 ---p 00010000 08:05 660850                     /usr/lib/jvm/java-11-openjdk-amd64/lib/jli/libjli.so
7ffa37bec000-7ffa37bed000 r--p 0000f000 08:05 660850                     /usr/lib/jvm/java-11-openjdk-amd64/lib/jli/libjli.so
7ffa37bed000-7ffa37bee000 rw-p 00010000 08:05 660850                     /usr/lib/jvm/java-11-openjdk-amd64/lib/jli/libjli.so
7ffa37bee000-7ffa37c15000 r-xp 00000000 08:05 6296562                    /lib/x86_64-linux-gnu/ld-2.27.so
7ffa37cb3000-7ffa37cf5000 rw-p 00000000 00:00 0 
7ffa37cf5000-7ffa37cf9000 ---p 00000000 00:00 0 
7ffa37cf9000-7ffa37df8000 rw-p 00000000 00:00 0 
7ffa37dfb000-7ffa37e00000 rw-p 00000000 00:00 0 
7ffa37e00000-7ffa37e07000 ---p 00000000 00:00 0 
7ffa37e07000-7ffa37e09000 r--s 00007000 08:05 1055455                    /usr/share/java/java-atk-wrapper.jar
7ffa37e09000-7ffa37e11000 rw-s 00000000 08:05 2628885                    /tmp/hsperfdata_fatemeh/21769
7ffa37e11000-7ffa37e12000 ---p 00000000 00:00 0 
7ffa37e12000-7ffa37e13000 r--p 00000000 00:00 0 
7ffa37e13000-7ffa37e15000 rw-p 00000000 00:00 0 
7ffa37e15000-7ffa37e16000 r--p 00027000 08:05 6296562                    /lib/x86_64-linux-gnu/ld-2.27.so
7ffa37e16000-7ffa37e17000 rw-p 00028000 08:05 6296562                    /lib/x86_64-linux-gnu/ld-2.27.so
7ffa37e17000-7ffa37e18000 rw-p 00000000 00:00 0 
7ffe714d1000-7ffe714f2000 rw-p 00000000 00:00 0                          [stack]
7ffe715f7000-7ffe715fa000 r--p 00000000 00:00 0                          [vvar]
7ffe715fa000-7ffe715fb000 r-xp 00000000 00:00 0                          [vdso]
ffffffffff600000-ffffffffff601000 r-xp 00000000 00:00 0                  [vsyscall]


VM Arguments:
jvm_args: -Dfile.encoding=UTF-8 
java_command: algorithms.Test
java_class_path (initial): /home/fatemeh/EDC/aagaTME3/bin:/home/fatemeh/EDC/aagaTME3/jars/supportGUI.jar
Launcher Type: SUN_STANDARD

[Global flags]
     intx CICompilerCount                          = 3                                         {product} {ergonomic}
     uint ConcGCThreads                            = 1                                         {product} {ergonomic}
     uint G1ConcRefinementThreads                  = 4                                         {product} {ergonomic}
   size_t G1HeapRegionSize                         = 1048576                                   {product} {ergonomic}
    uintx GCDrainStackTargetSize                   = 64                                        {product} {ergonomic}
   size_t InitialHeapSize                          = 130023424                                 {product} {ergonomic}
   size_t MarkStackSize                            = 4194304                                   {product} {ergonomic}
   size_t MaxHeapSize                              = 2063597568                                {product} {ergonomic}
   size_t MinHeapDeltaBytes                        = 1048576                                   {product} {ergonomic}
    uintx NonNMethodCodeHeapSize                   = 5830092                                {pd product} {ergonomic}
    uintx NonProfiledCodeHeapSize                  = 122914074                              {pd product} {ergonomic}
    uintx ProfiledCodeHeapSize                     = 122914074                              {pd product} {ergonomic}
    uintx ReservedCodeCacheSize                    = 251658240                              {pd product} {ergonomic}
     bool SegmentedCodeCache                       = true                                      {product} {ergonomic}
     bool UseCompressedClassPointers               = true                                 {lp64_product} {ergonomic}
     bool UseCompressedOops                        = true                                 {lp64_product} {ergonomic}
     bool UseG1GC                                  = true                                      {product} {ergonomic}

Logging:
Log output configuration:
 #0: stdout all=warning uptime,level,tags
 #1: stderr all=off uptime,level,tags

Environment Variables:
PATH=/home/fatemeh/.opam/4.09.0/bin:/usr/local/sbin:/usr/local/bin:/usr/sbin:/usr/bin:/sbin:/bin:/usr/games:/usr/local/games:/snap/bin
SHELL=/bin/bash
DISPLAY=:0

Signal Handlers:
SIGSEGV: [libjvm.so+0xde5f50], sa_mask[0]=11111111011111111101111111111110, sa_flags=SA_RESTART|SA_SIGINFO
SIGBUS: [libjvm.so+0xde5f50], sa_mask[0]=11111111011111111101111111111110, sa_flags=SA_RESTART|SA_SIGINFO
SIGFPE: [libjvm.so+0xde5f50], sa_mask[0]=11111111011111111101111111111110, sa_flags=SA_RESTART|SA_SIGINFO
SIGPIPE: [libjvm.so+0xbba5b0], sa_mask[0]=11111111011111111101111111111110, sa_flags=SA_RESTART|SA_SIGINFO
SIGXFSZ: [libjvm.so+0xbba5b0], sa_mask[0]=11111111011111111101111111111110, sa_flags=SA_RESTART|SA_SIGINFO
SIGILL: [libjvm.so+0xde5f50], sa_mask[0]=11111111011111111101111111111110, sa_flags=SA_RESTART|SA_SIGINFO
SIGUSR2: [libjvm.so+0xbba450], sa_mask[0]=00100000000000000000000000000000, sa_flags=SA_RESTART|SA_SIGINFO
SIGHUP: SIG_DFL, sa_mask[0]=00000000000000000000000000000000, sa_flags=none
SIGINT: SIG_DFL, sa_mask[0]=00000000000000000000000000000000, sa_flags=none
SIGTERM: SIG_DFL, sa_mask[0]=00000000000000000000000000000000, sa_flags=none
SIGQUIT: SIG_DFL, sa_mask[0]=00000000000000000000000000000000, sa_flags=none


---------------  S Y S T E M  ---------------

OS:DISTRIB_ID=Ubuntu
DISTRIB_RELEASE=18.04
DISTRIB_CODENAME=bionic
DISTRIB_DESCRIPTION="Ubuntu 18.04.3 LTS"
uname:Linux 5.0.0-31-generic #33~18.04.1-Ubuntu SMP Tue Oct 1 10:20:39 UTC 2019 x86_64
libc:glibc 2.27 NPTL 2.27 
rlimit: STACK 8192k, CORE 0k, NPROC 31284, NOFILE 1048576, AS infinity, DATA infinity, FSIZE infinity
load average:1.20 0.92 0.74

/proc/meminfo:
MemTotal:        8056492 kB
MemFree:          122668 kB
MemAvailable:      44800 kB
Buffers:            4308 kB
Cached:          1954644 kB
SwapCached:        23356 kB
Active:          6205624 kB
Inactive:        1059160 kB
Active(anon):    6168292 kB
Inactive(anon):  1023692 kB
Active(file):      37332 kB
Inactive(file):    35468 kB
Unevictable:      301676 kB
Mlocked:             112 kB
SwapTotal:       2097148 kB
SwapFree:              0 kB
Dirty:               116 kB
Writeback:             0 kB
AnonPages:       5585080 kB
Mapped:           909760 kB
Shmem:           1885668 kB
KReclaimable:      51896 kB
Slab:             140812 kB
SReclaimable:      51896 kB
SUnreclaim:        88916 kB
KernelStack:       19136 kB
PageTables:       111620 kB
NFS_Unstable:          0 kB
Bounce:                0 kB
WritebackTmp:          0 kB
CommitLimit:     6125392 kB
Committed_AS:   20216200 kB
VmallocTotal:   34359738367 kB
VmallocUsed:           0 kB
VmallocChunk:          0 kB
Percpu:             1136 kB
HardwareCorrupted:     0 kB
AnonHugePages:         0 kB
ShmemHugePages:        0 kB
ShmemPmdMapped:        0 kB
CmaTotal:              0 kB
CmaFree:               0 kB
HugePages_Total:       0
HugePages_Free:        0
HugePages_Rsvd:        0
HugePages_Surp:        0
Hugepagesize:       2048 kB
Hugetlb:               0 kB
DirectMap4k:     1005140 kB
DirectMap2M:     7274496 kB
DirectMap1G:           0 kB


/proc/sys/kernel/threads-max (system-wide limit on the number of threads):
62568


/proc/sys/vm/max_map_count (maximum number of memory map areas a process may have):
65530


/proc/sys/kernel/pid_max (system-wide limit on number of process identifiers):
32768



container (cgroup) information:
container_type: cgroupv1
cpu_cpuset_cpus: 0-3
cpu_memory_nodes: 0
active_processor_count: 4
cpu_quota: -1
cpu_period: 100000
cpu_shares: -1
memory_limit_in_bytes: -1
memory_and_swap_limit_in_bytes: -2
memory_soft_limit_in_bytes: -1
memory_usage_in_bytes: 7748714496
memory_max_usage_in_bytes: 29631856640

Steal ticks since vm start: 0
Steal ticks percentage since vm start:  0.000

CPU:total 4 (initial active 4) (2 cores per cpu, 2 threads per core) family 6 model 78 stepping 3, cmov, cx8, fxsr, mmx, sse, sse2, sse3, ssse3, sse4.1, sse4.2, popcnt, avx, avx2, aes, clmul, erms, 3dnowpref, lzcnt, ht, tsc, tscinvbit, bmi1, bmi2, adx, fma
CPU Model and flags from /proc/cpuinfo:
model name	: Intel(R) Core(TM) i7-6500U CPU @ 2.50GHz
flags		: fpu vme de pse tsc msr pae mce cx8 apic sep mtrr pge mca cmov pat pse36 clflush dts acpi mmx fxsr sse sse2 ss ht tm pbe syscall nx pdpe1gb rdtscp lm constant_tsc art arch_perfmon pebs bts rep_good nopl xtopology nonstop_tsc cpuid aperfmperf tsc_known_freq pni pclmulqdq dtes64 monitor ds_cpl vmx est tm2 ssse3 sdbg fma cx16 xtpr pdcm pcid sse4_1 sse4_2 x2apic movbe popcnt tsc_deadline_timer aes xsave avx f16c rdrand lahf_lm abm 3dnowprefetch cpuid_fault epb invpcid_single pti ssbd ibrs ibpb stibp tpr_shadow vnmi flexpriority ept vpid ept_ad fsgsbase tsc_adjust bmi1 avx2 smep bmi2 erms invpcid mpx rdseed adx smap clflushopt intel_pt xsaveopt xsavec xgetbv1 xsaves dtherm ida arat pln pts hwp hwp_notify hwp_act_window hwp_epp md_clear flush_l1d

Memory: 4k page, physical 8056492k(122668k free), swap 2097148k(0k free)

vm_info: OpenJDK 64-Bit Server VM (11.0.4+11-post-Ubuntu-1ubuntu218.04.3) for linux-amd64 JRE (11.0.4+11-post-Ubuntu-1ubuntu218.04.3), built on Jul 18 2019 18:21:46 by "buildd" with gcc 7.4.0

END.
