#
# There is insufficient memory for the Java Runtime Environment to continue.
# Native memory allocation (mmap) failed to map 130023424 bytes for committing reserved memory.
# Possible reasons:
#   The system is out of physical RAM or swap space
#   The process is running with CompressedOops enabled, and the Java Heap may be blocking the growth of the native heap
# Possible solutions:
#   Reduce memory load on the system
#   Increase physical memory or swap space
#   Check if swap backing store is full
#   Decrease Java heap size (-Xmx/-Xms)
#   Decrease number of Java threads
#   Decrease Java thread stack sizes (-Xss)
#   Set larger code cache with -XX:ReservedCodeCacheSize=
# This output file may be truncated or incomplete.
#
#  Out of Memory Error (os_linux.cpp:2893), pid=427, tid=429
#
# JRE version:  (11.0.4+11) (build )
# Java VM: OpenJDK 64-Bit Server VM (11.0.4+11-post-Ubuntu-1ubuntu218.04.3, mixed mode, aot, sharing, tiered, compressed oops, g1 gc, linux-amd64)
# Core dump will be written. Default location: Core dumps may be processed with "/usr/share/apport/apport %p %s %c %d %P" (or dumping to /home/fatemeh/EDC/aagaTME3/core.427)
#

---------------  S U M M A R Y ------------

Command Line: -Dant.home=/home/fatemeh/.p2/pool/plugins/org.apache.ant_1.10.5.v20190526-1402 -Dant.library.dir=/home/fatemeh/.p2/pool/plugins/org.apache.ant_1.10.5.v20190526-1402/lib -Djava.library.path=/usr/java/packages/lib:/usr/lib/x86_64-linux-gnu/jni:/lib/x86_64-linux-gnu:/usr/lib/x86_64-linux-gnu:/usr/lib/jni:/lib:/usr/lib:/home/fatemeh/eclipse/java-2019-06/eclipse/configuration/org.eclipse.osgi/371/0/.cp -Dfile.encoding=UTF-8 org.eclipse.ant.internal.launching.remote.InternalAntRunner -Dorg.eclipse.ant.core.ANT_PROCESS_ID=1571756576181 -Declipse.connect.port=41421 -Dant.home=/home/fatemeh/.p2/pool/plugins/org.apache.ant_1.10.5.v20190526-1402 -logger org.eclipse.ant.internal.launching.remote.logger.RemoteAntBuildLogger -inputhandler org.eclipse.ant.internal.ui.antsupport.inputhandler.ProxyInputHandler -buildfile /home/fatemeh/EDC/aagaTME3/build.xml compile run

Host: Intel(R) Core(TM) i7-6500U CPU @ 2.50GHz, 4 cores, 7G, Ubuntu 18.04.3 LTS
Time: Tue Oct 22 17:02:56 2019 CEST elapsed time: 0 seconds (0d 0h 0m 0s)

---------------  T H R E A D  ---------------

Current thread (0x00007fd088013000):  JavaThread "Unknown thread" [_thread_in_vm, id=429, stack(0x00007fd0908cb000,0x00007fd0909cc000)]

Stack: [0x00007fd0908cb000,0x00007fd0909cc000],  sp=0x00007fd0909ca2c0,  free space=1020k
Native frames: (J=compiled Java code, A=aot compiled Java code, j=interpreted, Vv=VM code, C=native code)
V  [libjvm.so+0xde4547]
V  [libjvm.so+0xde519b]
V  [libjvm.so+0x6511a5]
V  [libjvm.so+0xbbed38]
V  [libjvm.so+0xbb5ebd]
V  [libjvm.so+0x76f53f]
V  [libjvm.so+0x76f7ae]
V  [libjvm.so+0x77b820]
V  [libjvm.so+0x7f6969]
V  [libjvm.so+0x7f75c2]
V  [libjvm.so+0x7f7a29]
V  [libjvm.so+0x72de6f]
V  [libjvm.so+0x72e55d]
V  [libjvm.so+0xd9ea32]
V  [libjvm.so+0xd9ecc6]
V  [libjvm.so+0x80f907]
V  [libjvm.so+0xd7d627]
V  [libjvm.so+0x8c8611]  JNI_CreateJavaVM+0x51
C  [libjli.so+0x4a66]
C  [libjli.so+0x92cd]


---------------  P R O C E S S  ---------------

Threads class SMR info:
_java_thread_list=0x000056121bbabe60, length=0, elements={
}

Java Threads: ( => current thread )

Other Threads:
  0x00007fd088029800 GCTaskThread "GC Thread#0" [stack: 0x00007fd08c8c4000,0x00007fd08c9c4000] [id=430]
  0x00007fd08805a800 ConcurrentGCThread "G1 Main Marker" [stack: 0x00007fd0700a6000,0x00007fd0701a6000] [id=431]
  0x00007fd08805c000 ConcurrentGCThread "G1 Conc#0" [stack: 0x00007fd068180000,0x00007fd068280000] [id=432]

[error occurred during error reporting (printing all threads), id 0xb, SIGSEGV (0xb) at pc=0x00007fd08eeb2040]

VM state:not at safepoint (not fully initialized)

VM Mutex/Monitor currently owned by a thread:  ([mutex/lock_event])
[0x00007fd08800fce0] Heap_lock - owner thread: 0x00007fd088013000

Heap address: 0x0000000085000000, size: 1968 MB, Compressed Oops mode: Non-zero based: 0x0000000085000000
Narrow klass base: 0x0000000000000000, Narrow klass shift: 0

GC Heap History (0 events):
No events

Deoptimization events (0 events):
No events

Classes redefined (0 events):
No events

Internal exceptions (0 events):
No events

Events (0 events):
No events


Dynamic libraries:
8cc00000-100000000 ---p 00000000 00:00 0 
56121b717000-56121b718000 r-xp 00000000 08:05 660721                     /usr/lib/jvm/java-11-openjdk-amd64/bin/java
56121b918000-56121b919000 r--p 00001000 08:05 660721                     /usr/lib/jvm/java-11-openjdk-amd64/bin/java
56121b919000-56121b91a000 rw-p 00002000 08:05 660721                     /usr/lib/jvm/java-11-openjdk-amd64/bin/java
56121bb93000-56121bbb4000 rw-p 00000000 00:00 0                          [heap]
7fd05c000000-7fd05c021000 rw-p 00000000 00:00 0 
7fd05c021000-7fd060000000 ---p 00000000 00:00 0 
7fd061cfd000-7fd064000000 rw-p 00000000 00:00 0 
7fd064000000-7fd064021000 rw-p 00000000 00:00 0 
7fd064021000-7fd068000000 ---p 00000000 00:00 0 
7fd06807d000-7fd06817e000 rw-p 00000000 00:00 0 
7fd06817e000-7fd06817f000 ---p 00000000 00:00 0 
7fd06817f000-7fd068280000 rw-p 00000000 00:00 0 
7fd068280000-7fd06c000000 ---p 00000000 00:00 0 
7fd06c000000-7fd06c021000 rw-p 00000000 00:00 0 
7fd06c021000-7fd070000000 ---p 00000000 00:00 0 
7fd0700a4000-7fd0700a5000 ---p 00000000 00:00 0 
7fd0700a5000-7fd0701a6000 rw-p 00000000 00:00 0 
7fd0701a6000-7fd070956000 ---p 00000000 00:00 0 
7fd070956000-7fd070bc6000 rwxp 00000000 00:00 0 
7fd070bc6000-7fd070ee6000 ---p 00000000 00:00 0 
7fd070ee6000-7fd071156000 rwxp 00000000 00:00 0 
7fd071156000-7fd07841e000 ---p 00000000 00:00 0 
7fd07841e000-7fd07868e000 rwxp 00000000 00:00 0 
7fd07868e000-7fd07f956000 ---p 00000000 00:00 0 
7fd07f956000-7fd088000000 r--s 00000000 08:05 660889                     /usr/lib/jvm/java-11-openjdk-amd64/lib/modules
7fd088000000-7fd088077000 rw-p 00000000 00:00 0 
7fd088077000-7fd08c000000 ---p 00000000 00:00 0 
7fd08c0e6000-7fd08c4be000 ---p 00000000 00:00 0 
7fd08c4be000-7fd08c8c2000 rw-p 00000000 00:00 0 
7fd08c8c2000-7fd08c8c3000 ---p 00000000 00:00 0 
7fd08c8c3000-7fd08c9c9000 rw-p 00000000 00:00 0 
7fd08c9c9000-7fd08caaf000 ---p 00000000 00:00 0 
7fd08caaf000-7fd08cab4000 rw-p 00000000 00:00 0 
7fd08cab4000-7fd08cb9a000 ---p 00000000 00:00 0 
7fd08cb9a000-7fd08cb9f000 r-xp 00000000 08:05 660870                     /usr/lib/jvm/java-11-openjdk-amd64/lib/libjimage.so
7fd08cb9f000-7fd08cd9e000 ---p 00005000 08:05 660870                     /usr/lib/jvm/java-11-openjdk-amd64/lib/libjimage.so
7fd08cd9e000-7fd08cd9f000 r--p 00004000 08:05 660870                     /usr/lib/jvm/java-11-openjdk-amd64/lib/libjimage.so
7fd08cd9f000-7fd08cda0000 rw-p 00005000 08:05 660870                     /usr/lib/jvm/java-11-openjdk-amd64/lib/libjimage.so
7fd08cda0000-7fd08cda7000 r-xp 00000000 08:05 660888                     /usr/lib/jvm/java-11-openjdk-amd64/lib/libzip.so
7fd08cda7000-7fd08cfa6000 ---p 00007000 08:05 660888                     /usr/lib/jvm/java-11-openjdk-amd64/lib/libzip.so
7fd08cfa6000-7fd08cfa7000 r--p 00006000 08:05 660888                     /usr/lib/jvm/java-11-openjdk-amd64/lib/libzip.so
7fd08cfa7000-7fd08cfa8000 rw-p 00007000 08:05 660888                     /usr/lib/jvm/java-11-openjdk-amd64/lib/libzip.so
7fd08cfa8000-7fd08cfb3000 r-xp 00000000 08:05 6296680                    /lib/x86_64-linux-gnu/libnss_files-2.27.so
7fd08cfb3000-7fd08d1b2000 ---p 0000b000 08:05 6296680                    /lib/x86_64-linux-gnu/libnss_files-2.27.so
7fd08d1b2000-7fd08d1b3000 r--p 0000a000 08:05 6296680                    /lib/x86_64-linux-gnu/libnss_files-2.27.so
7fd08d1b3000-7fd08d1b4000 rw-p 0000b000 08:05 6296680                    /lib/x86_64-linux-gnu/libnss_files-2.27.so
7fd08d1b4000-7fd08d1ba000 rw-p 00000000 00:00 0 
7fd08d1ba000-7fd08d1d1000 r-xp 00000000 08:05 6296674                    /lib/x86_64-linux-gnu/libnsl-2.27.so
7fd08d1d1000-7fd08d3d0000 ---p 00017000 08:05 6296674                    /lib/x86_64-linux-gnu/libnsl-2.27.so
7fd08d3d0000-7fd08d3d1000 r--p 00016000 08:05 6296674                    /lib/x86_64-linux-gnu/libnsl-2.27.so
7fd08d3d1000-7fd08d3d2000 rw-p 00017000 08:05 6296674                    /lib/x86_64-linux-gnu/libnsl-2.27.so
7fd08d3d2000-7fd08d3d4000 rw-p 00000000 00:00 0 
7fd08d3d4000-7fd08d3df000 r-xp 00000000 08:05 6296691                    /lib/x86_64-linux-gnu/libnss_nis-2.27.so
7fd08d3df000-7fd08d5de000 ---p 0000b000 08:05 6296691                    /lib/x86_64-linux-gnu/libnss_nis-2.27.so
7fd08d5de000-7fd08d5df000 r--p 0000a000 08:05 6296691                    /lib/x86_64-linux-gnu/libnss_nis-2.27.so
7fd08d5df000-7fd08d5e0000 rw-p 0000b000 08:05 6296691                    /lib/x86_64-linux-gnu/libnss_nis-2.27.so
7fd08d5e0000-7fd08d5e8000 r-xp 00000000 08:05 6296676                    /lib/x86_64-linux-gnu/libnss_compat-2.27.so
7fd08d5e8000-7fd08d7e8000 ---p 00008000 08:05 6296676                    /lib/x86_64-linux-gnu/libnss_compat-2.27.so
7fd08d7e8000-7fd08d7e9000 r--p 00008000 08:05 6296676                    /lib/x86_64-linux-gnu/libnss_compat-2.27.so
7fd08d7e9000-7fd08d7ea000 rw-p 00009000 08:05 6296676                    /lib/x86_64-linux-gnu/libnss_compat-2.27.so
7fd08d7ea000-7fd08d813000 r-xp 00000000 08:05 660866                     /usr/lib/jvm/java-11-openjdk-amd64/lib/libjava.so
7fd08d813000-7fd08da12000 ---p 00029000 08:05 660866                     /usr/lib/jvm/java-11-openjdk-amd64/lib/libjava.so
7fd08da12000-7fd08da13000 r--p 00028000 08:05 660866                     /usr/lib/jvm/java-11-openjdk-amd64/lib/libjava.so
7fd08da13000-7fd08da15000 rw-p 00029000 08:05 660866                     /usr/lib/jvm/java-11-openjdk-amd64/lib/libjava.so
7fd08da15000-7fd08da22000 r-xp 00000000 08:05 660887                     /usr/lib/jvm/java-11-openjdk-amd64/lib/libverify.so
7fd08da22000-7fd08dc21000 ---p 0000d000 08:05 660887                     /usr/lib/jvm/java-11-openjdk-amd64/lib/libverify.so
7fd08dc21000-7fd08dc23000 r--p 0000c000 08:05 660887                     /usr/lib/jvm/java-11-openjdk-amd64/lib/libverify.so
7fd08dc23000-7fd08dc24000 rw-p 0000e000 08:05 660887                     /usr/lib/jvm/java-11-openjdk-amd64/lib/libverify.so
7fd08dc24000-7fd08dc2b000 r-xp 00000000 08:05 6296731                    /lib/x86_64-linux-gnu/librt-2.27.so
7fd08dc2b000-7fd08de2a000 ---p 00007000 08:05 6296731                    /lib/x86_64-linux-gnu/librt-2.27.so
7fd08de2a000-7fd08de2b000 r--p 00006000 08:05 6296731                    /lib/x86_64-linux-gnu/librt-2.27.so
7fd08de2b000-7fd08de2c000 rw-p 00007000 08:05 6296731                    /lib/x86_64-linux-gnu/librt-2.27.so
7fd08de2c000-7fd08de43000 r-xp 00000000 08:05 6296627                    /lib/x86_64-linux-gnu/libgcc_s.so.1
7fd08de43000-7fd08e042000 ---p 00017000 08:05 6296627                    /lib/x86_64-linux-gnu/libgcc_s.so.1
7fd08e042000-7fd08e043000 r--p 00016000 08:05 6296627                    /lib/x86_64-linux-gnu/libgcc_s.so.1
7fd08e043000-7fd08e044000 rw-p 00017000 08:05 6296627                    /lib/x86_64-linux-gnu/libgcc_s.so.1
7fd08e044000-7fd08e1e1000 r-xp 00000000 08:05 6296653                    /lib/x86_64-linux-gnu/libm-2.27.so
7fd08e1e1000-7fd08e3e0000 ---p 0019d000 08:05 6296653                    /lib/x86_64-linux-gnu/libm-2.27.so
7fd08e3e0000-7fd08e3e1000 r--p 0019c000 08:05 6296653                    /lib/x86_64-linux-gnu/libm-2.27.so
7fd08e3e1000-7fd08e3e2000 rw-p 0019d000 08:05 6296653                    /lib/x86_64-linux-gnu/libm-2.27.so
7fd08e3e2000-7fd08e55b000 r-xp 00000000 08:05 665498                     /usr/lib/x86_64-linux-gnu/libstdc++.so.6.0.25
7fd08e55b000-7fd08e75b000 ---p 00179000 08:05 665498                     /usr/lib/x86_64-linux-gnu/libstdc++.so.6.0.25
7fd08e75b000-7fd08e765000 r--p 00179000 08:05 665498                     /usr/lib/x86_64-linux-gnu/libstdc++.so.6.0.25
7fd08e765000-7fd08e767000 rw-p 00183000 08:05 665498                     /usr/lib/x86_64-linux-gnu/libstdc++.so.6.0.25
7fd08e767000-7fd08e76b000 rw-p 00000000 00:00 0 
7fd08e76b000-7fd08f837000 r-xp 00000000 08:05 660894                     /usr/lib/jvm/java-11-openjdk-amd64/lib/server/libjvm.so
7fd08f837000-7fd08fa36000 ---p 010cc000 08:05 660894                     /usr/lib/jvm/java-11-openjdk-amd64/lib/server/libjvm.so
7fd08fa36000-7fd08faf3000 r--p 010cb000 08:05 660894                     /usr/lib/jvm/java-11-openjdk-amd64/lib/server/libjvm.so
7fd08faf3000-7fd08fb2c000 rw-p 01188000 08:05 660894                     /usr/lib/jvm/java-11-openjdk-amd64/lib/server/libjvm.so
7fd08fb2c000-7fd08fb82000 rw-p 00000000 00:00 0 
7fd08fb82000-7fd08fb9c000 r-xp 00000000 08:05 6296723                    /lib/x86_64-linux-gnu/libpthread-2.27.so
7fd08fb9c000-7fd08fd9b000 ---p 0001a000 08:05 6296723                    /lib/x86_64-linux-gnu/libpthread-2.27.so
7fd08fd9b000-7fd08fd9c000 r--p 00019000 08:05 6296723                    /lib/x86_64-linux-gnu/libpthread-2.27.so
7fd08fd9c000-7fd08fd9d000 rw-p 0001a000 08:05 6296723                    /lib/x86_64-linux-gnu/libpthread-2.27.so
7fd08fd9d000-7fd08fda1000 rw-p 00000000 00:00 0 
7fd08fda1000-7fd08fda4000 r-xp 00000000 08:05 6296613                    /lib/x86_64-linux-gnu/libdl-2.27.so
7fd08fda4000-7fd08ffa3000 ---p 00003000 08:05 6296613                    /lib/x86_64-linux-gnu/libdl-2.27.so
7fd08ffa3000-7fd08ffa4000 r--p 00002000 08:05 6296613                    /lib/x86_64-linux-gnu/libdl-2.27.so
7fd08ffa4000-7fd08ffa5000 rw-p 00003000 08:05 6296613                    /lib/x86_64-linux-gnu/libdl-2.27.so
7fd08ffa5000-7fd08ffc1000 r-xp 00000000 08:05 6296762                    /lib/x86_64-linux-gnu/libz.so.1.2.11
7fd08ffc1000-7fd0901c0000 ---p 0001c000 08:05 6296762                    /lib/x86_64-linux-gnu/libz.so.1.2.11
7fd0901c0000-7fd0901c1000 r--p 0001b000 08:05 6296762                    /lib/x86_64-linux-gnu/libz.so.1.2.11
7fd0901c1000-7fd0901c2000 rw-p 0001c000 08:05 6296762                    /lib/x86_64-linux-gnu/libz.so.1.2.11
7fd0901c2000-7fd0903a9000 r-xp 00000000 08:05 6296590                    /lib/x86_64-linux-gnu/libc-2.27.so
7fd0903a9000-7fd0905a9000 ---p 001e7000 08:05 6296590                    /lib/x86_64-linux-gnu/libc-2.27.so
7fd0905a9000-7fd0905ad000 r--p 001e7000 08:05 6296590                    /lib/x86_64-linux-gnu/libc-2.27.so
7fd0905ad000-7fd0905af000 rw-p 001eb000 08:05 6296590                    /lib/x86_64-linux-gnu/libc-2.27.so
7fd0905af000-7fd0905b3000 rw-p 00000000 00:00 0 
7fd0905b3000-7fd0905c3000 r-xp 00000000 08:05 660850                     /usr/lib/jvm/java-11-openjdk-amd64/lib/jli/libjli.so
7fd0905c3000-7fd0907c2000 ---p 00010000 08:05 660850                     /usr/lib/jvm/java-11-openjdk-amd64/lib/jli/libjli.so
7fd0907c2000-7fd0907c3000 r--p 0000f000 08:05 660850                     /usr/lib/jvm/java-11-openjdk-amd64/lib/jli/libjli.so
7fd0907c3000-7fd0907c4000 rw-p 00010000 08:05 660850                     /usr/lib/jvm/java-11-openjdk-amd64/lib/jli/libjli.so
7fd0907c4000-7fd0907eb000 r-xp 00000000 08:05 6296562                    /lib/x86_64-linux-gnu/ld-2.27.so
7fd090889000-7fd0908cb000 rw-p 00000000 00:00 0 
7fd0908cb000-7fd0908cf000 ---p 00000000 00:00 0 
7fd0908cf000-7fd0909ce000 rw-p 00000000 00:00 0 
7fd0909d1000-7fd0909d6000 rw-p 00000000 00:00 0 
7fd0909d6000-7fd0909dd000 ---p 00000000 00:00 0 
7fd0909dd000-7fd0909df000 r--s 00007000 08:05 1055455                    /usr/share/java/java-atk-wrapper.jar
7fd0909df000-7fd0909e7000 rw-s 00000000 08:05 2625121                    /tmp/hsperfdata_fatemeh/427
7fd0909e7000-7fd0909e8000 ---p 00000000 00:00 0 
7fd0909e8000-7fd0909e9000 r--p 00000000 00:00 0 
7fd0909e9000-7fd0909eb000 rw-p 00000000 00:00 0 
7fd0909eb000-7fd0909ec000 r--p 00027000 08:05 6296562                    /lib/x86_64-linux-gnu/ld-2.27.so
7fd0909ec000-7fd0909ed000 rw-p 00028000 08:05 6296562                    /lib/x86_64-linux-gnu/ld-2.27.so
7fd0909ed000-7fd0909ee000 rw-p 00000000 00:00 0 
7fffcc111000-7fffcc133000 rw-p 00000000 00:00 0                          [stack]
7fffcc156000-7fffcc159000 r--p 00000000 00:00 0                          [vvar]
7fffcc159000-7fffcc15a000 r-xp 00000000 00:00 0                          [vdso]
ffffffffff600000-ffffffffff601000 r-xp 00000000 00:00 0                  [vsyscall]


VM Arguments:
jvm_args: -Dant.home=/home/fatemeh/.p2/pool/plugins/org.apache.ant_1.10.5.v20190526-1402 -Dant.library.dir=/home/fatemeh/.p2/pool/plugins/org.apache.ant_1.10.5.v20190526-1402/lib -Djava.library.path=/usr/java/packages/lib:/usr/lib/x86_64-linux-gnu/jni:/lib/x86_64-linux-gnu:/usr/lib/x86_64-linux-gnu:/usr/lib/jni:/lib:/usr/lib:/home/fatemeh/eclipse/java-2019-06/eclipse/configuration/org.eclipse.osgi/371/0/.cp -Dfile.encoding=UTF-8 
java_command: org.eclipse.ant.internal.launching.remote.InternalAntRunner -Dorg.eclipse.ant.core.ANT_PROCESS_ID=1571756576181 -Declipse.connect.port=41421 -Dant.home=/home/fatemeh/.p2/pool/plugins/org.apache.ant_1.10.5.v20190526-1402 -logger org.eclipse.ant.internal.launching.remote.logger.RemoteAntBuildLogger -inputhandler org.eclipse.ant.internal.ui.antsupport.inputhandler.ProxyInputHandler -buildfile /home/fatemeh/EDC/aagaTME3/build.xml compile run
java_class_path (initial): /home/fatemeh/.p2/pool/plugins/org.apache.ant_1.10.5.v20190526-1402/lib/ant-antlr.jar:/home/fatemeh/.p2/pool/plugins/org.apache.ant_1.10.5.v20190526-1402/lib/ant-apache-bcel.jar:/home/fatemeh/.p2/pool/plugins/org.apache.ant_1.10.5.v20190526-1402/lib/ant-apache-bsf.jar:/home/fatemeh/.p2/pool/plugins/org.apache.ant_1.10.5.v20190526-1402/lib/ant-apache-log4j.jar:/home/fatemeh/.p2/pool/plugins/org.apache.ant_1.10.5.v20190526-1402/lib/ant-apache-oro.jar:/home/fatemeh/.p2/pool/plugins/org.apache.ant_1.10.5.v20190526-1402/lib/ant-apache-regexp.jar:/home/fatemeh/.p2/pool/plugins/org.apache.ant_1.10.5.v20190526-1402/lib/ant-apache-resolver.jar:/home/fatemeh/.p2/pool/plugins/org.apache.ant_1.10.5.v20190526-1402/lib/ant-apache-xalan2.jar:/home/fatemeh/.p2/pool/plugins/org.apache.ant_1.10.5.v20190526-1402/lib/ant-commons-logging.jar:/home/fatemeh/.p2/pool/plugins/org.apache.ant_1.10.5.v20190526-1402/lib/ant-commons-net.jar:/home/fatemeh/.p2/pool/plugins/org.apache.ant_1.10.5.v20190526-1402/lib/ant-jai.jar:/home/fatemeh/.p2/pool/plugins/org.apache.ant_1.10.5.v20190526-1402/lib/ant-javamail.jar:/home/fatemeh/.p2/pool/plugins/org.apache.ant_1.10.5.v20190526-1402/lib/ant-jdepend.jar:/home/fatemeh/.p2/pool/plugins/org.apache.ant_1.10.5.v20190526-1402/lib/ant-jmf.jar:/home/fatemeh/.p2/pool/plugins/org.apache.ant_1.10.5.v20190526-1402/lib/ant-jsch.jar:/home/fatemeh/.p2/pool/plugins/org.apache.ant_1.10.5.v20190526-1402/lib/ant-junit.jar:/home/fatemeh/.p2/pool/plugins/org.apache.ant_1.10.5.v20190526-1402/lib/ant-junit4.jar:/home/fatemeh/.p2/pool/plugins/org.apache.ant_1.10.5.v20190526-1402/lib/ant-junitlauncher.jar:/home/fatemeh/.p2/pool/plugins/org.apache.ant_1.10.5.v20190526-1402/lib/ant-launcher.jar:/home/fatemeh/.p2/pool/plugins/org.apache.ant_1.10.5.v20190526-1402/lib/ant-netrexx.jar:/home/fatemeh/.p2/pool/plugins/org.apache.ant_1.10.5.v20190526-1402/lib/ant-swing.jar:/home/fatemeh/.p2/pool/plugins/org.apache.ant_1.10.5.v20190526-1402/lib/ant-testutil.j
Launcher Type: SUN_STANDARD

[Global flags]
     intx CICompilerCount                          = 3                                         {product} {ergonomic}
     uint ConcGCThreads                            = 1                                         {product} {ergonomic}
     uint G1ConcRefinementThreads                  = 4                                         {product} {ergonomic}
   size_t G1HeapRegionSize                         = 1048576                                   {product} {ergonomic}
    uintx GCDrainStackTargetSize                   = 64                                        {product} {ergonomic}
   size_t InitialHeapSize                          = 130023424                                 {product} {ergonomic}
   size_t MarkStackSize                            = 4194304                                   {product} {ergonomic}
   size_t MaxHeapSize                              = 2063597568                                {product} {ergonomic}
   size_t MinHeapDeltaBytes                        = 1048576                                   {product} {ergonomic}
    uintx NonNMethodCodeHeapSize                   = 5830092                                {pd product} {ergonomic}
    uintx NonProfiledCodeHeapSize                  = 122914074                              {pd product} {ergonomic}
    uintx ProfiledCodeHeapSize                     = 122914074                              {pd product} {ergonomic}
    uintx ReservedCodeCacheSize                    = 251658240                              {pd product} {ergonomic}
     bool SegmentedCodeCache                       = true                                      {product} {ergonomic}
     bool UseCompressedClassPointers               = true                                 {lp64_product} {ergonomic}
     bool UseCompressedOops                        = true                                 {lp64_product} {ergonomic}
     bool UseG1GC                                  = true                                      {product} {ergonomic}

Logging:
Log output configuration:
 #0: stdout all=warning uptime,level,tags
 #1: stderr all=off uptime,level,tags

Environment Variables:
PATH=/usr/local/sbin:/usr/local/bin:/usr/sbin:/usr/bin:/sbin:/bin:/usr/games:/usr/local/games:/snap/bin
SHELL=/bin/bash
DISPLAY=:0

Signal Handlers:
SIGSEGV: [libjvm.so+0xde5f50], sa_mask[0]=11111111011111111101111111111110, sa_flags=SA_RESTART|SA_SIGINFO
SIGBUS: [libjvm.so+0xde5f50], sa_mask[0]=11111111011111111101111111111110, sa_flags=SA_RESTART|SA_SIGINFO
SIGFPE: [libjvm.so+0xde5f50], sa_mask[0]=11111111011111111101111111111110, sa_flags=SA_RESTART|SA_SIGINFO
SIGPIPE: [libjvm.so+0xbba5b0], sa_mask[0]=11111111011111111101111111111110, sa_flags=SA_RESTART|SA_SIGINFO
SIGXFSZ: [libjvm.so+0xbba5b0], sa_mask[0]=11111111011111111101111111111110, sa_flags=SA_RESTART|SA_SIGINFO
SIGILL: [libjvm.so+0xde5f50], sa_mask[0]=11111111011111111101111111111110, sa_flags=SA_RESTART|SA_SIGINFO
SIGUSR2: [libjvm.so+0xbba450], sa_mask[0]=00100000000000000000000000000000, sa_flags=SA_RESTART|SA_SIGINFO
SIGHUP: SIG_DFL, sa_mask[0]=00000000000000000000000000000000, sa_flags=none
SIGINT: SIG_DFL, sa_mask[0]=00000000000000000000000000000000, sa_flags=none
SIGTERM: SIG_DFL, sa_mask[0]=00000000000000000000000000000000, sa_flags=none
SIGQUIT: SIG_DFL, sa_mask[0]=00000000000000000000000000000000, sa_flags=none


---------------  S Y S T E M  ---------------

OS:DISTRIB_ID=Ubuntu
DISTRIB_RELEASE=18.04
DISTRIB_CODENAME=bionic
DISTRIB_DESCRIPTION="Ubuntu 18.04.3 LTS"
uname:Linux 5.0.0-29-generic #31~18.04.1-Ubuntu SMP Thu Sep 12 18:29:21 UTC 2019 x86_64
libc:glibc 2.27 NPTL 2.27 
rlimit: STACK 8192k, CORE 0k, NPROC 31284, NOFILE 1048576, AS infinity, DATA infinity, FSIZE infinity
load average:0.87 1.37 1.31

/proc/meminfo:
MemTotal:        8056592 kB
MemFree:          118516 kB
MemAvailable:      30736 kB
Buffers:            2232 kB
Cached:          1132556 kB
SwapCached:         4820 kB
Active:          6612816 kB
Inactive:         845644 kB
Active(anon):    6592388 kB
Inactive(anon):   824084 kB
Active(file):      20428 kB
Inactive(file):    21560 kB
Unevictable:       79544 kB
Mlocked:             112 kB
SwapTotal:       2097148 kB
SwapFree:              0 kB
Dirty:               336 kB
Writeback:             0 kB
AnonPages:       6399464 kB
Mapped:           169904 kB
Shmem:           1092028 kB
KReclaimable:      62880 kB
Slab:             162280 kB
SReclaimable:      62880 kB
SUnreclaim:        99400 kB
KernelStack:       22896 kB
PageTables:       115968 kB
NFS_Unstable:          0 kB
Bounce:                0 kB
WritebackTmp:          0 kB
CommitLimit:     6125444 kB
Committed_AS:   21233332 kB
VmallocTotal:   34359738367 kB
VmallocUsed:           0 kB
VmallocChunk:          0 kB
Percpu:             1168 kB
HardwareCorrupted:     0 kB
AnonHugePages:         0 kB
ShmemHugePages:        0 kB
ShmemPmdMapped:        0 kB
CmaTotal:              0 kB
CmaFree:               0 kB
HugePages_Total:       0
HugePages_Free:        0
HugePages_Rsvd:        0
HugePages_Surp:        0
Hugepagesize:       2048 kB
Hugetlb:               0 kB
DirectMap4k:      601684 kB
DirectMap2M:     7677952 kB
DirectMap1G:           0 kB


/proc/sys/kernel/threads-max (system-wide limit on the number of threads):
62568


/proc/sys/vm/max_map_count (maximum number of memory map areas a process may have):
65530


/proc/sys/kernel/pid_max (system-wide limit on number of process identifiers):
32768



container (cgroup) information:
container_type: cgroupv1
cpu_cpuset_cpus: 0-3
cpu_memory_nodes: 0
active_processor_count: 4
cpu_quota: -1
cpu_period: 100000
cpu_shares: -1
memory_limit_in_bytes: -1
memory_and_swap_limit_in_bytes: -2
memory_soft_limit_in_bytes: -1
memory_usage_in_bytes: 7719841792
memory_max_usage_in_bytes: 10593505280

Steal ticks since vm start: 0
Steal ticks percentage since vm start:  0.000

CPU:total 4 (initial active 4) (2 cores per cpu, 2 threads per core) family 6 model 78 stepping 3, cmov, cx8, fxsr, mmx, sse, sse2, sse3, ssse3, sse4.1, sse4.2, popcnt, avx, avx2, aes, clmul, erms, 3dnowpref, lzcnt, ht, tsc, tscinvbit, bmi1, bmi2, adx, fma
CPU Model and flags from /proc/cpuinfo:
model name	: Intel(R) Core(TM) i7-6500U CPU @ 2.50GHz
flags		: fpu vme de pse tsc msr pae mce cx8 apic sep mtrr pge mca cmov pat pse36 clflush dts acpi mmx fxsr sse sse2 ss ht tm pbe syscall nx pdpe1gb rdtscp lm constant_tsc art arch_perfmon pebs bts rep_good nopl xtopology nonstop_tsc cpuid aperfmperf tsc_known_freq pni pclmulqdq dtes64 monitor ds_cpl vmx est tm2 ssse3 sdbg fma cx16 xtpr pdcm pcid sse4_1 sse4_2 x2apic movbe popcnt tsc_deadline_timer aes xsave avx f16c rdrand lahf_lm abm 3dnowprefetch cpuid_fault epb invpcid_single pti ssbd ibrs ibpb stibp tpr_shadow vnmi flexpriority ept vpid ept_ad fsgsbase tsc_adjust bmi1 avx2 smep bmi2 erms invpcid mpx rdseed adx smap clflushopt intel_pt xsaveopt xsavec xgetbv1 xsaves dtherm ida arat pln pts hwp hwp_notify hwp_act_window hwp_epp md_clear flush_l1d

Memory: 4k page, physical 8056592k(118516k free), swap 2097148k(0k free)

vm_info: OpenJDK 64-Bit Server VM (11.0.4+11-post-Ubuntu-1ubuntu218.04.3) for linux-amd64 JRE (11.0.4+11-post-Ubuntu-1ubuntu218.04.3), built on Jul 18 2019 18:21:46 by "buildd" with gcc 7.4.0

END.
